#
# A fatal error has been detected by the Java Runtime Environment:
#
#  EXCEPTION_ACCESS_VIOLATION (0xc0000005) at pc=0x00007ff9ac59e5d4, pid=9388, tid=12404
#
# JRE version: OpenJDK Runtime Environment Temurin-17.0.3+7 (17.0.3+7) (build 17.0.3+7)
# Java VM: OpenJDK 64-Bit Server VM Temurin-17.0.3+7 (17.0.3+7, mixed mode, tiered, compressed oops, compressed class ptrs, parallel gc, windows-amd64)
# Problematic frame:
# V  [jvm.dll+0x11e5d4]
#
# No core dump will be written. Minidumps are not enabled by default on client versions of Windows
#
# If you would like to submit a bug report, please visit:
#   https://github.com/adoptium/adoptium-support/issues
#

---------------  S U M M A R Y ------------

Command Line: --add-modules=ALL-SYSTEM --add-opens=java.base/java.util=ALL-UNNAMED --add-opens=java.base/java.lang=ALL-UNNAMED --add-opens=java.base/sun.nio.fs=ALL-UNNAMED -Declipse.application=org.eclipse.jdt.ls.core.id1 -Dosgi.bundles.defaultStartLevel=4 -Declipse.product=org.eclipse.jdt.ls.core.product -Djava.import.generatesMetadataFilesAtProjectRoot=false -Dfile.encoding=utf8 -DwatchParentProcess=false -XX:+UseParallelGC -XX:GCTimeRatio=4 -XX:AdaptiveSizePolicyWeight=90 -Dsun.zip.disableMemoryMapping=true -Xmx1G -Xms100m -XX:+HeapDumpOnOutOfMemoryError -XX:HeapDumpPath=c:\Users\kls_k\AppData\Roaming\Code\User\workspaceStorage\9925e9395bdde4d34c50d8805010aa17\redhat.java c:\Users\kls_k\.vscode\extensions\redhat.java-1.7.0-win32-x64\server\plugins\org.eclipse.equinox.launcher_1.6.400.v20210924-0641.jar -configuration c:\Users\kls_k\AppData\Roaming\Code\User\globalStorage\redhat.java\1.7.0\config_win -data c:\Users\kls_k\AppData\Roaming\Code\User\workspaceStorage\9925e9395bdde4d34c50d8805010aa17\redhat.java\jdt_ws

Host: 11th Gen Intel(R) Core(TM) i7-1165G7 @ 2.80GHz, 8 cores, 15G,  Windows 11 , 64 bit Build 22000 (10.0.22000.708)
Time: Sun Jun 19 18:26:02 2022 Paris, Madrid (heure duild 22000 (10.0.22000.708) elapsed time: 57.239418 seconds (0d 0h 0m 57s)

---------------  T H R E A D  ---------------

Current thread (0x00000172f98f4070):  JavaThread "C2 CompilerThread1" daemon [_thread_in_native, id=12404, stack(0x0000000856d00000,0x0000000856e00000)]


Current CompileTask:
C2:  57239 9151   !   4       org.eclipse.jdt.internal.core.NameLookup::seekTypesInBinaryPackage (393 bytes)

Stack: [0x0000000856d00000,0x0000000856e00000],  sp=0x0000000856dfbfe0,  free space=1007k
Native frames: (J=compiled Java code, j=interpreted, Vv=VM code, C=native code)
V  [jvm.dll+0x11e5d4]
V  [jvm.dll+0x11de75]
V  [jvm.dll+0x218312]
V  [jvm.dll+0x217781]
V  [jvm.dll+0x1a3ccd]
V  [jvm.dll+0x227178]
V  [jvm.dll+0x2252bc]
V  [jvm.dll+0x7e673b]
V  [jvm.dll+0x7e0cfa]
V  [jvm.dll+0x674d85]
C  [ucrtbase.dll+0x26c0c]
C  [KERNEL32.DLL+0x154e0]
C  [ntdll.dll+0x485b]


siginfo: EXCEPTION_ACCESS_VIOLATION (0xc0000005), reading address 0x0000000000000018


Register to memory mapping:

RIP=0x00007ff9ac59e5d4 jvm.dll
RAX=0x00000172fed40990 points into unknown readable memory: 0x00000172fed40890 | 90 08 d4 fe 72 01 00 00
RBX=0x000000000000018e is an unknown value
RCX=0x0 is NULL
RDX=0x00000000000006b7 is an unknown value
RSP=0x0000000856dfbfe0 is pointing into the stack for thread: 0x00000172f98f4070
RBP=0x0000000000000001 is an unknown value
RSI=0x00000172fed40900 points into unknown readable memory: 0x00007ff9acd98530 | 30 85 d9 ac f9 7f 00 00
RDI=0x00000172fed40890 points into unknown readable memory: 0x00007ff9acd93618 | 18 36 d9 ac f9 7f 00 00
R8 =0x00000172fed40900 points into unknown readable memory: 0x00007ff9acd98530 | 30 85 d9 ac f9 7f 00 00
R9 =0x0 is NULL
R10=0x00000172feaeee58 points into unknown readable memory: 0x00000172feaebb60 | 60 bb ae fe 72 01 00 00
R11=0x00000172fed40990 points into unknown readable memory: 0x00000172fed40890 | 90 08 d4 fe 72 01 00 00
R12=0x0000000000000003 is an unknown value
R13=0x0000000856dfc1d0 is pointing into the stack for thread: 0x00000172f98f4070
R14=0x00000172feaece50 points into unknown readable memory: 0x00007ff9acd604e8 | e8 04 d6 ac f9 7f 00 00
R15=0x0 is NULL


Registers:
RAX=0x00000172fed40990, RBX=0x000000000000018e, RCX=0x0000000000000000, RDX=0x00000000000006b7
RSP=0x0000000856dfbfe0, RBP=0x0000000000000001, RSI=0x00000172fed40900, RDI=0x00000172fed40890
R8 =0x00000172fed40900, R9 =0x0000000000000000, R10=0x00000172feaeee58, R11=0x00000172fed40990
R12=0x0000000000000003, R13=0x0000000856dfc1d0, R14=0x00000172feaece50, R15=0x0000000000000000
RIP=0x00007ff9ac59e5d4, EFLAGS=0x0000000000010293

Top of Stack: (sp=0x0000000856dfbfe0)
0x0000000856dfbfe0:   0000000856dfee30 00000172fed40900
0x0000000856dfbff0:   00000172fed40900 00000172fed40890
0x0000000856dfc000:   0000017299ddd420 0000000000000000
0x0000000856dfc010:   00000172ff0444f0 00000172ff055c50
0x0000000856dfc020:   00000172ff0419c0 000001729ac5ebe0
0x0000000856dfc030:   0000000000000200 00000172fcdbe2b0
0x0000000856dfc040:   0000017200000200 000001729ac5ebe0
0x0000000856dfc050:   00000172fc733dd0 0000000856dfc3e0
0x0000000856dfc060:   000001729ac5ebe0 00000172fc73bdb8
0x0000000856dfc070:   00000172fc73b940 0000000856dfc1d0
0x0000000856dfc080:   000001729a62e628 00007ff9ac59de75
0x0000000856dfc090:   000001720000018e 00000172fe959790
0x0000000856dfc0a0:   00000172fe959790 0000000000000001
0x0000000856dfc0b0:   0000000000000000 0000000000000020
0x0000000856dfc0c0:   00000172f1a0ed60 0000000000000000
0x0000000856dfc0d0:   00000172fe9597e0 00007ff9ac698312 

Instructions: (pc=0x00007ff9ac59e5d4)
0x00007ff9ac59e4d4:   00 00 49 8b 5d 48 45 8d 47 04 4c 89 78 08 48 8d
0x00007ff9ac59e4e4:   4e 10 48 8d 05 43 a0 7f 00 48 8b d3 48 89 06 e8
0x00007ff9ac59e4f4:   88 f3 ff ff 48 8d 4e 30 44 89 7e 28 48 8b d3 e8
0x00007ff9ac59e504:   68 f2 ff ff 8b 5e 28 4c 89 7e 48 4c 89 7e 58 4c
0x00007ff9ac59e514:   89 7e 60 8d 43 01 44 89 7e 6c 89 46 28 48 c7 46
0x00007ff9ac59e524:   70 01 00 00 00 48 c7 46 78 01 00 00 00 44 89 be
0x00007ff9ac59e534:   80 00 00 00 c7 86 84 00 00 00 3f 42 0f 00 44 88
0x00007ff9ac59e544:   be 88 00 00 00 44 89 be 8c 00 00 00 3b 5e 18 72
0x00007ff9ac59e554:   0b 8b d3 48 8d 4e 10 e8 20 50 53 00 48 8b 46 20
0x00007ff9ac59e564:   48 89 3c d8 eb 03 49 8b f7 8b 57 28 49 8d 4d 68
0x00007ff9ac59e574:   4c 8b c6 e8 d4 1e 00 00 41 8b 56 28 49 8d 4d 68
0x00007ff9ac59e584:   4c 8b c6 e8 c4 1e 00 00 4c 3b f7 74 21 8b 6e 28
0x00007ff9ac59e594:   8d 45 01 89 46 28 3b 6e 18 72 0b 8b d5 48 8d 4e
0x00007ff9ac59e5a4:   10 e8 d6 4f 53 00 48 8b 46 20 4c 89 34 e8 8b 9c
0x00007ff9ac59e5b4:   24 b0 00 00 00 ff c3 83 7e 18 00 89 9c 24 b0 00
0x00007ff9ac59e5c4:   00 00 76 09 48 8b 46 20 48 8b 08 eb 03 49 8b cf
0x00007ff9ac59e5d4:   44 8b 79 18 41 8d 6f ff 85 ed 0f 8e ad 02 00 00
0x00007ff9ac59e5e4:   48 63 c5 4c 8d 34 c5 00 00 00 00 90 48 8b 47 08
0x00007ff9ac59e5f4:   49 8b 1c 06 41 83 ff 02 0f 86 11 01 00 00 48 8b
0x00007ff9ac59e604:   03 48 8b cb ff 50 20 48 3b c3 0f 84 ff 00 00 00
0x00007ff9ac59e614:   49 8b 8d 98 00 00 00 e8 60 3b 53 00 48 8b f0 4c
0x00007ff9ac59e624:   8b 48 08 49 8b 09 48 85 c9 74 27 4c 8b 41 10 4d
0x00007ff9ac59e634:   85 c0 74 1e 8b 41 20 49 8d 14 c0 90 48 39 72 f8
0x00007ff9ac59e644:   48 8d 52 f8 75 f6 ff c8 89 41 20 49 8b 0c c0 48
0x00007ff9ac59e654:   89 0a 49 89 19 48 8b 4b 10 48 85 c9 74 20 8b 43
0x00007ff9ac59e664:   20 3b 43 24 75 11 8b d0 48 8b cb e8 bc 5f 53 00
0x00007ff9ac59e674:   8b 43 20 48 8b 4b 10 48 89 34 c1 ff 43 20 65 48
0x00007ff9ac59e684:   8b 04 25 58 00 00 00 4a 8b 1c e0 b8 50 00 00 00
0x00007ff9ac59e694:   80 3c 18 00 75 05 e8 bd d9 76 00 4c 8b 4f 08 4b
0x00007ff9ac59e6a4:   8b 0c 0e 48 85 c9 74 2a 4c 8b 41 10 4d 85 c0 74
0x00007ff9ac59e6b4:   21 8b 41 20 49 8d 14 c0 0f 1f 40 00 48 39 7a f8
0x00007ff9ac59e6c4:   48 8d 52 f8 75 f6 ff c8 89 41 20 49 8b 0c c0 48 


Stack slot to memory mapping:
stack at sp + 0 slots: 0x0000000856dfee30 is pointing into the stack for thread: 0x00000172f98f4070
stack at sp + 1 slots: 0x00000172fed40900 points into unknown readable memory: 0x00007ff9acd98530 | 30 85 d9 ac f9 7f 00 00
stack at sp + 2 slots: 0x00000172fed40900 points into unknown readable memory: 0x00007ff9acd98530 | 30 85 d9 ac f9 7f 00 00
stack at sp + 3 slots: 0x00000172fed40890 points into unknown readable memory: 0x00007ff9acd93618 | 18 36 d9 ac f9 7f 00 00
stack at sp + 4 slots: 0x0000017299ddd420 points into unknown readable memory: 0x00007ff90000012c | 2c 01 00 00 f9 7f 00 00
stack at sp + 5 slots: 0x0 is NULL
stack at sp + 6 slots: 0x00000172ff0444f0 points into unknown readable memory: 0x00000172fed40730 | 30 07 d4 fe 72 01 00 00
stack at sp + 7 slots: 0x00000172ff055c50 points into unknown readable memory: 0x00000172fcadff10 | 10 ff ad fc 72 01 00 00


---------------  P R O C E S S  ---------------

Threads class SMR info:
_java_thread_list=0x0000017299fa8fc0, length=34, elements={
0x00000172f1934e10, 0x00000172f67b8930, 0x00000172f67b94e0, 0x00000172f8d1af30,
0x00000172f8d1b9f0, 0x00000172f8d1c5a0, 0x00000172f8d1ef60, 0x00000172f8d1fcf0,
0x00000172f8d20790, 0x00000172f8d33010, 0x00000172f8e45370, 0x00000172f8fc08d0,
0x00000172f9645a40, 0x00000172f9622fe0, 0x00000172f99af550, 0x00000172f968ebf0,
0x00000172fa6e04e0, 0x00000172fa76d750, 0x00000172fa6d27e0, 0x00000172fa6d1e40,
0x00000172fa6d4e60, 0x00000172fa6d3180, 0x00000172fa6d4990, 0x00000172fa6d14a0,
0x00000172fa6d1970, 0x00000172fa6d3650, 0x00000172fa6d3b20, 0x00000172fa6d3ff0,
0x000001729a8d42c0, 0x000001729a8d4790, 0x000001729a8d6940, 0x000001729a8d4c60,
0x00000172f98f4070, 0x00000172f98f6e00
}

Java Threads: ( => current thread )
  0x00000172f1934e10 JavaThread "main" [_thread_blocked, id=13804, stack(0x0000000855200000,0x0000000855300000)]
  0x00000172f67b8930 JavaThread "Reference Handler" daemon [_thread_blocked, id=18064, stack(0x0000000855500000,0x0000000855600000)]
  0x00000172f67b94e0 JavaThread "Finalizer" daemon [_thread_blocked, id=17988, stack(0x0000000855600000,0x0000000855700000)]
  0x00000172f8d1af30 JavaThread "Signal Dispatcher" daemon [_thread_blocked, id=13096, stack(0x0000000855700000,0x0000000855800000)]
  0x00000172f8d1b9f0 JavaThread "Attach Listener" daemon [_thread_blocked, id=7724, stack(0x0000000855800000,0x0000000855900000)]
  0x00000172f8d1c5a0 JavaThread "Service Thread" daemon [_thread_blocked, id=7632, stack(0x0000000855900000,0x0000000855a00000)]
  0x00000172f8d1ef60 JavaThread "Monitor Deflation Thread" daemon [_thread_blocked, id=10936, stack(0x0000000855a00000,0x0000000855b00000)]
  0x00000172f8d1fcf0 JavaThread "C2 CompilerThread0" daemon [_thread_blocked, id=9964, stack(0x0000000855b00000,0x0000000855c00000)]
  0x00000172f8d20790 JavaThread "C1 CompilerThread0" daemon [_thread_blocked, id=15144, stack(0x0000000855c00000,0x0000000855d00000)]
  0x00000172f8d33010 JavaThread "Sweeper thread" daemon [_thread_blocked, id=15476, stack(0x0000000855d00000,0x0000000855e00000)]
  0x00000172f8e45370 JavaThread "Common-Cleaner" daemon [_thread_blocked, id=13712, stack(0x0000000855e00000,0x0000000855f00000)]
  0x00000172f8fc08d0 JavaThread "Notification Thread" daemon [_thread_blocked, id=1688, stack(0x0000000855f00000,0x0000000856000000)]
  0x00000172f9645a40 JavaThread "Active Thread: Equinox Container: cf17634d-1b52-4fcf-a00d-29bbb5c344c4" [_thread_blocked, id=8320, stack(0x0000000856300000,0x0000000856400000)]
  0x00000172f9622fe0 JavaThread "Framework Event Dispatcher: Equinox Container: cf17634d-1b52-4fcf-a00d-29bbb5c344c4" daemon [_thread_blocked, id=16844, stack(0x0000000856400000,0x0000000856500000)]
  0x00000172f99af550 JavaThread "Start Level: Equinox Container: cf17634d-1b52-4fcf-a00d-29bbb5c344c4" daemon [_thread_blocked, id=16400, stack(0x0000000856500000,0x0000000856600000)]
  0x00000172f968ebf0 JavaThread "SCR Component Actor" daemon [_thread_blocked, id=16100, stack(0x0000000856c00000,0x0000000856d00000)]
  0x00000172fa6e04e0 JavaThread "Bundle File Closer" daemon [_thread_blocked, id=13500, stack(0x0000000856e00000,0x0000000856f00000)]
  0x00000172fa76d750 JavaThread "Worker-JM" [_thread_blocked, id=17072, stack(0x0000000856f00000,0x0000000857000000)]
  0x00000172fa6d27e0 JavaThread "Worker-0" [_thread_blocked, id=13000, stack(0x0000000857100000,0x0000000857200000)]
  0x00000172fa6d1e40 JavaThread "Worker-1" [_thread_blocked, id=18080, stack(0x0000000857200000,0x0000000857300000)]
  0x00000172fa6d4e60 JavaThread "Worker-2" [_thread_blocked, id=17600, stack(0x0000000857300000,0x0000000857400000)]
  0x00000172fa6d3180 JavaThread "Java indexing" daemon [_thread_blocked, id=11172, stack(0x0000000857400000,0x0000000857500000)]
  0x00000172fa6d4990 JavaThread "pool-1-thread-1" [_thread_in_native, id=14280, stack(0x0000000857500000,0x0000000857600000)]
  0x00000172fa6d14a0 JavaThread "Worker-3" [_thread_blocked, id=13528, stack(0x0000000857600000,0x0000000857700000)]
  0x00000172fa6d1970 JavaThread "ForkJoinPool.commonPool-worker-1" daemon [_thread_blocked, id=16556, stack(0x0000000857700000,0x0000000857800000)]
  0x00000172fa6d3650 JavaThread "ForkJoinPool.commonPool-worker-2" daemon [_thread_blocked, id=13152, stack(0x0000000857800000,0x0000000857900000)]
  0x00000172fa6d3b20 JavaThread "ForkJoinPool.commonPool-worker-3" daemon [_thread_blocked, id=9176, stack(0x0000000857900000,0x0000000857a00000)]
  0x00000172fa6d3ff0 JavaThread "ForkJoinPool.commonPool-worker-4" daemon [_thread_blocked, id=16800, stack(0x0000000857a00000,0x0000000857b00000)]
  0x000001729a8d42c0 JavaThread "ForkJoinPool.commonPool-worker-5" daemon [_thread_blocked, id=13160, stack(0x0000000857c00000,0x0000000857d00000)]
  0x000001729a8d4790 JavaThread "Worker-4" [_thread_blocked, id=14104, stack(0x0000000857b00000,0x0000000857c00000)]
  0x000001729a8d6940 JavaThread "ForkJoinPool.commonPool-worker-6" daemon [_thread_blocked, id=11520, stack(0x0000000857e00000,0x0000000857f00000)]
  0x000001729a8d4c60 JavaThread "ForkJoinPool.commonPool-worker-7" daemon [_thread_blocked, id=9840, stack(0x0000000857f00000,0x0000000858000000)]
=>0x00000172f98f4070 JavaThread "C2 CompilerThread1" daemon [_thread_in_native, id=12404, stack(0x0000000856d00000,0x0000000856e00000)]
  0x00000172f98f6e00 JavaThread "C2 CompilerThread2" daemon [_thread_blocked, id=18088, stack(0x0000000857d00000,0x0000000857e00000)]

Other Threads:
  0x00000172f67b1630 VMThread "VM Thread" [stack: 0x0000000855400000,0x0000000855500000] [id=1840]
  0x00000172f8fc0da0 WatcherThread [stack: 0x0000000856000000,0x0000000856100000] [id=7112]
  0x00000172f194cb50 GCTaskThread "GC Thread#0" [stack: 0x0000000855300000,0x0000000855400000] [id=18340]
  0x00000172f93eba40 GCTaskThread "GC Thread#1" [stack: 0x0000000856600000,0x0000000856700000] [id=4732]
  0x00000172f99affe0 GCTaskThread "GC Thread#2" [stack: 0x0000000856700000,0x0000000856800000] [id=5504]
  0x00000172f99b0290 GCTaskThread "GC Thread#3" [stack: 0x0000000856800000,0x0000000856900000] [id=9064]
  0x00000172ef799970 GCTaskThread "GC Thread#4" [stack: 0x0000000856900000,0x0000000856a00000] [id=13836]
  0x00000172f9623750 GCTaskThread "GC Thread#5" [stack: 0x0000000856a00000,0x0000000856b00000] [id=11772]
  0x00000172fa4d2e20 GCTaskThread "GC Thread#6" [stack: 0x0000000856b00000,0x0000000856c00000] [id=11276]
  0x00000172fa9c2330 GCTaskThread "GC Thread#7" [stack: 0x0000000857000000,0x0000000857100000] [id=9260]

Threads with active compile tasks:
C2 CompilerThread1    57266 9151   !   4       org.eclipse.jdt.internal.core.NameLookup::seekTypesInBinaryPackage (393 bytes)

VM state: not at safepoint (normal execution)

VM Mutex/Monitor currently owned by a thread: None

Heap address: 0x00000000c0000000, size: 1024 MB, Compressed Oops mode: 32-bit

CDS archive(s) not mapped
Compressed class space mapped at: 0x0000000100000000-0x0000000140000000, reserved size: 1073741824
Narrow klass base: 0x0000000000000000, Narrow klass shift: 3, Narrow klass range: 0x140000000

GC Precious Log:
 CPUs: 8 total, 8 available
 Memory: 16106M
 Large Page Support: Disabled
 NUMA Support: Disabled
 Compressed Oops: Enabled (32-bit)
 Alignments: Space 512K, Generation 512K, Heap 2M
 Heap Min Capacity: 100M
 Heap Initial Capacity: 100M
 Heap Max Capacity: 1G
 Pre-touch: Disabled
 Parallel Workers: 8

Heap:
 PSYoungGen      total 5632K, used 4450K [0x00000000eab00000, 0x00000000eb400000, 0x0000000100000000)
  eden space 3584K, 67% used [0x00000000eab00000,0x00000000ead58bc8,0x00000000eae80000)
  from space 2048K, 100% used [0x00000000eb100000,0x00000000eb300000,0x00000000eb300000)
  to   space 2560K, 0% used [0x00000000eae80000,0x00000000eae80000,0x00000000eb100000)
 ParOldGen       total 120832K, used 96002K [0x00000000c0000000, 0x00000000c7600000, 0x00000000eab00000)
  object space 120832K, 79% used [0x00000000c0000000,0x00000000c5dc0a60,0x00000000c7600000)
 Metaspace       used 64038K, committed 65088K, reserved 1114112K
  class space    used 6583K, committed 7040K, reserved 1048576K

Card table byte_map: [0x00000172f12f0000,0x00000172f1500000] _byte_map_base: 0x00000172f0cf0000

Marking Bits: (ParMarkBitMap*) 0x00007ff9ad004b80
 Begin Bits: [0x00000172f45c0000, 0x00000172f55c0000)
 End Bits:   [0x00000172f55c0000, 0x00000172f65c0000)

Polling page: 0x00000172ef690000

Metaspace:

Usage:
  Non-class:     56.11 MB used.
      Class:      6.43 MB used.
       Both:     62.54 MB used.

Virtual space:
  Non-class space:       64.00 MB reserved,      56.69 MB ( 89%) committed,  8 nodes.
      Class space:        1.00 GB reserved,       6.88 MB ( <1%) committed,  1 nodes.
             Both:        1.06 GB reserved,      63.56 MB (  6%) committed. 

Chunk freelists:
   Non-Class:  2.53 MB
       Class:  1009.00 KB
        Both:  3.52 MB

MaxMetaspaceSize: unlimited
CompressedClassSpaceSize: 1.00 GB
Initial GC threshold: 21.00 MB
Current GC threshold: 105.25 MB
CDS: off
MetaspaceReclaimPolicy: balanced
 - commit_granule_bytes: 65536.
 - commit_granule_words: 8192.
 - virtual_space_node_default_size: 1048576.
 - enlarge_chunks_in_place: 1.
 - new_chunks_are_fully_committed: 0.
 - uncommit_free_chunks: 1.
 - use_allocation_guard: 0.
 - handle_deallocations: 1.


Internal statistics:

num_allocs_failed_limit: 9.
num_arena_births: 494.
num_arena_deaths: 0.
num_vsnodes_births: 9.
num_vsnodes_deaths: 0.
num_space_committed: 1017.
num_space_uncommitted: 0.
num_chunks_returned_to_freelist: 9.
num_chunks_taken_from_freelist: 2943.
num_chunk_merges: 9.
num_chunk_splits: 1901.
num_chunks_enlarged: 1187.
num_purges: 0.
num_inconsistent_stats: 0.

CodeHeap 'non-profiled nmethods': size=120000Kb used=5207Kb max_used=5224Kb free=114792Kb
 bounds [0x0000017287ad0000, 0x0000017287ff0000, 0x000001728f000000]
CodeHeap 'profiled nmethods': size=120000Kb used=15778Kb max_used=17000Kb free=104221Kb
 bounds [0x00000172805a0000, 0x0000017281640000, 0x0000017287ad0000]
CodeHeap 'non-nmethods': size=5760Kb used=1358Kb max_used=1434Kb free=4402Kb
 bounds [0x0000017280000000, 0x0000017280270000, 0x00000172805a0000]
 total_blobs=8405 nmethods=7718 adapters=599
 compilation: enabled
              stopped_count=0, restarted_count=0
 full_count=0

Compilation events (20 events):
Event: 57.139 Thread 0x00000172f8d20790 9159       1       java.lang.Thread::getId (5 bytes)
Event: 57.139 Thread 0x00000172f8d20790 nmethod 9159 0x0000017287b1f710 code [0x0000017287b1f8a0, 0x0000017287b1f978]
Event: 57.140 Thread 0x00000172f8d1fcf0 9160       4       java.net.URI::quote (214 bytes)
Event: 57.140 Thread 0x00000172f8d20790 9161       3       java.util.regex.Pattern::compile (500 bytes)
Event: 57.142 Thread 0x00000172f8d20790 nmethod 9161 0x0000017280bd3a90 code [0x0000017280bd3ee0, 0x0000017280bd6688]
Event: 57.142 Thread 0x00000172f8d20790 9162       3       java.util.regex.Pattern::atom (422 bytes)
Event: 57.143 Thread 0x00000172f8d20790 nmethod 9162 0x0000017280dd8210 code [0x0000017280dd8580, 0x0000017280dd9cc8]
Event: 57.143 Thread 0x00000172f8d20790 9163   !   3       org.eclipse.jdt.internal.core.Openable::exists (114 bytes)
Event: 57.143 Thread 0x00000172f98f6e00 nmethod 9158 0x0000017287cd4490 code [0x0000017287cd4660, 0x0000017287cd4fd8]
Event: 57.143 Thread 0x00000172f8d20790 nmethod 9163 0x0000017280799790 code [0x0000017280799ac0, 0x000001728079b518]
Event: 57.143 Thread 0x00000172f8d20790 9164       3       org.eclipse.jdt.internal.core.search.JavaSearchScope::addEnclosingProjectOrJar (64 bytes)
Event: 57.143 Thread 0x00000172f98f6e00 9166   !   4       org.eclipse.jdt.internal.core.NameLookup::seekModule (267 bytes)
Event: 57.143 Thread 0x00000172f8d20790 nmethod 9164 0x000001728153f290 code [0x000001728153f480, 0x000001728153fa58]
Event: 57.143 Thread 0x00000172f8d20790 9165       1       org.eclipse.m2e.jdt.internal.MavenClasspathContainer::getKind (2 bytes)
Event: 57.143 Thread 0x00000172f8d20790 nmethod 9165 0x0000017287cd4190 code [0x0000017287cd4320, 0x0000017287cd43f8]
Event: 57.144 Thread 0x00000172f8d1fcf0 nmethod 9160 0x0000017287cd3710 code [0x0000017287cd38e0, 0x0000017287cd3d20]
Event: 57.145 Thread 0x00000172f8d20790 9167  s    3       org.eclipse.jdt.internal.core.search.indexing.IndexManager::computeIndexLocation (150 bytes)
Event: 57.145 Thread 0x00000172f8d1fcf0 9168       4       org.eclipse.jdt.internal.core.JavaElement::getElementInfo (27 bytes)
Event: 57.147 Thread 0x00000172f8d20790 nmethod 9167 0x00000172809cbb10 code [0x00000172809cbf80, 0x00000172809cdca8]
Event: 57.157 Thread 0x00000172f98f6e00 nmethod 9166 0x0000017287cd1110 code [0x0000017287cd1380, 0x0000017287cd29b0]

GC Heap History (20 events):
Event: 8.400 GC heap before
{Heap before GC invocations=54 (full 4):
 PSYoungGen      total 4608K, used 4607K [0x00000000eab00000, 0x00000000eb380000, 0x0000000100000000)
  eden space 4096K, 99% used [0x00000000eab00000,0x00000000eaefffe8,0x00000000eaf00000)
  from space 512K, 100% used [0x00000000eb300000,0x00000000eb380000,0x00000000eb380000)
  to   space 1024K, 0% used [0x00000000eb180000,0x00000000eb180000,0x00000000eb280000)
 ParOldGen       total 108544K, used 106473K [0x00000000c0000000, 0x00000000c6a00000, 0x00000000eab00000)
  object space 108544K, 98% used [0x00000000c0000000,0x00000000c67fa4c8,0x00000000c6a00000)
 Metaspace       used 63000K, committed 63936K, reserved 1114112K
  class space    used 6472K, committed 6912K, reserved 1048576K
}
Event: 8.401 GC heap after
{Heap after GC invocations=54 (full 4):
 PSYoungGen      total 5120K, used 592K [0x00000000eab00000, 0x00000000eb380000, 0x0000000100000000)
  eden space 4096K, 0% used [0x00000000eab00000,0x00000000eab00000,0x00000000eaf00000)
  from space 1024K, 57% used [0x00000000eb180000,0x00000000eb214010,0x00000000eb280000)
  to   space 1024K, 0% used [0x00000000eb280000,0x00000000eb280000,0x00000000eb380000)
 ParOldGen       total 108544K, used 106617K [0x00000000c0000000, 0x00000000c6a00000, 0x00000000eab00000)
  object space 108544K, 98% used [0x00000000c0000000,0x00000000c681e4c8,0x00000000c6a00000)
 Metaspace       used 63000K, committed 63936K, reserved 1114112K
  class space    used 6472K, committed 6912K, reserved 1048576K
}
Event: 11.581 GC heap before
{Heap before GC invocations=55 (full 4):
 PSYoungGen      total 5120K, used 4688K [0x00000000eab00000, 0x00000000eb380000, 0x0000000100000000)
  eden space 4096K, 100% used [0x00000000eab00000,0x00000000eaf00000,0x00000000eaf00000)
  from space 1024K, 57% used [0x00000000eb180000,0x00000000eb214010,0x00000000eb280000)
  to   space 1024K, 0% used [0x00000000eb280000,0x00000000eb280000,0x00000000eb380000)
 ParOldGen       total 108544K, used 106617K [0x00000000c0000000, 0x00000000c6a00000, 0x00000000eab00000)
  object space 108544K, 98% used [0x00000000c0000000,0x00000000c681e4c8,0x00000000c6a00000)
 Metaspace       used 63051K, committed 64064K, reserved 1114112K
  class space    used 6473K, committed 6912K, reserved 1048576K
}
Event: 11.582 GC heap after
{Heap after GC invocations=55 (full 4):
 PSYoungGen      total 5120K, used 624K [0x00000000eab00000, 0x00000000eb380000, 0x0000000100000000)
  eden space 4096K, 0% used [0x00000000eab00000,0x00000000eab00000,0x00000000eaf00000)
  from space 1024K, 60% used [0x00000000eb280000,0x00000000eb31c010,0x00000000eb380000)
  to   space 1024K, 0% used [0x00000000eb180000,0x00000000eb180000,0x00000000eb280000)
 ParOldGen       total 108544K, used 106625K [0x00000000c0000000, 0x00000000c6a00000, 0x00000000eab00000)
  object space 108544K, 98% used [0x00000000c0000000,0x00000000c68204c8,0x00000000c6a00000)
 Metaspace       used 63051K, committed 64064K, reserved 1114112K
  class space    used 6473K, committed 6912K, reserved 1048576K
}
Event: 11.850 GC heap before
{Heap before GC invocations=56 (full 4):
 PSYoungGen      total 5120K, used 4720K [0x00000000eab00000, 0x00000000eb380000, 0x0000000100000000)
  eden space 4096K, 100% used [0x00000000eab00000,0x00000000eaf00000,0x00000000eaf00000)
  from space 1024K, 60% used [0x00000000eb280000,0x00000000eb31c010,0x00000000eb380000)
  to   space 1024K, 0% used [0x00000000eb180000,0x00000000eb180000,0x00000000eb280000)
 ParOldGen       total 108544K, used 106625K [0x00000000c0000000, 0x00000000c6a00000, 0x00000000eab00000)
  object space 108544K, 98% used [0x00000000c0000000,0x00000000c68204c8,0x00000000c6a00000)
 Metaspace       used 63092K, committed 64064K, reserved 1114112K
  class space    used 6473K, committed 6912K, reserved 1048576K
}
Event: 11.851 GC heap after
{Heap after GC invocations=56 (full 4):
 PSYoungGen      total 5120K, used 656K [0x00000000eab00000, 0x00000000eb300000, 0x0000000100000000)
  eden space 4096K, 0% used [0x00000000eab00000,0x00000000eab00000,0x00000000eaf00000)
  from space 1024K, 64% used [0x00000000eb180000,0x00000000eb224010,0x00000000eb280000)
  to   space 512K, 0% used [0x00000000eb280000,0x00000000eb280000,0x00000000eb300000)
 ParOldGen       total 108544K, used 106633K [0x00000000c0000000, 0x00000000c6a00000, 0x00000000eab00000)
  object space 108544K, 98% used [0x00000000c0000000,0x00000000c68224c8,0x00000000c6a00000)
 Metaspace       used 63092K, committed 64064K, reserved 1114112K
  class space    used 6473K, committed 6912K, reserved 1048576K
}
Event: 56.412 GC heap before
{Heap before GC invocations=57 (full 4):
 PSYoungGen      total 5120K, used 4752K [0x00000000eab00000, 0x00000000eb300000, 0x0000000100000000)
  eden space 4096K, 100% used [0x00000000eab00000,0x00000000eaf00000,0x00000000eaf00000)
  from space 1024K, 64% used [0x00000000eb180000,0x00000000eb224010,0x00000000eb280000)
  to   space 512K, 0% used [0x00000000eb280000,0x00000000eb280000,0x00000000eb300000)
 ParOldGen       total 108544K, used 106633K [0x00000000c0000000, 0x00000000c6a00000, 0x00000000eab00000)
  object space 108544K, 98% used [0x00000000c0000000,0x00000000c68224c8,0x00000000c6a00000)
 Metaspace       used 63450K, committed 64448K, reserved 1114112K
  class space    used 6538K, committed 6976K, reserved 1048576K
}
Event: 56.413 GC heap after
{Heap after GC invocations=57 (full 4):
 PSYoungGen      total 4608K, used 512K [0x00000000eab00000, 0x00000000eb300000, 0x0000000100000000)
  eden space 4096K, 0% used [0x00000000eab00000,0x00000000eab00000,0x00000000eaf00000)
  from space 512K, 100% used [0x00000000eb280000,0x00000000eb300000,0x00000000eb300000)
  to   space 1536K, 0% used [0x00000000eb000000,0x00000000eb000000,0x00000000eb180000)
 ParOldGen       total 108544K, used 107362K [0x00000000c0000000, 0x00000000c6a00000, 0x00000000eab00000)
  object space 108544K, 98% used [0x00000000c0000000,0x00000000c68d8908,0x00000000c6a00000)
 Metaspace       used 63450K, committed 64448K, reserved 1114112K
  class space    used 6538K, committed 6976K, reserved 1048576K
}
Event: 56.625 GC heap before
{Heap before GC invocations=58 (full 4):
 PSYoungGen      total 4608K, used 4608K [0x00000000eab00000, 0x00000000eb300000, 0x0000000100000000)
  eden space 4096K, 100% used [0x00000000eab00000,0x00000000eaf00000,0x00000000eaf00000)
  from space 512K, 100% used [0x00000000eb280000,0x00000000eb300000,0x00000000eb300000)
  to   space 1536K, 0% used [0x00000000eb000000,0x00000000eb000000,0x00000000eb180000)
 ParOldGen       total 108544K, used 107362K [0x00000000c0000000, 0x00000000c6a00000, 0x00000000eab00000)
  object space 108544K, 98% used [0x00000000c0000000,0x00000000c68d8908,0x00000000c6a00000)
 Metaspace       used 63510K, committed 64512K, reserved 1114112K
  class space    used 6540K, committed 6976K, reserved 1048576K
}
Event: 56.626 GC heap after
{Heap after GC invocations=58 (full 4):
 PSYoungGen      total 5632K, used 1380K [0x00000000eab00000, 0x00000000eb300000, 0x0000000100000000)
  eden space 4096K, 0% used [0x00000000eab00000,0x00000000eab00000,0x00000000eaf00000)
  from space 1536K, 89% used [0x00000000eb000000,0x00000000eb159210,0x00000000eb180000)
  to   space 1536K, 0% used [0x00000000eb180000,0x00000000eb180000,0x00000000eb300000)
 ParOldGen       total 108544K, used 107570K [0x00000000c0000000, 0x00000000c6a00000, 0x00000000eab00000)
  object space 108544K, 99% used [0x00000000c0000000,0x00000000c690c908,0x00000000c6a00000)
 Metaspace       used 63510K, committed 64512K, reserved 1114112K
  class space    used 6540K, committed 6976K, reserved 1048576K
}
Event: 57.057 GC heap before
{Heap before GC invocations=59 (full 4):
 PSYoungGen      total 5632K, used 5476K [0x00000000eab00000, 0x00000000eb300000, 0x0000000100000000)
  eden space 4096K, 100% used [0x00000000eab00000,0x00000000eaf00000,0x00000000eaf00000)
  from space 1536K, 89% used [0x00000000eb000000,0x00000000eb159210,0x00000000eb180000)
  to   space 1536K, 0% used [0x00000000eb180000,0x00000000eb180000,0x00000000eb300000)
 ParOldGen       total 108544K, used 107570K [0x00000000c0000000, 0x00000000c6a00000, 0x00000000eab00000)
  object space 108544K, 99% used [0x00000000c0000000,0x00000000c690c908,0x00000000c6a00000)
 Metaspace       used 63703K, committed 64640K, reserved 1114112K
  class space    used 6553K, committed 6976K, reserved 1048576K
}
Event: 57.059 GC heap after
{Heap after GC invocations=59 (full 4):
 PSYoungGen      total 5632K, used 1524K [0x00000000eab00000, 0x00000000eb400000, 0x0000000100000000)
  eden space 4096K, 0% used [0x00000000eab00000,0x00000000eab00000,0x00000000eaf00000)
  from space 1536K, 99% used [0x00000000eb180000,0x00000000eb2fd200,0x00000000eb300000)
  to   space 2560K, 0% used [0x00000000eaf00000,0x00000000eaf00000,0x00000000eb180000)
 ParOldGen       total 108544K, used 108142K [0x00000000c0000000, 0x00000000c6a00000, 0x00000000eab00000)
  object space 108544K, 99% used [0x00000000c0000000,0x00000000c699bb08,0x00000000c6a00000)
 Metaspace       used 63703K, committed 64640K, reserved 1114112K
  class space    used 6553K, committed 6976K, reserved 1048576K
}
Event: 57.059 GC heap before
{Heap before GC invocations=60 (full 5):
 PSYoungGen      total 5632K, used 1524K [0x00000000eab00000, 0x00000000eb400000, 0x0000000100000000)
  eden space 4096K, 0% used [0x00000000eab00000,0x00000000eab00000,0x00000000eaf00000)
  from space 1536K, 99% used [0x00000000eb180000,0x00000000eb2fd200,0x00000000eb300000)
  to   space 2560K, 0% used [0x00000000eaf00000,0x00000000eaf00000,0x00000000eb180000)
 ParOldGen       total 108544K, used 108142K [0x00000000c0000000, 0x00000000c6a00000, 0x00000000eab00000)
  object space 108544K, 99% used [0x00000000c0000000,0x00000000c699bb08,0x00000000c6a00000)
 Metaspace       used 63703K, committed 64640K, reserved 1114112K
  class space    used 6553K, committed 6976K, reserved 1048576K
}
Event: 57.111 GC heap after
{Heap after GC invocations=60 (full 5):
 PSYoungGen      total 6656K, used 0K [0x00000000eab00000, 0x00000000eb400000, 0x0000000100000000)
  eden space 4096K, 0% used [0x00000000eab00000,0x00000000eab00000,0x00000000eaf00000)
  from space 2560K, 0% used [0x00000000eaf00000,0x00000000eaf00000,0x00000000eb180000)
  to   space 2560K, 0% used [0x00000000eb180000,0x00000000eb180000,0x00000000eb400000)
 ParOldGen       total 120832K, used 95710K [0x00000000c0000000, 0x00000000c7600000, 0x00000000eab00000)
  object space 120832K, 79% used [0x00000000c0000000,0x00000000c5d77860,0x00000000c7600000)
 Metaspace       used 63703K, committed 64640K, reserved 1114112K
  class space    used 6553K, committed 6976K, reserved 1048576K
}
Event: 57.116 GC heap before
{Heap before GC invocations=61 (full 5):
 PSYoungGen      total 6656K, used 4096K [0x00000000eab00000, 0x00000000eb400000, 0x0000000100000000)
  eden space 4096K, 100% used [0x00000000eab00000,0x00000000eaf00000,0x00000000eaf00000)
  from space 2560K, 0% used [0x00000000eaf00000,0x00000000eaf00000,0x00000000eb180000)
  to   space 2560K, 0% used [0x00000000eb180000,0x00000000eb180000,0x00000000eb400000)
 ParOldGen       total 120832K, used 95710K [0x00000000c0000000, 0x00000000c7600000, 0x00000000eab00000)
  object space 120832K, 79% used [0x00000000c0000000,0x00000000c5d77860,0x00000000c7600000)
 Metaspace       used 63704K, committed 64640K, reserved 1114112K
  class space    used 6553K, committed 6976K, reserved 1048576K
}
Event: 57.117 GC heap after
{Heap after GC invocations=61 (full 5):
 PSYoungGen      total 5120K, used 928K [0x00000000eab00000, 0x00000000eb280000, 0x0000000100000000)
  eden space 4096K, 0% used [0x00000000eab00000,0x00000000eab00000,0x00000000eaf00000)
  from space 1024K, 90% used [0x00000000eb180000,0x00000000eb268000,0x00000000eb280000)
  to   space 1536K, 0% used [0x00000000eaf80000,0x00000000eaf80000,0x00000000eb100000)
 ParOldGen       total 120832K, used 95710K [0x00000000c0000000, 0x00000000c7600000, 0x00000000eab00000)
  object space 120832K, 79% used [0x00000000c0000000,0x00000000c5d77860,0x00000000c7600000)
 Metaspace       used 63704K, committed 64640K, reserved 1114112K
  class space    used 6553K, committed 6976K, reserved 1048576K
}
Event: 57.124 GC heap before
{Heap before GC invocations=62 (full 5):
 PSYoungGen      total 5120K, used 5024K [0x00000000eab00000, 0x00000000eb280000, 0x0000000100000000)
  eden space 4096K, 100% used [0x00000000eab00000,0x00000000eaf00000,0x00000000eaf00000)
  from space 1024K, 90% used [0x00000000eb180000,0x00000000eb268000,0x00000000eb280000)
  to   space 1536K, 0% used [0x00000000eaf80000,0x00000000eaf80000,0x00000000eb100000)
 ParOldGen       total 120832K, used 95710K [0x00000000c0000000, 0x00000000c7600000, 0x00000000eab00000)
  object space 120832K, 79% used [0x00000000c0000000,0x00000000c5d77860,0x00000000c7600000)
 Metaspace       used 63704K, committed 64640K, reserved 1114112K
  class space    used 6553K, committed 6976K, reserved 1048576K
}
Event: 57.124 GC heap after
{Heap after GC invocations=62 (full 5):
 PSYoungGen      total 5632K, used 1536K [0x00000000eab00000, 0x00000000eb300000, 0x0000000100000000)
  eden space 4096K, 0% used [0x00000000eab00000,0x00000000eab00000,0x00000000eaf00000)
  from space 1536K, 100% used [0x00000000eaf80000,0x00000000eb100000,0x00000000eb100000)
  to   space 2048K, 0% used [0x00000000eb100000,0x00000000eb100000,0x00000000eb300000)
 ParOldGen       total 120832K, used 95782K [0x00000000c0000000, 0x00000000c7600000, 0x00000000eab00000)
  object space 120832K, 79% used [0x00000000c0000000,0x00000000c5d89860,0x00000000c7600000)
 Metaspace       used 63704K, committed 64640K, reserved 1114112K
  class space    used 6553K, committed 6976K, reserved 1048576K
}
Event: 57.146 GC heap before
{Heap before GC invocations=63 (full 5):
 PSYoungGen      total 5632K, used 5632K [0x00000000eab00000, 0x00000000eb300000, 0x0000000100000000)
  eden space 4096K, 100% used [0x00000000eab00000,0x00000000eaf00000,0x00000000eaf00000)
  from space 1536K, 100% used [0x00000000eaf80000,0x00000000eb100000,0x00000000eb100000)
  to   space 2048K, 0% used [0x00000000eb100000,0x00000000eb100000,0x00000000eb300000)
 ParOldGen       total 120832K, used 95782K [0x00000000c0000000, 0x00000000c7600000, 0x00000000eab00000)
  object space 120832K, 79% used [0x00000000c0000000,0x00000000c5d89860,0x00000000c7600000)
 Metaspace       used 64038K, committed 65088K, reserved 1114112K
  class space    used 6583K, committed 7040K, reserved 1048576K
}
Event: 57.147 GC heap after
{Heap after GC invocations=63 (full 5):
 PSYoungGen      total 5632K, used 2048K [0x00000000eab00000, 0x00000000eb400000, 0x0000000100000000)
  eden space 3584K, 0% used [0x00000000eab00000,0x00000000eab00000,0x00000000eae80000)
  from space 2048K, 100% used [0x00000000eb100000,0x00000000eb300000,0x00000000eb300000)
  to   space 2560K, 0% used [0x00000000eae80000,0x00000000eae80000,0x00000000eb100000)
 ParOldGen       total 120832K, used 96002K [0x00000000c0000000, 0x00000000c7600000, 0x00000000eab00000)
  object space 120832K, 79% used [0x00000000c0000000,0x00000000c5dc0a60,0x00000000c7600000)
 Metaspace       used 64038K, committed 65088K, reserved 1114112K
  class space    used 6583K, committed 7040K, reserved 1048576K
}

Deoptimization events (20 events):
Event: 57.136 Thread 0x00000172fa6d1970 DEOPT PACKING pc=0x0000017287e201ac sp=0x00000008577fdd80
Event: 57.136 Thread 0x00000172fa6d1970 DEOPT UNPACKING pc=0x0000017280055923 sp=0x00000008577fdcd0 mode 2
Event: 57.137 Thread 0x00000172fa6d1970 Uncommon trap: trap_request=0xffffff45 fr.pc=0x0000017287bc7d70 relative=0x0000000000000610
Event: 57.137 Thread 0x00000172fa6d1970 Uncommon trap: reason=unstable_if action=reinterpret pc=0x0000017287bc7d70 method=java.util.regex.Pattern.newSlice([IIZ)Ljava/util/regex/Pattern$Node; @ 19 c2
Event: 57.137 Thread 0x00000172fa6d1970 DEOPT PACKING pc=0x0000017287bc7d70 sp=0x00000008577fd940
Event: 57.137 Thread 0x00000172fa6d1970 DEOPT UNPACKING pc=0x0000017280055923 sp=0x00000008577fd900 mode 2
Event: 57.137 Thread 0x00000172fa6d1970 Uncommon trap: trap_request=0xffffff45 fr.pc=0x0000017287b3447c relative=0x00000000000001dc
Event: 57.137 Thread 0x00000172fa6d1970 Uncommon trap: reason=unstable_if action=reinterpret pc=0x0000017287b3447c method=java.util.regex.Pattern.RemoveQEQuoting()V @ 41 c2
Event: 57.137 Thread 0x00000172fa6d1970 DEOPT PACKING pc=0x0000017287b3447c sp=0x00000008577fe300
Event: 57.137 Thread 0x00000172fa6d1970 DEOPT UNPACKING pc=0x0000017280055923 sp=0x00000008577fe268 mode 2
Event: 57.140 Thread 0x00000172fa6d1970 DEOPT PACKING pc=0x0000017280ae3373 sp=0x00000008577fe310
Event: 57.140 Thread 0x00000172fa6d1970 DEOPT UNPACKING pc=0x0000017280056463 sp=0x00000008577fd848 mode 0
Event: 57.141 Thread 0x00000172fa6d1970 Uncommon trap: trap_request=0xffffffde fr.pc=0x0000017287bbd20c relative=0x000000000000058c
Event: 57.141 Thread 0x00000172fa6d1970 Uncommon trap: reason=class_check action=maybe_recompile pc=0x0000017287bbd20c method=org.eclipse.jdt.internal.compiler.parser.Parser.consumeToken(I)V @ 1577 c2
Event: 57.141 Thread 0x00000172fa6d1970 DEOPT PACKING pc=0x0000017287bbd20c sp=0x00000008577fe850
Event: 57.141 Thread 0x00000172fa6d1970 DEOPT UNPACKING pc=0x0000017280055923 sp=0x00000008577fe818 mode 2
Event: 57.141 Thread 0x00000172fa6d1970 Uncommon trap: trap_request=0xffffffc6 fr.pc=0x0000017287cde6a4 relative=0x0000000000000de4
Event: 57.141 Thread 0x00000172fa6d1970 Uncommon trap: reason=bimorphic_or_optimized_type_check action=maybe_recompile pc=0x0000017287cde6a4 method=org.eclipse.jdt.internal.compiler.parser.Parser.consumeRule(I)V @ 7719 c2
Event: 57.141 Thread 0x00000172fa6d1970 DEOPT PACKING pc=0x0000017287cde6a4 sp=0x00000008577fe940
Event: 57.141 Thread 0x00000172fa6d1970 DEOPT UNPACKING pc=0x0000017280055923 sp=0x00000008577fe908 mode 2

Classes unloaded (0 events):
No events

Classes redefined (0 events):
No events

Internal exceptions (20 events):
Event: 4.512 Thread 0x00000172fa6d14a0 Exception <a 'sun/nio/fs/WindowsException'{0x00000000ebb479b0}> (0x00000000ebb479b0) 
thrown [e:\jenkins\tmp\workspace\build\src\src\hotspot\share\prims\jni.cpp, line 516]
Event: 4.515 Thread 0x00000172fa6d14a0 Implicit null exception at 0x0000017287cbd2e1 to 0x0000017287cbd99c
Event: 4.561 Thread 0x00000172fa6d14a0 Exception <a 'sun/nio/fs/WindowsException'{0x00000000eb26d770}> (0x00000000eb26d770) 
thrown [e:\jenkins\tmp\workspace\build\src\src\hotspot\share\prims\jni.cpp, line 516]
Event: 4.568 Thread 0x00000172fa6d14a0 Exception <a 'java/io/FileNotFoundException'{0x00000000eb412ed0}> (0x00000000eb412ed0) 
thrown [e:\jenkins\tmp\workspace\build\src\src\hotspot\share\prims\jni.cpp, line 516]
Event: 4.569 Thread 0x00000172fa6d14a0 Exception <a 'java/io/FileNotFoundException'{0x00000000eb4140a8}> (0x00000000eb4140a8) 
thrown [e:\jenkins\tmp\workspace\build\src\src\hotspot\share\prims\jni.cpp, line 516]
Event: 4.609 Thread 0x00000172fa6d4e60 Exception <a 'java/lang/NoSuchMethodError'{0x00000000eb972a18}: 'java.lang.Object java.lang.invoke.DirectMethodHandle$Holder.newInvokeSpecial(java.lang.Object, java.lang.Object, int, java.lang.Object, java.lang.Object)'> (0x00000000eb972a18) 
thrown [e:\jenkins\tmp\workspace\build\src\src\hotspot\share\interpreter\linkResolver.cpp, line 766]
Event: 4.610 Thread 0x00000172fa6d4e60 Exception <a 'java/lang/NoSuchMethodError'{0x00000000eb9ee698}: 'java.lang.Object java.lang.invoke.DirectMethodHandle$Holder.invokeSpecial(java.lang.Object, java.lang.Object, java.lang.Object, int, java.lang.Object, java.lang.Object)'> (0x00000000eb9ee698) 
thrown [e:\jenkins\tmp\workspace\build\src\src\hotspot\share\interpreter\linkResolver.cpp, line 766]
Event: 4.972 Thread 0x00000172fa6d4e60 Implicit null exception at 0x0000017287ae9756 to 0x0000017287ae9b08
Event: 4.978 Thread 0x00000172fa6d4e60 Implicit null exception at 0x0000017287d2246c to 0x0000017287d22510
Event: 5.151 Thread 0x00000172fa6d4e60 Implicit null exception at 0x0000017287c3052a to 0x0000017287c309b4
Event: 5.151 Thread 0x00000172fa6d4e60 Implicit null exception at 0x0000017287c3101f to 0x0000017287c314a8
Event: 5.218 Thread 0x00000172fa6d4e60 Exception <a 'java/io/FileNotFoundException'{0x00000000eb4cc4c0}> (0x00000000eb4cc4c0) 
thrown [e:\jenkins\tmp\workspace\build\src\src\hotspot\share\prims\jni.cpp, line 516]
Event: 5.218 Thread 0x00000172fa6d4e60 Exception <a 'java/io/FileNotFoundException'{0x00000000eb4cd9a8}> (0x00000000eb4cd9a8) 
thrown [e:\jenkins\tmp\workspace\build\src\src\hotspot\share\prims\jni.cpp, line 516]
Event: 5.846 Thread 0x000001729a8d5fa0 Exception <a 'sun/nio/fs/WindowsException'{0x00000000ebaf8b58}> (0x00000000ebaf8b58) 
thrown [e:\jenkins\tmp\workspace\build\src\src\hotspot\share\prims\jni.cpp, line 516]
Event: 6.145 Thread 0x00000172fa6d3b20 Exception <a 'java/lang/NoSuchMethodError'{0x00000000eae1c1f8}: 'java.lang.Object java.lang.invoke.DirectMethodHandle$Holder.invokeStatic(java.lang.Object, int, java.lang.Object)'> (0x00000000eae1c1f8) 
thrown [e:\jenkins\tmp\workspace\build\src\src\hotspot\share\interpreter\linkResolver.cpp, line 766]
Event: 6.156 Thread 0x00000172fa6d3b20 Exception <a 'java/lang/ClassNotFoundException'{0x00000000eb1d2ca0}: sun/util/logging/resources/spi/loggingProvider> (0x00000000eb1d2ca0) 
thrown [e:\jenkins\tmp\workspace\build\src\src\hotspot\share\classfile\systemDictionary.cpp, line 256]
Event: 6.340 Thread 0x00000172fa6d3650 Exception <a 'java/lang/NoSuchMethodError'{0x00000000ead04370}: 'int java.lang.invoke.DirectMethodHandle$Holder.invokeSpecialIFC(java.lang.Object, java.lang.Object, java.lang.Object, java.lang.Object)'> (0x00000000ead04370) 
thrown [e:\jenkins\tmp\workspace\build\src\src\hotspot\share\interpreter\linkResolver.cpp, line 766]
Event: 7.928 Thread 0x00000172fa6d3650 Exception <a 'java/io/FileNotFoundException'{0x00000000eadb8ff0}> (0x00000000eadb8ff0) 
thrown [e:\jenkins\tmp\workspace\build\src\src\hotspot\share\prims\jni.cpp, line 516]
Event: 7.936 Thread 0x00000172fa6d3650 Exception <a 'java/lang/NoSuchMethodError'{0x00000000eae33238}: 'void java.lang.invoke.DirectMethodHandle$Holder.invokeSpecial(java.lang.Object, java.lang.Object, java.lang.Object, java.lang.Object, java.lang.Object)'> (0x00000000eae33238) 
thrown [e:\jenkins\tmp\workspace\build\src\src\hotspot\share\interpreter\linkResolver.cpp, line 766]
Event: 56.425 Thread 0x00000172fa6d3650 Exception <a 'java/lang/NoSuchMethodError'{0x00000000eac30518}: 'java.lang.Object java.lang.invoke.DirectMethodHandle$Holder.newInvokeSpecial(java.lang.Object, java.lang.Object, int, java.lang.Object, java.lang.Object, java.lang.Object, java.lang.Object)'> (0x00000000eac30518) 
thrown [e:\jenkins\tmp\workspace\build\src\src\hotspot\share\interpreter\linkResolver.cpp, line 766]

VM Operations (20 events):
Event: 11.973 Executing VM operation: HandshakeAllThreads
Event: 11.973 Executing VM operation: HandshakeAllThreads done
Event: 12.987 Executing VM operation: Cleanup
Event: 12.987 Executing VM operation: Cleanup done
Event: 56.412 Executing VM operation: ParallelGCFailedAllocation
Event: 56.413 Executing VM operation: ParallelGCFailedAllocation done
Event: 56.625 Executing VM operation: ParallelGCFailedAllocation
Event: 56.626 Executing VM operation: ParallelGCFailedAllocation done
Event: 57.053 Executing VM operation: HandshakeAllThreads
Event: 57.054 Executing VM operation: HandshakeAllThreads done
Event: 57.054 Executing VM operation: HandshakeAllThreads
Event: 57.054 Executing VM operation: HandshakeAllThreads done
Event: 57.057 Executing VM operation: ParallelGCFailedAllocation
Event: 57.111 Executing VM operation: ParallelGCFailedAllocation done
Event: 57.116 Executing VM operation: ParallelGCFailedAllocation
Event: 57.117 Executing VM operation: ParallelGCFailedAllocation done
Event: 57.124 Executing VM operation: ParallelGCFailedAllocation
Event: 57.124 Executing VM operation: ParallelGCFailedAllocation done
Event: 57.146 Executing VM operation: ParallelGCFailedAllocation
Event: 57.147 Executing VM operation: ParallelGCFailedAllocation done

Events (20 events):
Event: 7.171 Thread 0x00000172f8d33010 flushing nmethod 0x0000017281545190
Event: 7.171 Thread 0x00000172f8d33010 flushing nmethod 0x0000017281550990
Event: 7.172 Thread 0x00000172f8d33010 flushing nmethod 0x00000172815c3310
Event: 7.172 Thread 0x00000172f8d33010 flushing nmethod 0x0000017281613010
Event: 7.826 Thread 0x00000172f98f63e0 Thread exited: 0x00000172f98f63e0
Event: 7.826 Thread 0x00000172f98f4fa0 Thread exited: 0x00000172f98f4fa0
Event: 7.923 loading class java/util/Hashtable$KeySet
Event: 7.923 loading class java/util/Hashtable$KeySet done
Event: 7.932 Thread 0x000001729a8d1770 Thread added: 0x000001729a8d1770
Event: 7.975 Thread 0x00000172f98f59c0 Thread added: 0x00000172f98f59c0
Event: 8.618 Thread 0x00000172f98f59c0 Thread exited: 0x00000172f98f59c0
Event: 11.569 Thread 0x00000172f98f4fa0 Thread added: 0x00000172f98f4fa0
Event: 11.691 Thread 0x00000172f98f4fa0 Thread exited: 0x00000172f98f4fa0
Event: 12.940 Thread 0x000001729a8d1770 Thread exited: 0x000001729a8d1770
Event: 56.405 Thread 0x00000172f98f4070 Thread added: 0x00000172f98f4070
Event: 56.415 Thread 0x00000172f98f6e00 Thread added: 0x00000172f98f6e00
Event: 56.619 Thread 0x00000172f98f6e00 Thread exited: 0x00000172f98f6e00
Event: 57.023 loading class java/util/zip/ZipError
Event: 57.023 loading class java/util/zip/ZipError done
Event: 57.115 Thread 0x00000172f98f6e00 Thread added: 0x00000172f98f6e00


Dynamic libraries:
0x00007ff79f6f0000 - 0x00007ff79f6fe000 	c:\Users\kls_k\.vscode\extensions\redhat.java-1.7.0-win32-x64\jre\17.0.3-win32-x86_64\bin\java.exe
0x00007ffa00c40000 - 0x00007ffa00e49000 	C:\WINDOWS\SYSTEM32\ntdll.dll
0x00007ff9ff1c0000 - 0x00007ff9ff27d000 	C:\WINDOWS\System32\KERNEL32.DLL
0x00007ff9fe3d0000 - 0x00007ff9fe749000 	C:\WINDOWS\System32\KERNELBASE.dll
0x00007ff9fe9b0000 - 0x00007ff9feac1000 	C:\WINDOWS\System32\ucrtbase.dll
0x00007ff9ddfb0000 - 0x00007ff9ddfc8000 	c:\Users\kls_k\.vscode\extensions\redhat.java-1.7.0-win32-x64\jre\17.0.3-win32-x86_64\bin\jli.dll
0x00007ff9de910000 - 0x00007ff9de929000 	c:\Users\kls_k\.vscode\extensions\redhat.java-1.7.0-win32-x64\jre\17.0.3-win32-x86_64\bin\VCRUNTIME140.dll
0x00007ff9feb40000 - 0x00007ff9fecec000 	C:\WINDOWS\System32\USER32.dll
0x00007ff9fd300000 - 0x00007ff9fd5a5000 	C:\WINDOWS\WinSxS\amd64_microsoft.windows.common-controls_6595b64144ccf1df_6.0.22000.120_none_9d947278b86cc467\COMCTL32.dll
0x00007ff9fecf0000 - 0x00007ff9fed93000 	C:\WINDOWS\System32\msvcrt.dll
0x00007ff9feda0000 - 0x00007ff9fedc9000 	C:\WINDOWS\System32\GDI32.dll
0x00007ff9fe980000 - 0x00007ff9fe9a6000 	C:\WINDOWS\System32\win32u.dll
0x00007ff9fe860000 - 0x00007ff9fe972000 	C:\WINDOWS\System32\gdi32full.dll
0x00007ff9fe7c0000 - 0x00007ff9fe85d000 	C:\WINDOWS\System32\msvcp_win.dll
0x00007ffa000b0000 - 0x00007ffa000e1000 	C:\WINDOWS\System32\IMM32.DLL
0x00007ff9f09c0000 - 0x00007ff9f09cc000 	c:\Users\kls_k\.vscode\extensions\redhat.java-1.7.0-win32-x64\jre\17.0.3-win32-x86_64\bin\vcruntime140_1.dll
0x00007ff9af3c0000 - 0x00007ff9af451000 	c:\Users\kls_k\.vscode\extensions\redhat.java-1.7.0-win32-x64\jre\17.0.3-win32-x86_64\bin\msvcp140.dll
0x00007ff9ac480000 - 0x00007ff9ad0c8000 	c:\Users\kls_k\.vscode\extensions\redhat.java-1.7.0-win32-x64\jre\17.0.3-win32-x86_64\bin\server\jvm.dll
0x00007ff9ff110000 - 0x00007ff9ff1be000 	C:\WINDOWS\System32\ADVAPI32.dll
0x00007ffa003f0000 - 0x00007ffa0048e000 	C:\WINDOWS\System32\sechost.dll
0x00007ff9feff0000 - 0x00007ff9ff110000 	C:\WINDOWS\System32\RPCRT4.dll
0x00007ff9fead0000 - 0x00007ff9fead8000 	C:\WINDOWS\System32\PSAPI.DLL
0x00007ff9f1590000 - 0x00007ff9f1599000 	C:\WINDOWS\SYSTEM32\WSOCK32.dll
0x00007ffa00310000 - 0x00007ffa0037f000 	C:\WINDOWS\System32\WS2_32.dll
0x00007ff9fab70000 - 0x00007ff9faba3000 	C:\WINDOWS\SYSTEM32\WINMM.dll
0x00007ff9fcff0000 - 0x00007ff9fcffa000 	C:\WINDOWS\SYSTEM32\VERSION.dll
0x00007ff9fcf50000 - 0x00007ff9fcf68000 	C:\WINDOWS\SYSTEM32\kernel.appcore.dll
0x00007ff9e9850000 - 0x00007ff9e985a000 	c:\Users\kls_k\.vscode\extensions\redhat.java-1.7.0-win32-x64\jre\17.0.3-win32-x86_64\bin\jimage.dll
0x00007ff9fdac0000 - 0x00007ff9fdce1000 	C:\WINDOWS\SYSTEM32\DBGHELP.DLL
0x00007ff9fd770000 - 0x00007ff9fd7a1000 	C:\WINDOWS\SYSTEM32\dbgcore.DLL
0x00007ff9fe350000 - 0x00007ff9fe3cf000 	C:\WINDOWS\System32\bcryptPrimitives.dll
0x00007ff9d63d0000 - 0x00007ff9d63f5000 	c:\Users\kls_k\.vscode\extensions\redhat.java-1.7.0-win32-x64\jre\17.0.3-win32-x86_64\bin\java.dll
0x00007ff9ddd80000 - 0x00007ff9ddd98000 	c:\Users\kls_k\.vscode\extensions\redhat.java-1.7.0-win32-x64\jre\17.0.3-win32-x86_64\bin\zip.dll
0x00007ff9ff280000 - 0x00007ff9ffa38000 	C:\WINDOWS\System32\SHELL32.dll
0x00007ff9fb380000 - 0x00007ff9fbbe8000 	C:\WINDOWS\SYSTEM32\windows.storage.dll
0x00007ff9ffcb0000 - 0x00007ffa00029000 	C:\WINDOWS\System32\combase.dll
0x00007ff9fb210000 - 0x00007ff9fb376000 	C:\WINDOWS\SYSTEM32\wintypes.dll
0x00007ffa00b10000 - 0x00007ffa00bfa000 	C:\WINDOWS\System32\SHCORE.dll
0x00007ffa00380000 - 0x00007ffa003dd000 	C:\WINDOWS\System32\shlwapi.dll
0x00007ff9fe050000 - 0x00007ff9fe071000 	C:\WINDOWS\SYSTEM32\profapi.dll
0x00007ff9dcab0000 - 0x00007ff9dcac9000 	C:\Users\kls_k\.vscode\extensions\redhat.java-1.7.0-win32-x64\jre\17.0.3-win32-x86_64\bin\net.dll
0x00007ff9f4420000 - 0x00007ff9f452c000 	C:\WINDOWS\SYSTEM32\WINHTTP.dll
0x00007ff9fcec0000 - 0x00007ff9fcf27000 	C:\WINDOWS\system32\mswsock.dll
0x00007ff9db4c0000 - 0x00007ff9db4d5000 	C:\Users\kls_k\.vscode\extensions\redhat.java-1.7.0-win32-x64\jre\17.0.3-win32-x86_64\bin\nio.dll
0x00007ff9fddd0000 - 0x00007ff9fdde8000 	C:\WINDOWS\SYSTEM32\CRYPTSP.dll
0x00007ff9fc2d0000 - 0x00007ff9fc305000 	C:\WINDOWS\system32\rsaenh.dll
0x00007ff9fd100000 - 0x00007ff9fd129000 	C:\WINDOWS\SYSTEM32\USERENV.dll
0x00007ff9fda00000 - 0x00007ff9fda27000 	C:\WINDOWS\SYSTEM32\bcrypt.dll
0x00007ff9fd250000 - 0x00007ff9fd25c000 	C:\WINDOWS\SYSTEM32\CRYPTBASE.dll
0x00007ff9fbf40000 - 0x00007ff9fbf6d000 	C:\WINDOWS\SYSTEM32\IPHLPAPI.DLL
0x00007ff9fedd0000 - 0x00007ff9fedd9000 	C:\WINDOWS\System32\NSI.dll
0x00007ff9ee2f0000 - 0x00007ff9ee309000 	C:\WINDOWS\SYSTEM32\dhcpcsvc6.DLL
0x00007ff9ee410000 - 0x00007ff9ee42e000 	C:\WINDOWS\SYSTEM32\dhcpcsvc.DLL
0x00007ff9fbf70000 - 0x00007ff9fc058000 	C:\WINDOWS\SYSTEM32\DNSAPI.dll
0x00007ff9d4fe0000 - 0x00007ff9d501e000 	C:\Users\kls_k\AppData\Roaming\Code\User\globalStorage\redhat.java\1.7.0\config_win\org.eclipse.equinox.launcher\org.eclipse.equinox.launcher.win32.win32.x86_64_1.2.400.v20211117-0650\eclipse_11602.dll
0x00007ffa00500000 - 0x00007ffa0069a000 	C:\WINDOWS\System32\ole32.dll
0x00007ff9e9820000 - 0x00007ff9e9830000 	c:\Users\kls_k\.vscode\extensions\redhat.java-1.7.0-win32-x64\jre\17.0.3-win32-x86_64\bin\verify.dll
0x00007ff9b98c0000 - 0x00007ff9b9904000 	C:\Users\kls_k\AppData\Local\Temp\jna-102147742\jna16417894484678149958.dll

dbghelp: loaded successfully - version: 4.0.5 - missing functions: none
symbol engine: initialized successfully - sym options: 0x614 - pdb path: .;c:\Users\kls_k\.vscode\extensions\redhat.java-1.7.0-win32-x64\jre\17.0.3-win32-x86_64\bin;C:\WINDOWS\SYSTEM32;C:\WINDOWS\WinSxS\amd64_microsoft.windows.common-controls_6595b64144ccf1df_6.0.22000.120_none_9d947278b86cc467;c:\Users\kls_k\.vscode\extensions\redhat.java-1.7.0-win32-x64\jre\17.0.3-win32-x86_64\bin\server;C:\Users\kls_k\AppData\Roaming\Code\User\globalStorage\redhat.java\1.7.0\config_win\org.eclipse.equinox.launcher\org.eclipse.equinox.launcher.win32.win32.x86_64_1.2.400.v20211117-0650;C:\Users\kls_k\AppData\Local\Temp\jna-102147742

VM Arguments:
jvm_args: --add-modules=ALL-SYSTEM --add-opens=java.base/java.util=ALL-UNNAMED --add-opens=java.base/java.lang=ALL-UNNAMED --add-opens=java.base/sun.nio.fs=ALL-UNNAMED -Declipse.application=org.eclipse.jdt.ls.core.id1 -Dosgi.bundles.defaultStartLevel=4 -Declipse.product=org.eclipse.jdt.ls.core.product -Djava.import.generatesMetadataFilesAtProjectRoot=false -Dfile.encoding=utf8 -DwatchParentProcess=false -XX:+UseParallelGC -XX:GCTimeRatio=4 -XX:AdaptiveSizePolicyWeight=90 -Dsun.zip.disableMemoryMapping=true -Xmx1G -Xms100m -XX:+HeapDumpOnOutOfMemoryError -XX:HeapDumpPath=c:\Users\kls_k\AppData\Roaming\Code\User\workspaceStorage\9925e9395bdde4d34c50d8805010aa17\redhat.java 
java_command: c:\Users\kls_k\.vscode\extensions\redhat.java-1.7.0-win32-x64\server\plugins\org.eclipse.equinox.launcher_1.6.400.v20210924-0641.jar -configuration c:\Users\kls_k\AppData\Roaming\Code\User\globalStorage\redhat.java\1.7.0\config_win -data c:\Users\kls_k\AppData\Roaming\Code\User\workspaceStorage\9925e9395bdde4d34c50d8805010aa17\redhat.java\jdt_ws
java_class_path (initial): c:\Users\kls_k\.vscode\extensions\redhat.java-1.7.0-win32-x64\server\plugins\org.eclipse.equinox.launcher_1.6.400.v20210924-0641.jar
Launcher Type: SUN_STANDARD

[Global flags]
    uintx AdaptiveSizePolicyWeight                 = 90                                        {product} {command line}
     intx CICompilerCount                          = 4                                         {product} {ergonomic}
    uintx GCTimeRatio                              = 4                                         {product} {command line}
     bool HeapDumpOnOutOfMemoryError               = true                                   {manageable} {command line}
    ccstr HeapDumpPath                             = c:\Users\kls_k\AppData\Roaming\Code\User\workspaceStorage\9925e9395bdde4d34c50d8805010aa17\redhat.java         {manageable} {command line}
   size_t InitialHeapSize                          = 104857600                                 {product} {command line}
   size_t MaxHeapSize                              = 1073741824                                {product} {command line}
   size_t MaxNewSize                               = 357564416                                 {product} {ergonomic}
   size_t MinHeapDeltaBytes                        = 524288                                    {product} {ergonomic}
   size_t MinHeapSize                              = 104857600                                 {product} {command line}
   size_t NewSize                                  = 34603008                                  {product} {ergonomic}
    uintx NonNMethodCodeHeapSize                   = 5839372                                {pd product} {ergonomic}
    uintx NonProfiledCodeHeapSize                  = 122909434                              {pd product} {ergonomic}
   size_t OldSize                                  = 70254592                                  {product} {ergonomic}
    uintx ProfiledCodeHeapSize                     = 122909434                              {pd product} {ergonomic}
    uintx ReservedCodeCacheSize                    = 251658240                              {pd product} {ergonomic}
     bool SegmentedCodeCache                       = true                                      {product} {ergonomic}
   size_t SoftMaxHeapSize                          = 1073741824                             {manageable} {ergonomic}
     bool UseCompressedClassPointers               = true                           {product lp64_product} {ergonomic}
     bool UseCompressedOops                        = true                           {product lp64_product} {ergonomic}
     bool UseLargePagesIndividualAllocation        = false                                  {pd product} {ergonomic}
     bool UseParallelGC                            = true                                      {product} {command line}

Logging:
Log output configuration:
 #0: stdout all=warning uptime,level,tags
 #1: stderr all=off uptime,level,tags

Environment Variables:
PATH=C:\Program Files\Eclipse Adoptium\jdk-17.0.3.7-hotspot\bin;C:\Program Files\Common Files\Oracle\Java\javapath;C:\Program Files (x86)\Common Files\Oracle\Java\javapath;C:\Program Files\Microsoft\jdk-11.0.12.7-hotspot\bin;C:\Windows\system32;C:\Windows;C:\Windows\System32\Wbem;C:\Windows\System32\WindowsPowerShell\v1.0\;C:\Windows\System32\OpenSSH\;C:\Program Files\NVIDIA Corporation\NVIDIA NvDLISR;C:\WINDOWS\system32;C:\WINDOWS;C:\WINDOWS\System32\Wbem;C:\WINDOWS\System32\WindowsPowerShell\v1.0\;C:\WINDOWS\System32\OpenSSH\;C:\Program Files (x86)\NVIDIA Corporation\PhysX\Common;C:\Program Files\Microsoft SQL Server\150\Tools\Binn\;C:\Program Files\Microsoft SQL Server\Client SDK\ODBC\170\Tools\Binn\;C:\Program Files\dotnet\;C:\Program Files\Git\cmd;C:\Program Files\MySQL\MySQL Shell 8.0\bin\;C:\Users\kls_k\AppData\Local\Microsoft\WindowsApps;C:\Users\kls_k\.dotnet\tools;C:\Users\kls_k\AppData\Local\Programs\Microsoft VS Code\bin
USERNAME=kls_k
OS=Windows_NT
PROCESSOR_IDENTIFIER=Intel64 Family 6 Model 140 Stepping 1, GenuineIntel



---------------  S Y S T E M  ---------------

OS:
 Windows 11 , 64 bit Build 22000 (10.0.22000.708)
OS uptime: 0 days 4:53 hours

CPU: total 8 (initial active 8) (4 cores per cpu, 2 threads per core) family 6 model 140 stepping 1 microcode 0xa4, cx8, cmov, fxsr, ht, mmx, 3dnowpref, sse, sse2, sse3, ssse3, sse4.1, sse4.2, popcnt, lzcnt, tsc, tscinvbit, avx, avx2, aes, erms, clmul, bmi1, bmi2, adx, avx512f, avx512dq, avx512cd, avx512bw, avx512vl, sha, fma, vzeroupper, avx512_vpopcntdq, avx512_vpclmulqdq, avx512_vaes, avx512_vnni, clflush, clflushopt, clwb, avx512_vbmi2, avx512_vbmi

Memory: 4k page, system-wide physical 16106M (8179M free)
TotalPageFile size 18538M (AvailPageFile size 6601M)
current process WorkingSet (physical memory assigned to process): 295M, peak: 334M
current process commit charge ("private bytes"): 346M, peak: 392M

vm_info: OpenJDK 64-Bit Server VM (17.0.3+7) for windows-amd64 JRE (17.0.3+7), built on Apr 19 2022 16:55:35 by "" with MS VC++ 16.7 (VS2019)

END.
