2022-07-09 15:07:04 [main] INFO  c.o.n.NewSafetyNetApplication                      - Starting NewSafetyNetApplication using Java 17.0.3 on Claudiu-Dell with PID 8520 (C:\WorkJavaVisualCode\new_safety_net\target\classes started by kls_k in C:\WorkJavaVisualCode\new_safety_net)
2022-07-09 15:07:04 [main] INFO  c.o.n.NewSafetyNetApplication                      - No active profile set, falling back to 1 default profile: "default"
2022-07-09 15:07:05 [main] INFO  o.s.b.w.e.t.TomcatWebServer                        - Tomcat initialized with port(s): 9000 (http)
2022-07-09 15:07:06 [main] INFO  o.s.b.w.e.t.TomcatWebServer                        - Tomcat started on port(s): 9000 (http) with context path ''
2022-07-09 15:07:06 [main] INFO  c.o.n.NewSafetyNetApplication                      - Started NewSafetyNetApplication in 2.59 seconds (process running for 3.547)
2022-07-09 15:24:39 [main] INFO  c.o.n.NewSafetyNetApplication                      - Starting NewSafetyNetApplication using Java 17.0.3 on Claudiu-Dell with PID 8488 (C:\WorkJavaVisualCode\new_safety_net\target\classes started by kls_k in C:\WorkJavaVisualCode\new_safety_net)
2022-07-09 15:24:39 [main] INFO  c.o.n.NewSafetyNetApplication                      - No active profile set, falling back to 1 default profile: "default"
2022-07-09 15:24:40 [main] INFO  o.s.b.w.e.t.TomcatWebServer                        - Tomcat initialized with port(s): 9000 (http)
2022-07-09 15:24:41 [main] INFO  o.s.b.w.e.t.TomcatWebServer                        - Tomcat started on port(s): 9000 (http) with context path ''
2022-07-09 15:24:41 [main] INFO  c.o.n.NewSafetyNetApplication                      - Started NewSafetyNetApplication in 2.22 seconds (process running for 3.01)
2022-07-09 15:25:05 [http-nio-9000-exec-2] INFO  c.o.n.s.SafetyNetService                           - Json iterator is created.
2022-07-09 15:25:05 [http-nio-9000-exec-2] INFO  c.o.n.s.SafetyNetService                           - List persons is created.
2022-07-09 15:25:05 [http-nio-9000-exec-2] INFO  c.o.n.c.NewSafetyAlertController                   - GET /persons : 200 OK
2022-07-09 15:25:14 [http-nio-9000-exec-5] INFO  c.o.n.s.SafetyNetService                           - Json iterator is created.
2022-07-09 15:25:14 [http-nio-9000-exec-5] INFO  c.o.n.s.SafetyNetService                           - List persons is created.
2022-07-09 15:25:14 [http-nio-9000-exec-5] INFO  c.o.n.c.NewSafetyAlertController                   - GET /firestations : 200 OK
2022-07-09 15:32:35 [main] INFO  c.o.n.NewSafetyNetApplication                      - Starting NewSafetyNetApplication using Java 17.0.3 on Claudiu-Dell with PID 23992 (C:\WorkJavaVisualCode\new_safety_net\target\classes started by kls_k in C:\WorkJavaVisualCode\new_safety_net)
2022-07-09 15:32:35 [main] INFO  c.o.n.NewSafetyNetApplication                      - No active profile set, falling back to 1 default profile: "default"
2022-07-09 15:32:36 [main] INFO  o.s.b.w.e.t.TomcatWebServer                        - Tomcat initialized with port(s): 9000 (http)
2022-07-09 15:32:37 [main] ERROR o.s.b.d.LoggingFailureAnalysisReporter             - 

***************************
APPLICATION FAILED TO START
***************************

Description:

Web server failed to start. Port 9000 was already in use.

Action:

Identify and stop the process that's listening on port 9000 or configure this application to listen on another port.

2022-07-09 15:32:51 [http-nio-9000-exec-3] INFO  c.o.n.s.SafetyNetService                           - Json iterator is created.
2022-07-09 15:32:51 [http-nio-9000-exec-3] INFO  c.o.n.s.SafetyNetService                           - List persons is created.
2022-07-09 15:32:51 [http-nio-9000-exec-3] INFO  c.o.n.c.NewSafetyAlertController                   - GET /persons : 200 OK
2022-07-09 15:33:01 [http-nio-9000-exec-8] INFO  c.o.n.s.SafetyNetService                           - Json iterator is created.
2022-07-09 15:33:01 [http-nio-9000-exec-8] INFO  c.o.n.s.SafetyNetService                           - List persons is created.
2022-07-09 15:33:01 [http-nio-9000-exec-8] INFO  c.o.n.c.NewSafetyAlertController                   - GET /firestations : 200 OK
2022-07-09 15:33:33 [http-nio-9000-exec-9] INFO  c.o.n.s.SafetyNetService                           - Json iterator is created.
2022-07-09 15:33:33 [http-nio-9000-exec-9] INFO  c.o.n.s.SafetyNetService                           - List persons is created.
2022-07-09 15:33:33 [http-nio-9000-exec-9] INFO  c.o.n.c.NewSafetyAlertController                   - GET /persons : 200 OK
2022-07-09 15:33:41 [http-nio-9000-exec-10] INFO  c.o.n.s.SafetyNetService                           - Json iterator is created.
2022-07-09 15:33:41 [http-nio-9000-exec-10] INFO  c.o.n.s.SafetyNetService                           - List persons is created.
2022-07-09 15:33:41 [http-nio-9000-exec-10] INFO  c.o.n.c.NewSafetyAlertController                   - GET /firestations : 200 OK
2022-07-09 15:34:03 [main] INFO  c.o.n.NewSafetyNetApplication                      - Starting NewSafetyNetApplication using Java 17.0.3 on Claudiu-Dell with PID 23916 (C:\WorkJavaVisualCode\new_safety_net\target\classes started by kls_k in C:\WorkJavaVisualCode\new_safety_net)
2022-07-09 15:34:03 [main] INFO  c.o.n.NewSafetyNetApplication                      - No active profile set, falling back to 1 default profile: "default"
2022-07-09 15:34:04 [main] INFO  o.s.b.w.e.t.TomcatWebServer                        - Tomcat initialized with port(s): 9001 (http)
2022-07-09 15:34:04 [main] INFO  o.s.b.w.e.t.TomcatWebServer                        - Tomcat started on port(s): 9001 (http) with context path ''
2022-07-09 15:34:04 [main] INFO  c.o.n.NewSafetyNetApplication                      - Started NewSafetyNetApplication in 1.867 seconds (process running for 2.544)
2022-07-09 15:34:38 [http-nio-9000-exec-2] INFO  c.o.n.s.SafetyNetService                           - Json iterator is created.
2022-07-09 15:34:38 [http-nio-9000-exec-2] INFO  c.o.n.s.SafetyNetService                           - List persons is created.
2022-07-09 15:34:38 [http-nio-9000-exec-2] INFO  c.o.n.c.NewSafetyAlertController                   - GET /firestations : 200 OK
2022-07-09 15:34:47 [http-nio-9000-exec-1] INFO  c.o.n.s.SafetyNetService                           - Json iterator is created.
2022-07-09 15:34:47 [http-nio-9000-exec-1] INFO  c.o.n.s.SafetyNetService                           - List persons is created.
2022-07-09 15:34:47 [http-nio-9000-exec-1] INFO  c.o.n.c.NewSafetyAlertController                   - GET /persons : 200 OK
2022-07-09 15:36:45 [http-nio-9001-exec-2] INFO  c.o.n.s.SafetyNetService                           - Json iterator is created.
2022-07-09 15:36:45 [http-nio-9001-exec-2] INFO  c.o.n.s.SafetyNetService                           - List persons is created.
2022-07-09 15:36:45 [http-nio-9001-exec-2] INFO  c.o.n.c.NewSafetyAlertController                   - GET /persons : 200 OK
2022-07-09 15:36:56 [http-nio-9001-exec-3] INFO  c.o.n.s.SafetyNetService                           - Json iterator is created.
2022-07-09 15:36:56 [http-nio-9001-exec-3] INFO  c.o.n.s.SafetyNetService                           - List firestations is created.
2022-07-09 15:36:56 [http-nio-9001-exec-3] INFO  c.o.n.c.NewSafetyAlertController                   - GET /firestations : 200 OK
2022-07-09 15:39:50 [http-nio-9001-exec-5] INFO  c.o.n.s.SafetyNetService                           - Json iterator is created.
2022-07-09 15:39:50 [http-nio-9001-exec-5] INFO  c.o.n.s.SafetyNetService                           - List firestations is created.
2022-07-09 15:39:50 [http-nio-9001-exec-5] INFO  c.o.n.c.NewSafetyAlertController                   - GET /firestations : 200 OK
2022-07-09 16:39:23 [main] INFO  c.o.n.NewSafetyNetApplication                      - Starting NewSafetyNetApplication using Java 17.0.3 on Claudiu-Dell with PID 21748 (C:\WorkJavaVisualCode\new_safety_net\target\classes started by kls_k in C:\WorkJavaVisualCode\new_safety_net)
2022-07-09 16:39:23 [main] INFO  c.o.n.NewSafetyNetApplication                      - No active profile set, falling back to 1 default profile: "default"
2022-07-09 16:39:23 [main] INFO  o.s.b.w.e.t.TomcatWebServer                        - Tomcat initialized with port(s): 9001 (http)
2022-07-09 16:39:24 [main] INFO  o.s.b.w.e.t.TomcatWebServer                        - Tomcat started on port(s): 9001 (http) with context path ''
2022-07-09 16:39:24 [main] INFO  c.o.n.NewSafetyNetApplication                      - Started NewSafetyNetApplication in 1.785 seconds (process running for 2.41)
2022-07-09 16:40:16 [http-nio-9001-exec-5] INFO  c.o.n.s.SafetyNetService                           - Json iterator is created.
2022-07-09 16:40:16 [http-nio-9001-exec-5] INFO  c.o.n.s.SafetyNetService                           - List persons is created.
2022-07-09 16:40:16 [http-nio-9001-exec-5] INFO  c.o.n.c.NewSafetyAlertController                   - GET /persons : 200 OK
2022-07-09 16:41:15 [http-nio-9001-exec-4] INFO  c.o.n.s.SafetyNetService                           - Json iterator is created.
2022-07-09 16:41:15 [http-nio-9001-exec-4] INFO  c.o.n.s.SafetyNetService                           - List persons is created.
2022-07-09 16:41:15 [http-nio-9001-exec-4] INFO  c.o.n.c.NewSafetyAlertController                   - GET /persons : 200 OK
2022-07-09 16:41:26 [http-nio-9001-exec-8] INFO  c.o.n.s.SafetyNetService                           - Json iterator is created.
2022-07-09 16:41:26 [http-nio-9001-exec-8] INFO  c.o.n.s.SafetyNetService                           - List persons is created.
2022-07-09 16:41:44 [http-nio-9001-exec-1] INFO  c.o.n.s.SafetyNetService                           - Json iterator is created.
2022-07-09 16:41:44 [http-nio-9001-exec-1] INFO  c.o.n.s.SafetyNetService                           - List persons is created.
2022-07-09 16:41:44 [http-nio-9001-exec-1] INFO  c.o.n.c.NewSafetyAlertController                   - GET /persons : 200 OK
2022-07-09 16:42:50 [http-nio-9001-exec-6] INFO  c.o.n.s.SafetyNetService                           - Json iterator is created.
2022-07-09 16:42:50 [http-nio-9001-exec-6] INFO  c.o.n.s.SafetyNetService                           - List persons is created.
2022-07-09 16:43:00 [http-nio-9001-exec-10] INFO  c.o.n.s.SafetyNetService                           - Json iterator is created.
2022-07-09 16:43:00 [http-nio-9001-exec-10] INFO  c.o.n.s.SafetyNetService                           - List persons is created.
2022-07-09 16:43:25 [http-nio-9001-exec-3] INFO  c.o.n.s.SafetyNetService                           - Json iterator is created.
2022-07-09 16:43:25 [http-nio-9001-exec-3] INFO  c.o.n.s.SafetyNetService                           - List persons is created.
2022-07-09 16:43:25 [http-nio-9001-exec-3] INFO  c.o.n.c.NewSafetyAlertController                   - GET /persons : 200 OK
