2023-02-08 21:25:56 [main] INFO  c.o.n.NewSafetyNetApplication                      - Starting NewSafetyNetApplication using Java 17.0.3.1 with PID 9616 (C:\Users\kls_k\OneDrive\Claudiu - hors connexion\WorkJavaVisualCode\new_safety_net\target\classes started by kls_k in C:\Users\kls_k\OneDrive\Claudiu - hors connexion\WorkJavaVisualCode\new_safety_net)
2023-02-08 21:25:56 [main] DEBUG c.o.n.NewSafetyNetApplication                      - Running with Spring Boot v3.0.2, Spring v6.0.4
2023-02-08 21:25:56 [main] INFO  c.o.n.NewSafetyNetApplication                      - No active profile set, falling back to 1 default profile: "default"
2023-02-08 21:25:58 [main] INFO  o.s.b.w.e.t.TomcatWebServer                        - Tomcat initialized with port(s): 8080 (http)
2023-02-08 21:25:59 [main] INFO  o.s.b.w.e.t.TomcatWebServer                        - Tomcat started on port(s): 8080 (http) with context path ''
2023-02-08 21:25:59 [main] INFO  c.o.n.NewSafetyNetApplication                      - Started NewSafetyNetApplication in 3.987 seconds (process running for 4.988)
2023-02-08 21:27:39 [http-nio-8080-exec-6] DEBUG c.o.n.s.ObjetFromJson                              - Json iterator is created.
2023-02-08 21:27:39 [http-nio-8080-exec-6] DEBUG c.o.n.s.GetListsElementsJson                       - List persons is created.
2023-02-08 21:27:39 [http-nio-8080-exec-6] INFO  c.o.n.c.NewSafetyAlertController                   - OK
Request Method: <[GET]> /persons
Request URL: http://localhost:8080/persons
Content Type: application/json
Response Code: 200
Header Name: {"content-type": "application/json", "user-agent": "PostmanRuntime/7.30.1", "accept": "*/*", "postman-token": "708d157b-437f-44d7-9a2c-c0fa440cd920", "host": "localhost:8080", "accept-encoding": "gzip, deflate, br", "connection": "keep-alive", "content-length": "240"}
2023-02-08 21:28:47 [main] INFO  c.o.n.NewSafetyNetApplication                      - Starting NewSafetyNetApplication using Java 17.0.3.1 with PID 11124 (C:\Users\kls_k\OneDrive\Claudiu - hors connexion\WorkJavaVisualCode\new_safety_net\target\classes started by kls_k in C:\Users\kls_k\OneDrive\Claudiu - hors connexion\WorkJavaVisualCode\new_safety_net)
2023-02-08 21:28:47 [main] DEBUG c.o.n.NewSafetyNetApplication                      - Running with Spring Boot v3.0.2, Spring v6.0.4
2023-02-08 21:28:47 [main] INFO  c.o.n.NewSafetyNetApplication                      - No active profile set, falling back to 1 default profile: "default"
2023-02-08 21:28:49 [main] INFO  o.s.b.w.e.t.TomcatWebServer                        - Tomcat initialized with port(s): 8080 (http)
2023-02-08 21:28:50 [main] INFO  o.s.b.w.e.t.TomcatWebServer                        - Tomcat started on port(s): 8080 (http) with context path ''
2023-02-08 21:28:50 [main] INFO  c.o.n.NewSafetyNetApplication                      - Started NewSafetyNetApplication in 3.964 seconds (process running for 4.798)
2023-02-08 21:35:03 [main] INFO  c.o.n.NewSafetyNetApplication                      - Starting NewSafetyNetApplication using Java 17.0.3.1 with PID 1468 (C:\Users\kls_k\OneDrive\Claudiu - hors connexion\WorkJavaVisualCode\new_safety_net\target\classes started by kls_k in C:\Users\kls_k\OneDrive\Claudiu - hors connexion\WorkJavaVisualCode\new_safety_net)
2023-02-08 21:35:03 [main] DEBUG c.o.n.NewSafetyNetApplication                      - Running with Spring Boot v3.0.2, Spring v6.0.4
2023-02-08 21:35:03 [main] INFO  c.o.n.NewSafetyNetApplication                      - No active profile set, falling back to 1 default profile: "default"
2023-02-08 21:35:05 [main] INFO  o.s.b.w.e.t.TomcatWebServer                        - Tomcat initialized with port(s): 8080 (http)
2023-02-08 21:35:06 [main] INFO  o.s.b.w.e.t.TomcatWebServer                        - Tomcat started on port(s): 8080 (http) with context path ''
2023-02-08 21:35:06 [main] INFO  c.o.n.NewSafetyNetApplication                      - Started NewSafetyNetApplication in 3.507 seconds (process running for 4.227)
2023-02-08 21:41:24 [main] INFO  c.o.n.NewSafetyNetApplication                      - Starting NewSafetyNetApplication using Java 17.0.3.1 with PID 13552 (C:\Users\kls_k\OneDrive\Claudiu - hors connexion\WorkJavaVisualCode\new_safety_net\target\classes started by kls_k in C:\Users\kls_k\OneDrive\Claudiu - hors connexion\WorkJavaVisualCode\new_safety_net)
2023-02-08 21:41:24 [main] DEBUG c.o.n.NewSafetyNetApplication                      - Running with Spring Boot v3.0.2, Spring v6.0.4
2023-02-08 21:41:24 [main] INFO  c.o.n.NewSafetyNetApplication                      - No active profile set, falling back to 1 default profile: "default"
2023-02-08 21:41:27 [main] INFO  o.s.b.w.e.t.TomcatWebServer                        - Tomcat initialized with port(s): 8080 (http)
2023-02-08 21:41:29 [main] INFO  o.s.b.w.e.t.TomcatWebServer                        - Tomcat started on port(s): 8080 (http) with context path ''
2023-02-08 21:41:29 [main] INFO  c.o.n.NewSafetyNetApplication                      - Started NewSafetyNetApplication in 5.776 seconds (process running for 6.596)
2023-02-08 21:43:01 [main] INFO  c.o.n.NewSafetyNetApplication                      - Starting NewSafetyNetApplication using Java 17.0.3.1 with PID 21256 (C:\Users\kls_k\OneDrive\Claudiu - hors connexion\WorkJavaVisualCode\new_safety_net\target\classes started by kls_k in C:\Users\kls_k\OneDrive\Claudiu - hors connexion\WorkJavaVisualCode\new_safety_net)
2023-02-08 21:43:01 [main] DEBUG c.o.n.NewSafetyNetApplication                      - Running with Spring Boot v3.0.2, Spring v6.0.4
2023-02-08 21:43:01 [main] INFO  c.o.n.NewSafetyNetApplication                      - No active profile set, falling back to 1 default profile: "default"
2023-02-08 21:43:04 [main] INFO  o.s.b.w.e.t.TomcatWebServer                        - Tomcat initialized with port(s): 8080 (http)
2023-02-08 21:43:07 [main] INFO  o.s.b.w.e.t.TomcatWebServer                        - Tomcat started on port(s): 8080 (http) with context path ''
2023-02-08 21:43:07 [main] INFO  c.o.n.NewSafetyNetApplication                      - Started NewSafetyNetApplication in 6.394 seconds (process running for 7.183)
2023-02-08 21:52:27 [main] INFO  c.o.n.NewSafetyNetApplication                      - Starting NewSafetyNetApplication using Java 17.0.3.1 with PID 11132 (C:\Users\kls_k\OneDrive\Claudiu - hors connexion\WorkJavaVisualCode\new_safety_net\target\classes started by kls_k in C:\Users\kls_k\OneDrive\Claudiu - hors connexion\WorkJavaVisualCode\new_safety_net)
2023-02-08 21:52:27 [main] DEBUG c.o.n.NewSafetyNetApplication                      - Running with Spring Boot v3.0.2, Spring v6.0.4
2023-02-08 21:52:27 [main] INFO  c.o.n.NewSafetyNetApplication                      - No active profile set, falling back to 1 default profile: "default"
2023-02-08 21:52:29 [main] INFO  o.s.b.w.e.t.TomcatWebServer                        - Tomcat initialized with port(s): 8080 (http)
2023-02-08 21:52:31 [main] INFO  o.s.b.w.e.t.TomcatWebServer                        - Tomcat started on port(s): 8080 (http) with context path ''
2023-02-08 21:52:31 [main] INFO  c.o.n.NewSafetyNetApplication                      - Started NewSafetyNetApplication in 5.007 seconds (process running for 5.765)
2023-02-08 21:59:07 [main] INFO  c.o.n.NewSafetyNetApplication                      - Starting NewSafetyNetApplication using Java 17.0.3.1 with PID 1408 (C:\Users\kls_k\OneDrive\Claudiu - hors connexion\WorkJavaVisualCode\new_safety_net\target\classes started by kls_k in C:\Users\kls_k\OneDrive\Claudiu - hors connexion\WorkJavaVisualCode\new_safety_net)
2023-02-08 21:59:07 [main] DEBUG c.o.n.NewSafetyNetApplication                      - Running with Spring Boot v3.0.2, Spring v6.0.4
2023-02-08 21:59:07 [main] INFO  c.o.n.NewSafetyNetApplication                      - No active profile set, falling back to 1 default profile: "default"
2023-02-08 21:59:10 [main] INFO  o.s.b.w.e.t.TomcatWebServer                        - Tomcat initialized with port(s): 8080 (http)
2023-02-08 21:59:13 [main] INFO  o.s.b.w.e.t.TomcatWebServer                        - Tomcat started on port(s): 8080 (http) with context path ''
2023-02-08 21:59:13 [main] INFO  c.o.n.NewSafetyNetApplication                      - Started NewSafetyNetApplication in 6.1 seconds (process running for 7.231)
2023-02-08 21:59:55 [main] INFO  c.o.n.NewSafetyNetApplication                      - Starting NewSafetyNetApplication using Java 17.0.3.1 with PID 21344 (C:\Users\kls_k\OneDrive\Claudiu - hors connexion\WorkJavaVisualCode\new_safety_net\target\classes started by kls_k in C:\Users\kls_k\OneDrive\Claudiu - hors connexion\WorkJavaVisualCode\new_safety_net)
2023-02-08 21:59:55 [main] DEBUG c.o.n.NewSafetyNetApplication                      - Running with Spring Boot v3.0.2, Spring v6.0.4
2023-02-08 21:59:55 [main] INFO  c.o.n.NewSafetyNetApplication                      - No active profile set, falling back to 1 default profile: "default"
2023-02-08 21:59:58 [main] INFO  o.s.b.w.e.t.TomcatWebServer                        - Tomcat initialized with port(s): 8080 (http)
2023-02-08 22:00:01 [main] INFO  o.s.b.w.e.t.TomcatWebServer                        - Tomcat started on port(s): 8080 (http) with context path ''
2023-02-08 22:00:01 [main] INFO  c.o.n.NewSafetyNetApplication                      - Started NewSafetyNetApplication in 6.852 seconds (process running for 7.877)
2023-02-08 22:03:40 [main] INFO  c.o.n.NewSafetyNetApplication                      - Starting NewSafetyNetApplication using Java 17.0.3.1 with PID 1652 (C:\Users\kls_k\OneDrive\Claudiu - hors connexion\WorkJavaVisualCode\new_safety_net\target\classes started by kls_k in C:\Users\kls_k\OneDrive\Claudiu - hors connexion\WorkJavaVisualCode\new_safety_net)
2023-02-08 22:03:40 [main] DEBUG c.o.n.NewSafetyNetApplication                      - Running with Spring Boot v3.0.2, Spring v6.0.4
2023-02-08 22:03:40 [main] INFO  c.o.n.NewSafetyNetApplication                      - No active profile set, falling back to 1 default profile: "default"
2023-02-08 22:03:43 [main] INFO  o.s.b.w.e.t.TomcatWebServer                        - Tomcat initialized with port(s): 8080 (http)
2023-02-08 22:03:46 [main] INFO  o.s.b.w.e.t.TomcatWebServer                        - Tomcat started on port(s): 8080 (http) with context path ''
2023-02-08 22:03:46 [main] INFO  c.o.n.NewSafetyNetApplication                      - Started NewSafetyNetApplication in 7.032 seconds (process running for 8.658)
2023-02-08 22:05:23 [main] INFO  c.o.n.NewSafetyNetApplication                      - Starting NewSafetyNetApplication using Java 17.0.3.1 with PID 1604 (C:\Users\kls_k\OneDrive\Claudiu - hors connexion\WorkJavaVisualCode\new_safety_net\target\classes started by kls_k in C:\Users\kls_k\OneDrive\Claudiu - hors connexion\WorkJavaVisualCode\new_safety_net)
2023-02-08 22:05:23 [main] DEBUG c.o.n.NewSafetyNetApplication                      - Running with Spring Boot v3.0.2, Spring v6.0.4
2023-02-08 22:05:23 [main] INFO  c.o.n.NewSafetyNetApplication                      - No active profile set, falling back to 1 default profile: "default"
2023-02-08 22:05:27 [main] INFO  o.s.b.w.e.t.TomcatWebServer                        - Tomcat initialized with port(s): 8080 (http)
2023-02-08 22:05:31 [main] INFO  o.s.b.w.e.t.TomcatWebServer                        - Tomcat started on port(s): 8080 (http) with context path ''
2023-02-08 22:05:31 [main] INFO  c.o.n.NewSafetyNetApplication                      - Started NewSafetyNetApplication in 9.225 seconds (process running for 10.639)
2023-02-08 22:09:17 [main] INFO  c.o.n.NewSafetyNetApplication                      - Starting NewSafetyNetApplication using Java 17.0.3.1 with PID 7456 (C:\Users\kls_k\OneDrive\Claudiu - hors connexion\WorkJavaVisualCode\new_safety_net\target\classes started by kls_k in C:\Users\kls_k\OneDrive\Claudiu - hors connexion\WorkJavaVisualCode\new_safety_net)
2023-02-08 22:09:17 [main] DEBUG c.o.n.NewSafetyNetApplication                      - Running with Spring Boot v3.0.2, Spring v6.0.4
2023-02-08 22:09:17 [main] INFO  c.o.n.NewSafetyNetApplication                      - No active profile set, falling back to 1 default profile: "default"
2023-02-08 22:09:20 [main] INFO  o.s.b.w.e.t.TomcatWebServer                        - Tomcat initialized with port(s): 8080 (http)
2023-02-08 22:09:25 [main] INFO  o.s.b.w.e.t.TomcatWebServer                        - Tomcat started on port(s): 8080 (http) with context path ''
2023-02-08 22:09:25 [main] INFO  c.o.n.NewSafetyNetApplication                      - Started NewSafetyNetApplication in 10.406 seconds (process running for 13.02)
