2022-08-08 07:59:43 [main] INFO  c.o.n.NewSafetyNetApplication                      - Starting NewSafetyNetApplication using Java 17.0.3 on Claudiu-Dell with PID 24560 (C:\WorkJavaVisualCode\new_safety_net\target\classes started by kls_k in C:\WorkJavaVisualCode\new_safety_net)
2022-08-08 07:59:43 [main] DEBUG c.o.n.NewSafetyNetApplication                      - Running with Spring Boot v3.0.0-SNAPSHOT, Spring v6.0.0-SNAPSHOT
2022-08-08 07:59:43 [main] INFO  c.o.n.NewSafetyNetApplication                      - No active profile set, falling back to 1 default profile: "default"
2022-08-08 07:59:44 [main] INFO  o.s.b.w.e.t.TomcatWebServer                        - Tomcat initialized with port(s): 9000 (http)
2022-08-08 07:59:45 [main] INFO  o.s.b.w.e.t.TomcatWebServer                        - Tomcat started on port(s): 9000 (http) with context path ''
2022-08-08 07:59:45 [main] INFO  c.o.n.NewSafetyNetApplication                      - Started NewSafetyNetApplication in 3.296 seconds (process running for 4.144)
2022-08-08 08:00:10 [http-nio-9000-exec-1] DEBUG c.o.n.s.SafetyNetService                           - Request URL: http://localhost:9000/flood/station?station=3,1
2022-08-08 08:00:10 [http-nio-9000-exec-1] DEBUG c.o.n.s.SafetyNetService                           - Json iterator is created.
2022-08-08 08:00:10 [http-nio-9000-exec-1] DEBUG c.o.n.s.SafetyNetService                           - List persons is created.
2022-08-08 08:00:10 [http-nio-9000-exec-1] DEBUG c.o.n.s.SafetyNetService                           - Json iterator is created.
2022-08-08 08:00:10 [http-nio-9000-exec-1] DEBUG c.o.n.s.SafetyNetService                           - List firestations is created: [Firestations [address=1509 Culver St, station=3], Firestations [address=29 15th St, station=2], Firestations [address=834 Binoc Ave, station=3], Firestations [address=644 Gershwin Cir, station=1], Firestations [address=748 Townings Dr, station=3], Firestations [address=112 Steppes Pl, station=3], Firestations [address=489 Manchester St, station=4], Firestations [address=892 Downing Ct, station=2], Firestations [address=908 73rd St, station=1], Firestations [address=112 Steppes Pl, station=4], Firestations [address=947 E. Rose Dr, station=1], Firestations [address=951 LoneTree Rd, station=2]]
2022-08-08 08:00:10 [http-nio-9000-exec-1] DEBUG c.o.n.s.SafetyNetService                           - Json iterator is created.
2022-08-08 08:00:10 [http-nio-9000-exec-1] DEBUG c.o.n.s.SafetyNetService                           - List medicalrecords is created.
2022-08-08 08:00:10 [http-nio-9000-exec-1] DEBUG c.o.n.s.SafetyNetService                           - Json iterator is created.
2022-08-08 08:00:10 [http-nio-9000-exec-1] DEBUG c.o.n.s.SafetyNetService                           - List medicalrecords is created.
2022-08-08 08:00:10 [http-nio-9000-exec-1] DEBUG c.o.n.s.SafetyNetService                           - Json iterator is created.
2022-08-08 08:00:10 [http-nio-9000-exec-1] DEBUG c.o.n.s.SafetyNetService                           - List medicalrecords is created.
2022-08-08 08:00:10 [http-nio-9000-exec-1] DEBUG c.o.n.s.SafetyNetService                           - Json iterator is created.
2022-08-08 08:00:10 [http-nio-9000-exec-1] DEBUG c.o.n.s.SafetyNetService                           - List medicalrecords is created.
2022-08-08 08:00:10 [http-nio-9000-exec-1] DEBUG c.o.n.s.SafetyNetService                           - Json iterator is created.
2022-08-08 08:00:10 [http-nio-9000-exec-1] DEBUG c.o.n.s.SafetyNetService                           - List medicalrecords is created.
2022-08-08 08:00:10 [http-nio-9000-exec-1] DEBUG c.o.n.s.SafetyNetService                           - Json iterator is created.
2022-08-08 08:00:10 [http-nio-9000-exec-1] DEBUG c.o.n.s.SafetyNetService                           - List medicalrecords is created.
2022-08-08 08:00:10 [http-nio-9000-exec-1] DEBUG c.o.n.s.SafetyNetService                           - Json iterator is created.
2022-08-08 08:00:10 [http-nio-9000-exec-1] DEBUG c.o.n.s.SafetyNetService                           - List medicalrecords is created.
2022-08-08 08:00:10 [http-nio-9000-exec-1] INFO  c.o.n.c.NewSafetyAlertController                   - Response status 200:
Request Method: <[GET]> /flood/station
Request URL: http://localhost:9000/flood/station?station=3,1
Content Type: application/json
Response Code: 200
Header Name: {"content-type": "application/json", "user-agent": "PostmanRuntime/7.29.2", "accept": "*/*", "postman-token": "392e6212-b045-4931-ad9d-adaa9342c337", "host": "localhost:9000", "accept-encoding": "gzip, deflate, br", "connection": "keep-alive", "content-length": "240"}
2022-08-08 08:00:22 [http-nio-9000-exec-3] DEBUG c.o.n.s.SafetyNetService                           - Request URL: http://localhost:9000/flood/station?station=3,1,9999
2022-08-08 08:00:22 [http-nio-9000-exec-3] DEBUG c.o.n.s.SafetyNetService                           - Json iterator is created.
2022-08-08 08:00:22 [http-nio-9000-exec-3] DEBUG c.o.n.s.SafetyNetService                           - List persons is created.
2022-08-08 08:00:22 [http-nio-9000-exec-3] DEBUG c.o.n.s.SafetyNetService                           - Json iterator is created.
2022-08-08 08:00:22 [http-nio-9000-exec-3] DEBUG c.o.n.s.SafetyNetService                           - List firestations is created: [Firestations [address=1509 Culver St, station=3], Firestations [address=29 15th St, station=2], Firestations [address=834 Binoc Ave, station=3], Firestations [address=644 Gershwin Cir, station=1], Firestations [address=748 Townings Dr, station=3], Firestations [address=112 Steppes Pl, station=3], Firestations [address=489 Manchester St, station=4], Firestations [address=892 Downing Ct, station=2], Firestations [address=908 73rd St, station=1], Firestations [address=112 Steppes Pl, station=4], Firestations [address=947 E. Rose Dr, station=1], Firestations [address=951 LoneTree Rd, station=2]]
2022-08-08 08:00:22 [http-nio-9000-exec-3] DEBUG c.o.n.s.SafetyNetService                           - Json iterator is created.
2022-08-08 08:00:22 [http-nio-9000-exec-3] DEBUG c.o.n.s.SafetyNetService                           - List medicalrecords is created.
2022-08-08 08:00:22 [http-nio-9000-exec-3] DEBUG c.o.n.s.SafetyNetService                           - Json iterator is created.
2022-08-08 08:00:22 [http-nio-9000-exec-3] DEBUG c.o.n.s.SafetyNetService                           - List medicalrecords is created.
2022-08-08 08:00:22 [http-nio-9000-exec-3] DEBUG c.o.n.s.SafetyNetService                           - Json iterator is created.
2022-08-08 08:00:22 [http-nio-9000-exec-3] DEBUG c.o.n.s.SafetyNetService                           - List medicalrecords is created.
2022-08-08 08:00:22 [http-nio-9000-exec-3] DEBUG c.o.n.s.SafetyNetService                           - Json iterator is created.
2022-08-08 08:00:22 [http-nio-9000-exec-3] DEBUG c.o.n.s.SafetyNetService                           - List medicalrecords is created.
2022-08-08 08:00:22 [http-nio-9000-exec-3] DEBUG c.o.n.s.SafetyNetService                           - Json iterator is created.
2022-08-08 08:00:22 [http-nio-9000-exec-3] DEBUG c.o.n.s.SafetyNetService                           - List medicalrecords is created.
2022-08-08 08:00:22 [http-nio-9000-exec-3] DEBUG c.o.n.s.SafetyNetService                           - Json iterator is created.
2022-08-08 08:00:22 [http-nio-9000-exec-3] DEBUG c.o.n.s.SafetyNetService                           - List medicalrecords is created.
2022-08-08 08:00:22 [http-nio-9000-exec-3] DEBUG c.o.n.s.SafetyNetService                           - Json iterator is created.
2022-08-08 08:00:22 [http-nio-9000-exec-3] DEBUG c.o.n.s.SafetyNetService                           - List medicalrecords is created.
2022-08-08 08:00:22 [http-nio-9000-exec-3] INFO  c.o.n.c.NewSafetyAlertController                   - Response status 200:
Request Method: <[GET]> /flood/station
Request URL: http://localhost:9000/flood/station?station=3,1,9999
Content Type: application/json
Response Code: 200
Header Name: {"content-type": "application/json", "user-agent": "PostmanRuntime/7.29.2", "accept": "*/*", "postman-token": "ca5be74c-3887-42bc-b049-3c9f7d24ac6c", "host": "localhost:9000", "accept-encoding": "gzip, deflate, br", "connection": "keep-alive", "content-length": "240"}
2022-08-08 18:03:34 [main] INFO  c.o.n.NewSafetyNetApplication                      - Starting NewSafetyNetApplication using Java 17.0.3 on Claudiu-Dell with PID 12192 (C:\WorkJavaVisualCode\new_safety_net\target\classes started by kls_k in C:\WorkJavaVisualCode\new_safety_net)
2022-08-08 18:03:34 [main] DEBUG c.o.n.NewSafetyNetApplication                      - Running with Spring Boot v3.0.0-SNAPSHOT, Spring v6.0.0-SNAPSHOT
2022-08-08 18:03:34 [main] INFO  c.o.n.NewSafetyNetApplication                      - No active profile set, falling back to 1 default profile: "default"
2022-08-08 18:03:35 [main] INFO  o.s.b.w.e.t.TomcatWebServer                        - Tomcat initialized with port(s): 9000 (http)
2022-08-08 18:03:35 [main] INFO  o.s.b.w.e.t.TomcatWebServer                        - Tomcat started on port(s): 9000 (http) with context path ''
2022-08-08 18:03:35 [main] INFO  c.o.n.NewSafetyNetApplication                      - Started NewSafetyNetApplication in 1.929 seconds (process running for 2.588)
2022-08-08 18:04:47 [http-nio-9000-exec-3] DEBUG c.o.n.s.SafetyNetService                           - Request URL: http://localhost:9000/personInfo?firstName=%253CfirstName%253E&lastName=%253ClastName%253E
2022-08-08 18:04:47 [http-nio-9000-exec-3] DEBUG c.o.n.s.SafetyNetService                           - Json iterator is created.
2022-08-08 18:04:47 [http-nio-9000-exec-3] DEBUG c.o.n.s.SafetyNetService                           - List persons is created.
2022-08-08 18:04:47 [http-nio-9000-exec-3] DEBUG c.o.n.s.SafetyNetService                           - The list of persons: [Persons{firstName='John', lastName='Boyd', address='1509 Culver St', city='Culver', zip='97451', phone='841-874-6512', email='jaboyd@email.com'}, Persons{firstName='Jacob', lastName='Boyd', address='1509 Culver St', city='Culver', zip='97451', phone='841-874-6513', email='drk@email.com'}, Persons{firstName='Tenley', lastName='Boyd', address='1509 Culver St', city='Culver', zip='97451', phone='841-874-6512', email='tenz@email.com'}, Persons{firstName='Roger', lastName='Boyd', address='1509 Culver St', city='Culver', zip='97451', phone='841-874-6512', email='jaboyd@email.com'}, Persons{firstName='Felicia', lastName='Boyd', address='1509 Culver St', city='Culver', zip='97451', phone='841-874-6544', email='jaboyd@email.com'}, Persons{firstName='Jonanathan', lastName='Marrack', address='29 15th St', city='Culver', zip='97451', phone='841-874-6513', email='drk@email.com'}, Persons{firstName='Tessa', lastName='Carman', address='834 Binoc Ave', city='Culver', zip='97451', phone='841-874-6512', email='tenz@email.com'}, Persons{firstName='Peter', lastName='Duncan', address='644 Gershwin Cir', city='Culver', zip='97451', phone='841-874-6512', email='jaboyd@email.com'}, Persons{firstName='Foster', lastName='Shepard', address='748 Townings Dr', city='Culver', zip='97451', phone='841-874-6544', email='jaboyd@email.com'}, Persons{firstName='Tony', lastName='Cooper', address='112 Steppes Pl', city='Culver', zip='97451', phone='841-874-6874', email='tcoop@ymail.com'}, Persons{firstName='Lily', lastName='Cooper', address='489 Manchester St', city='Culver', zip='97451', phone='841-874-9845', email='lily@email.com'}, Persons{firstName='Sophia', lastName='Zemicks', address='892 Downing Ct', city='Culver', zip='97451', phone='841-874-7878', email='soph@email.com'}, Persons{firstName='Warren', lastName='Zemicks', address='892 Downing Ct', city='Culver', zip='97451', phone='841-874-7512', email='ward@email.com'}, Persons{firstName='Zach', lastName='Zemicks', address='892 Downing Ct', city='Culver', zip='97451', phone='841-874-7512', email='zarc@email.com'}, Persons{firstName='Reginold', lastName='Walker', address='908 73rd St', city='Culver', zip='97451', phone='841-874-8547', email='reg@email.com'}, Persons{firstName='Jamie', lastName='Peters', address='908 73rd St', city='Culver', zip='97451', phone='841-874-7462', email='jpeter@email.com'}, Persons{firstName='Ron', lastName='Peters', address='112 Steppes Pl', city='Culver', zip='97451', phone='841-874-8888', email='jpeter@email.com'}, Persons{firstName='Allison', lastName='Boyd', address='112 Steppes Pl', city='Culver', zip='97451', phone='841-874-9888', email='aly@imail.com'}, Persons{firstName='Brian', lastName='Stelzer', address='947 E. Rose Dr', city='Culver', zip='97451', phone='841-874-7784', email='bstel@email.com'}, Persons{firstName='Shawna', lastName='Stelzer', address='947 E. Rose Dr', city='Culver', zip='97451', phone='841-874-7784', email='ssanw@email.com'}, Persons{firstName='Kendrik', lastName='Stelzer', address='947 E. Rose Dr', city='Culver', zip='97451', phone='841-874-7784', email='bstel@email.com'}, Persons{firstName='Clive', lastName='Ferguson', address='748 Townings Dr', city='Culver', zip='97451', phone='841-874-6741', email='clivfd@ymail.com'}, Persons{firstName='Eric', lastName='Cadigan', address='951 LoneTree Rd', city='Culver', zip='97451', phone='841-874-7458', email='gramps@email.com'}, Persons{firstName='John3', lastName='Boyd3', address='1509 Culver St 3', city='Culver 3', zip='97451 3', phone='841-874-6512 3', email='jaboyd@email.com 3'}, Persons{firstName='John4', lastName='Boyd4', address='1509 Culver St 4', city='Culver 4', zip='97451 4', phone='841-874-6512 4', email='jaboyd@email.com 4'}, Persons{firstName='John5', lastName='Boyd5', address='1509 Culver St 5', city='Culver 5', zip='97451 5', phone='841-874-6512 5', email='jaboyd@email.com 5'}]
2022-08-08 18:04:47 [http-nio-9000-exec-3] DEBUG c.o.n.s.SafetyNetService                           - Json iterator is created.
2022-08-08 18:04:47 [http-nio-9000-exec-3] DEBUG c.o.n.s.SafetyNetService                           - List medicalrecords is created.
2022-08-08 18:04:47 [http-nio-9000-exec-3] DEBUG c.o.n.s.SafetyNetService                           - The list of medical records is: [Medicalrecords [firstName=John, lastName=Boyd, birthdate=03/06/1984, medications=[aznol:350mg, hydrapermazol:100mg], allergies=[nillacilan]], Medicalrecords [firstName=Jacob, lastName=Boyd, birthdate=03/06/1989, medications=[pharmacol:5000mg, terazine:10mg, noznazol:250mg], allergies=[]], Medicalrecords [firstName=Tenley, lastName=Boyd, birthdate=02/18/2012, medications=[], allergies=[peanut]], Medicalrecords [firstName=Roger, lastName=Boyd, birthdate=09/06/2017, medications=[], allergies=[]], Medicalrecords [firstName=Felicia, lastName=Boyd, birthdate=01/08/1986, medications=[tetracyclaz:650mg], allergies=[xilliathal]], Medicalrecords [firstName=Jonanathan, lastName=Marrack, birthdate=01/03/1989, medications=[], allergies=[]], Medicalrecords [firstName=Tessa, lastName=Carman, birthdate=02/18/2012, medications=[], allergies=[]], Medicalrecords [firstName=Peter, lastName=Duncan, birthdate=09/06/2000, medications=[], allergies=[shellfish]], Medicalrecords [firstName=Foster, lastName=Shepard, birthdate=01/08/1980, medications=[], allergies=[]], Medicalrecords [firstName=Tony, lastName=Cooper, birthdate=03/06/1994, medications=[hydrapermazol:300mg, dodoxadin:30mg], allergies=[shellfish]], Medicalrecords [firstName=Lily, lastName=Cooper, birthdate=03/06/1994, medications=[], allergies=[]], Medicalrecords [firstName=Sophia, lastName=Zemicks, birthdate=03/06/1988, medications=[aznol:60mg, hydrapermazol:900mg, pharmacol:5000mg, terazine:500mg], allergies=[peanut, shellfish, aznol]], Medicalrecords [firstName=Warren, lastName=Zemicks, birthdate=03/06/1985, medications=[], allergies=[]], Medicalrecords [firstName=Zach, lastName=Zemicks, birthdate=03/06/2017, medications=[], allergies=[]], Medicalrecords [firstName=Reginold, lastName=Walker, birthdate=08/30/1979, medications=[thradox:700mg], allergies=[illisoxian]], Medicalrecords [firstName=Jamie, lastName=Peters, birthdate=03/06/1982, medications=[], allergies=[]], Medicalrecords [firstName=Ron, lastName=Peters, birthdate=04/06/1965, medications=[], allergies=[]], Medicalrecords [firstName=Allison, lastName=Boyd, birthdate=03/15/1965, medications=[aznol:200mg], allergies=[nillacilan]], Medicalrecords [firstName=Brian, lastName=Stelzer, birthdate=12/06/1975, medications=[ibupurin:200mg, hydrapermazol:400mg], allergies=[nillacilan]], Medicalrecords [firstName=Shawna, lastName=Stelzer, birthdate=07/08/1980, medications=[], allergies=[]], Medicalrecords [firstName=Kendrik, lastName=Stelzer, birthdate=03/06/2014, medications=[noxidian:100mg, pharmacol:2500mg], allergies=[]], Medicalrecords [firstName=Clive, lastName=Ferguson, birthdate=03/06/1994, medications=[], allergies=[]], Medicalrecords [firstName=Eric, lastName=Cadigan, birthdate=08/06/1945, medications=[tradoxidine:400mg], allergies=[]]]
2022-08-08 18:04:47 [http-nio-9000-exec-3] INFO  c.o.n.c.NewSafetyAlertController                   - No person with this name. Response status 404:
Request Method: <[GET]> /personInfo
Request URL: http://localhost:9000/personInfo?firstName=%253CfirstName%253E&lastName=%253ClastName%253E
Content Type: application/json
Response Code: 404
Header Name: {"content-type": "application/json", "user-agent": "PostmanRuntime/7.29.2", "accept": "*/*", "postman-token": "36ee4cf8-3f44-4493-9732-63f6c17ed14b", "host": "localhost:9000", "accept-encoding": "gzip, deflate, br", "connection": "keep-alive", "content-length": "240"}
2022-08-08 18:04:58 [http-nio-9000-exec-4] DEBUG c.o.n.s.SafetyNetService                           - Request URL: http://localhost:9000/flood/station?station=3,1
2022-08-08 18:04:58 [http-nio-9000-exec-4] DEBUG c.o.n.s.SafetyNetService                           - Json iterator is created.
2022-08-08 18:04:58 [http-nio-9000-exec-4] DEBUG c.o.n.s.SafetyNetService                           - List persons is created.
2022-08-08 18:04:58 [http-nio-9000-exec-4] DEBUG c.o.n.s.SafetyNetService                           - Json iterator is created.
2022-08-08 18:04:58 [http-nio-9000-exec-4] DEBUG c.o.n.s.SafetyNetService                           - List firestations is created: [Firestations [address=1509 Culver St, station=3], Firestations [address=29 15th St, station=2], Firestations [address=834 Binoc Ave, station=3], Firestations [address=644 Gershwin Cir, station=1], Firestations [address=748 Townings Dr, station=3], Firestations [address=112 Steppes Pl, station=3], Firestations [address=489 Manchester St, station=4], Firestations [address=892 Downing Ct, station=2], Firestations [address=908 73rd St, station=1], Firestations [address=112 Steppes Pl, station=4], Firestations [address=947 E. Rose Dr, station=1], Firestations [address=951 LoneTree Rd, station=2]]
2022-08-08 18:04:58 [http-nio-9000-exec-4] DEBUG c.o.n.s.SafetyNetService                           - Json iterator is created.
2022-08-08 18:04:58 [http-nio-9000-exec-4] DEBUG c.o.n.s.SafetyNetService                           - List medicalrecords is created.
2022-08-08 18:04:58 [http-nio-9000-exec-4] DEBUG c.o.n.s.SafetyNetService                           - Json iterator is created.
2022-08-08 18:04:58 [http-nio-9000-exec-4] DEBUG c.o.n.s.SafetyNetService                           - List medicalrecords is created.
2022-08-08 18:04:58 [http-nio-9000-exec-4] DEBUG c.o.n.s.SafetyNetService                           - Json iterator is created.
2022-08-08 18:04:58 [http-nio-9000-exec-4] DEBUG c.o.n.s.SafetyNetService                           - List medicalrecords is created.
2022-08-08 18:04:58 [http-nio-9000-exec-4] DEBUG c.o.n.s.SafetyNetService                           - Json iterator is created.
2022-08-08 18:04:58 [http-nio-9000-exec-4] DEBUG c.o.n.s.SafetyNetService                           - List medicalrecords is created.
2022-08-08 18:04:58 [http-nio-9000-exec-4] DEBUG c.o.n.s.SafetyNetService                           - Json iterator is created.
2022-08-08 18:04:58 [http-nio-9000-exec-4] DEBUG c.o.n.s.SafetyNetService                           - List medicalrecords is created.
2022-08-08 18:04:58 [http-nio-9000-exec-4] DEBUG c.o.n.s.SafetyNetService                           - Json iterator is created.
2022-08-08 18:04:58 [http-nio-9000-exec-4] DEBUG c.o.n.s.SafetyNetService                           - List medicalrecords is created.
2022-08-08 18:04:58 [http-nio-9000-exec-4] DEBUG c.o.n.s.SafetyNetService                           - Json iterator is created.
2022-08-08 18:04:58 [http-nio-9000-exec-4] DEBUG c.o.n.s.SafetyNetService                           - List medicalrecords is created.
2022-08-08 18:04:58 [http-nio-9000-exec-4] INFO  c.o.n.c.NewSafetyAlertController                   - Response status 200:
Request Method: <[GET]> /flood/station
Request URL: http://localhost:9000/flood/station?station=3,1
Content Type: application/json
Response Code: 200
Header Name: {"content-type": "application/json", "user-agent": "PostmanRuntime/7.29.2", "accept": "*/*", "postman-token": "84187a55-1f55-4b7a-9fb9-fb1b2b35a927", "host": "localhost:9000", "accept-encoding": "gzip, deflate, br", "connection": "keep-alive", "content-length": "240"}
2022-08-08 18:05:36 [http-nio-9000-exec-1] DEBUG c.o.n.s.SafetyNetService                           - Request URL: http://localhost:9000/personInfo?firstName=john&lastName=Boyd
2022-08-08 18:05:36 [http-nio-9000-exec-1] DEBUG c.o.n.s.SafetyNetService                           - Json iterator is created.
2022-08-08 18:05:36 [http-nio-9000-exec-1] DEBUG c.o.n.s.SafetyNetService                           - List persons is created.
2022-08-08 18:05:36 [http-nio-9000-exec-1] DEBUG c.o.n.s.SafetyNetService                           - The list of persons: [Persons{firstName='John', lastName='Boyd', address='1509 Culver St', city='Culver', zip='97451', phone='841-874-6512', email='jaboyd@email.com'}, Persons{firstName='Jacob', lastName='Boyd', address='1509 Culver St', city='Culver', zip='97451', phone='841-874-6513', email='drk@email.com'}, Persons{firstName='Tenley', lastName='Boyd', address='1509 Culver St', city='Culver', zip='97451', phone='841-874-6512', email='tenz@email.com'}, Persons{firstName='Roger', lastName='Boyd', address='1509 Culver St', city='Culver', zip='97451', phone='841-874-6512', email='jaboyd@email.com'}, Persons{firstName='Felicia', lastName='Boyd', address='1509 Culver St', city='Culver', zip='97451', phone='841-874-6544', email='jaboyd@email.com'}, Persons{firstName='Jonanathan', lastName='Marrack', address='29 15th St', city='Culver', zip='97451', phone='841-874-6513', email='drk@email.com'}, Persons{firstName='Tessa', lastName='Carman', address='834 Binoc Ave', city='Culver', zip='97451', phone='841-874-6512', email='tenz@email.com'}, Persons{firstName='Peter', lastName='Duncan', address='644 Gershwin Cir', city='Culver', zip='97451', phone='841-874-6512', email='jaboyd@email.com'}, Persons{firstName='Foster', lastName='Shepard', address='748 Townings Dr', city='Culver', zip='97451', phone='841-874-6544', email='jaboyd@email.com'}, Persons{firstName='Tony', lastName='Cooper', address='112 Steppes Pl', city='Culver', zip='97451', phone='841-874-6874', email='tcoop@ymail.com'}, Persons{firstName='Lily', lastName='Cooper', address='489 Manchester St', city='Culver', zip='97451', phone='841-874-9845', email='lily@email.com'}, Persons{firstName='Sophia', lastName='Zemicks', address='892 Downing Ct', city='Culver', zip='97451', phone='841-874-7878', email='soph@email.com'}, Persons{firstName='Warren', lastName='Zemicks', address='892 Downing Ct', city='Culver', zip='97451', phone='841-874-7512', email='ward@email.com'}, Persons{firstName='Zach', lastName='Zemicks', address='892 Downing Ct', city='Culver', zip='97451', phone='841-874-7512', email='zarc@email.com'}, Persons{firstName='Reginold', lastName='Walker', address='908 73rd St', city='Culver', zip='97451', phone='841-874-8547', email='reg@email.com'}, Persons{firstName='Jamie', lastName='Peters', address='908 73rd St', city='Culver', zip='97451', phone='841-874-7462', email='jpeter@email.com'}, Persons{firstName='Ron', lastName='Peters', address='112 Steppes Pl', city='Culver', zip='97451', phone='841-874-8888', email='jpeter@email.com'}, Persons{firstName='Allison', lastName='Boyd', address='112 Steppes Pl', city='Culver', zip='97451', phone='841-874-9888', email='aly@imail.com'}, Persons{firstName='Brian', lastName='Stelzer', address='947 E. Rose Dr', city='Culver', zip='97451', phone='841-874-7784', email='bstel@email.com'}, Persons{firstName='Shawna', lastName='Stelzer', address='947 E. Rose Dr', city='Culver', zip='97451', phone='841-874-7784', email='ssanw@email.com'}, Persons{firstName='Kendrik', lastName='Stelzer', address='947 E. Rose Dr', city='Culver', zip='97451', phone='841-874-7784', email='bstel@email.com'}, Persons{firstName='Clive', lastName='Ferguson', address='748 Townings Dr', city='Culver', zip='97451', phone='841-874-6741', email='clivfd@ymail.com'}, Persons{firstName='Eric', lastName='Cadigan', address='951 LoneTree Rd', city='Culver', zip='97451', phone='841-874-7458', email='gramps@email.com'}, Persons{firstName='John3', lastName='Boyd3', address='1509 Culver St 3', city='Culver 3', zip='97451 3', phone='841-874-6512 3', email='jaboyd@email.com 3'}, Persons{firstName='John4', lastName='Boyd4', address='1509 Culver St 4', city='Culver 4', zip='97451 4', phone='841-874-6512 4', email='jaboyd@email.com 4'}, Persons{firstName='John5', lastName='Boyd5', address='1509 Culver St 5', city='Culver 5', zip='97451 5', phone='841-874-6512 5', email='jaboyd@email.com 5'}]
2022-08-08 18:05:36 [http-nio-9000-exec-1] DEBUG c.o.n.s.SafetyNetService                           - Json iterator is created.
2022-08-08 18:05:36 [http-nio-9000-exec-1] DEBUG c.o.n.s.SafetyNetService                           - List medicalrecords is created.
2022-08-08 18:05:36 [http-nio-9000-exec-1] DEBUG c.o.n.s.SafetyNetService                           - The list of medical records is: [Medicalrecords [firstName=John, lastName=Boyd, birthdate=03/06/1984, medications=[aznol:350mg, hydrapermazol:100mg], allergies=[nillacilan]], Medicalrecords [firstName=Jacob, lastName=Boyd, birthdate=03/06/1989, medications=[pharmacol:5000mg, terazine:10mg, noznazol:250mg], allergies=[]], Medicalrecords [firstName=Tenley, lastName=Boyd, birthdate=02/18/2012, medications=[], allergies=[peanut]], Medicalrecords [firstName=Roger, lastName=Boyd, birthdate=09/06/2017, medications=[], allergies=[]], Medicalrecords [firstName=Felicia, lastName=Boyd, birthdate=01/08/1986, medications=[tetracyclaz:650mg], allergies=[xilliathal]], Medicalrecords [firstName=Jonanathan, lastName=Marrack, birthdate=01/03/1989, medications=[], allergies=[]], Medicalrecords [firstName=Tessa, lastName=Carman, birthdate=02/18/2012, medications=[], allergies=[]], Medicalrecords [firstName=Peter, lastName=Duncan, birthdate=09/06/2000, medications=[], allergies=[shellfish]], Medicalrecords [firstName=Foster, lastName=Shepard, birthdate=01/08/1980, medications=[], allergies=[]], Medicalrecords [firstName=Tony, lastName=Cooper, birthdate=03/06/1994, medications=[hydrapermazol:300mg, dodoxadin:30mg], allergies=[shellfish]], Medicalrecords [firstName=Lily, lastName=Cooper, birthdate=03/06/1994, medications=[], allergies=[]], Medicalrecords [firstName=Sophia, lastName=Zemicks, birthdate=03/06/1988, medications=[aznol:60mg, hydrapermazol:900mg, pharmacol:5000mg, terazine:500mg], allergies=[peanut, shellfish, aznol]], Medicalrecords [firstName=Warren, lastName=Zemicks, birthdate=03/06/1985, medications=[], allergies=[]], Medicalrecords [firstName=Zach, lastName=Zemicks, birthdate=03/06/2017, medications=[], allergies=[]], Medicalrecords [firstName=Reginold, lastName=Walker, birthdate=08/30/1979, medications=[thradox:700mg], allergies=[illisoxian]], Medicalrecords [firstName=Jamie, lastName=Peters, birthdate=03/06/1982, medications=[], allergies=[]], Medicalrecords [firstName=Ron, lastName=Peters, birthdate=04/06/1965, medications=[], allergies=[]], Medicalrecords [firstName=Allison, lastName=Boyd, birthdate=03/15/1965, medications=[aznol:200mg], allergies=[nillacilan]], Medicalrecords [firstName=Brian, lastName=Stelzer, birthdate=12/06/1975, medications=[ibupurin:200mg, hydrapermazol:400mg], allergies=[nillacilan]], Medicalrecords [firstName=Shawna, lastName=Stelzer, birthdate=07/08/1980, medications=[], allergies=[]], Medicalrecords [firstName=Kendrik, lastName=Stelzer, birthdate=03/06/2014, medications=[noxidian:100mg, pharmacol:2500mg], allergies=[]], Medicalrecords [firstName=Clive, lastName=Ferguson, birthdate=03/06/1994, medications=[], allergies=[]], Medicalrecords [firstName=Eric, lastName=Cadigan, birthdate=08/06/1945, medications=[tradoxidine:400mg], allergies=[]]]
2022-08-08 18:05:36 [http-nio-9000-exec-1] INFO  c.o.n.c.NewSafetyAlertController                   - Response status 200:
Request Method: <[GET]> /personInfo
Request URL: http://localhost:9000/personInfo?firstName=john&lastName=Boyd
Content Type: application/json
Response Code: 200
Header Name: {"content-type": "application/json", "user-agent": "PostmanRuntime/7.29.2", "accept": "*/*", "postman-token": "9f60fe56-6c31-4218-bea5-ffdf7ea12b35", "host": "localhost:9000", "accept-encoding": "gzip, deflate, br", "connection": "keep-alive", "content-length": "240"}
2022-08-08 18:06:27 [http-nio-9000-exec-7] DEBUG c.o.n.s.SafetyNetService                           - Json iterator is created.
2022-08-08 18:06:27 [http-nio-9000-exec-7] DEBUG c.o.n.s.SafetyNetService                           - List persons is created.
2022-08-08 18:06:27 [http-nio-9000-exec-7] INFO  c.o.n.c.NewSafetyAlertController                   - OK
Request Method: <[GET]> /persons
Request URL: http://localhost:9000/persons
Content Type: application/json
Response Code: 200
Header Name: {"content-type": "application/json", "user-agent": "PostmanRuntime/7.29.2", "accept": "*/*", "postman-token": "997b8eb1-d2d5-4455-a56c-74fc72881515", "host": "localhost:9000", "accept-encoding": "gzip, deflate, br", "connection": "keep-alive", "content-length": "240"}
2022-08-08 18:07:03 [http-nio-9000-exec-8] DEBUG c.o.n.s.SafetyNetService                           - Request URL: http://localhost:9000/personInfo?firstName=shawna&lastName=Stelzer
2022-08-08 18:07:03 [http-nio-9000-exec-8] DEBUG c.o.n.s.SafetyNetService                           - Json iterator is created.
2022-08-08 18:07:03 [http-nio-9000-exec-8] DEBUG c.o.n.s.SafetyNetService                           - List persons is created.
2022-08-08 18:07:03 [http-nio-9000-exec-8] DEBUG c.o.n.s.SafetyNetService                           - The list of persons: [Persons{firstName='John', lastName='Boyd', address='1509 Culver St', city='Culver', zip='97451', phone='841-874-6512', email='jaboyd@email.com'}, Persons{firstName='Jacob', lastName='Boyd', address='1509 Culver St', city='Culver', zip='97451', phone='841-874-6513', email='drk@email.com'}, Persons{firstName='Tenley', lastName='Boyd', address='1509 Culver St', city='Culver', zip='97451', phone='841-874-6512', email='tenz@email.com'}, Persons{firstName='Roger', lastName='Boyd', address='1509 Culver St', city='Culver', zip='97451', phone='841-874-6512', email='jaboyd@email.com'}, Persons{firstName='Felicia', lastName='Boyd', address='1509 Culver St', city='Culver', zip='97451', phone='841-874-6544', email='jaboyd@email.com'}, Persons{firstName='Jonanathan', lastName='Marrack', address='29 15th St', city='Culver', zip='97451', phone='841-874-6513', email='drk@email.com'}, Persons{firstName='Tessa', lastName='Carman', address='834 Binoc Ave', city='Culver', zip='97451', phone='841-874-6512', email='tenz@email.com'}, Persons{firstName='Peter', lastName='Duncan', address='644 Gershwin Cir', city='Culver', zip='97451', phone='841-874-6512', email='jaboyd@email.com'}, Persons{firstName='Foster', lastName='Shepard', address='748 Townings Dr', city='Culver', zip='97451', phone='841-874-6544', email='jaboyd@email.com'}, Persons{firstName='Tony', lastName='Cooper', address='112 Steppes Pl', city='Culver', zip='97451', phone='841-874-6874', email='tcoop@ymail.com'}, Persons{firstName='Lily', lastName='Cooper', address='489 Manchester St', city='Culver', zip='97451', phone='841-874-9845', email='lily@email.com'}, Persons{firstName='Sophia', lastName='Zemicks', address='892 Downing Ct', city='Culver', zip='97451', phone='841-874-7878', email='soph@email.com'}, Persons{firstName='Warren', lastName='Zemicks', address='892 Downing Ct', city='Culver', zip='97451', phone='841-874-7512', email='ward@email.com'}, Persons{firstName='Zach', lastName='Zemicks', address='892 Downing Ct', city='Culver', zip='97451', phone='841-874-7512', email='zarc@email.com'}, Persons{firstName='Reginold', lastName='Walker', address='908 73rd St', city='Culver', zip='97451', phone='841-874-8547', email='reg@email.com'}, Persons{firstName='Jamie', lastName='Peters', address='908 73rd St', city='Culver', zip='97451', phone='841-874-7462', email='jpeter@email.com'}, Persons{firstName='Ron', lastName='Peters', address='112 Steppes Pl', city='Culver', zip='97451', phone='841-874-8888', email='jpeter@email.com'}, Persons{firstName='Allison', lastName='Boyd', address='112 Steppes Pl', city='Culver', zip='97451', phone='841-874-9888', email='aly@imail.com'}, Persons{firstName='Brian', lastName='Stelzer', address='947 E. Rose Dr', city='Culver', zip='97451', phone='841-874-7784', email='bstel@email.com'}, Persons{firstName='Shawna', lastName='Stelzer', address='947 E. Rose Dr', city='Culver', zip='97451', phone='841-874-7784', email='ssanw@email.com'}, Persons{firstName='Kendrik', lastName='Stelzer', address='947 E. Rose Dr', city='Culver', zip='97451', phone='841-874-7784', email='bstel@email.com'}, Persons{firstName='Clive', lastName='Ferguson', address='748 Townings Dr', city='Culver', zip='97451', phone='841-874-6741', email='clivfd@ymail.com'}, Persons{firstName='Eric', lastName='Cadigan', address='951 LoneTree Rd', city='Culver', zip='97451', phone='841-874-7458', email='gramps@email.com'}, Persons{firstName='John3', lastName='Boyd3', address='1509 Culver St 3', city='Culver 3', zip='97451 3', phone='841-874-6512 3', email='jaboyd@email.com 3'}, Persons{firstName='John4', lastName='Boyd4', address='1509 Culver St 4', city='Culver 4', zip='97451 4', phone='841-874-6512 4', email='jaboyd@email.com 4'}, Persons{firstName='John5', lastName='Boyd5', address='1509 Culver St 5', city='Culver 5', zip='97451 5', phone='841-874-6512 5', email='jaboyd@email.com 5'}]
2022-08-08 18:07:03 [http-nio-9000-exec-8] DEBUG c.o.n.s.SafetyNetService                           - Json iterator is created.
2022-08-08 18:07:03 [http-nio-9000-exec-8] DEBUG c.o.n.s.SafetyNetService                           - List medicalrecords is created.
2022-08-08 18:07:03 [http-nio-9000-exec-8] DEBUG c.o.n.s.SafetyNetService                           - The list of medical records is: [Medicalrecords [firstName=John, lastName=Boyd, birthdate=03/06/1984, medications=[aznol:350mg, hydrapermazol:100mg], allergies=[nillacilan]], Medicalrecords [firstName=Jacob, lastName=Boyd, birthdate=03/06/1989, medications=[pharmacol:5000mg, terazine:10mg, noznazol:250mg], allergies=[]], Medicalrecords [firstName=Tenley, lastName=Boyd, birthdate=02/18/2012, medications=[], allergies=[peanut]], Medicalrecords [firstName=Roger, lastName=Boyd, birthdate=09/06/2017, medications=[], allergies=[]], Medicalrecords [firstName=Felicia, lastName=Boyd, birthdate=01/08/1986, medications=[tetracyclaz:650mg], allergies=[xilliathal]], Medicalrecords [firstName=Jonanathan, lastName=Marrack, birthdate=01/03/1989, medications=[], allergies=[]], Medicalrecords [firstName=Tessa, lastName=Carman, birthdate=02/18/2012, medications=[], allergies=[]], Medicalrecords [firstName=Peter, lastName=Duncan, birthdate=09/06/2000, medications=[], allergies=[shellfish]], Medicalrecords [firstName=Foster, lastName=Shepard, birthdate=01/08/1980, medications=[], allergies=[]], Medicalrecords [firstName=Tony, lastName=Cooper, birthdate=03/06/1994, medications=[hydrapermazol:300mg, dodoxadin:30mg], allergies=[shellfish]], Medicalrecords [firstName=Lily, lastName=Cooper, birthdate=03/06/1994, medications=[], allergies=[]], Medicalrecords [firstName=Sophia, lastName=Zemicks, birthdate=03/06/1988, medications=[aznol:60mg, hydrapermazol:900mg, pharmacol:5000mg, terazine:500mg], allergies=[peanut, shellfish, aznol]], Medicalrecords [firstName=Warren, lastName=Zemicks, birthdate=03/06/1985, medications=[], allergies=[]], Medicalrecords [firstName=Zach, lastName=Zemicks, birthdate=03/06/2017, medications=[], allergies=[]], Medicalrecords [firstName=Reginold, lastName=Walker, birthdate=08/30/1979, medications=[thradox:700mg], allergies=[illisoxian]], Medicalrecords [firstName=Jamie, lastName=Peters, birthdate=03/06/1982, medications=[], allergies=[]], Medicalrecords [firstName=Ron, lastName=Peters, birthdate=04/06/1965, medications=[], allergies=[]], Medicalrecords [firstName=Allison, lastName=Boyd, birthdate=03/15/1965, medications=[aznol:200mg], allergies=[nillacilan]], Medicalrecords [firstName=Brian, lastName=Stelzer, birthdate=12/06/1975, medications=[ibupurin:200mg, hydrapermazol:400mg], allergies=[nillacilan]], Medicalrecords [firstName=Shawna, lastName=Stelzer, birthdate=07/08/1980, medications=[], allergies=[]], Medicalrecords [firstName=Kendrik, lastName=Stelzer, birthdate=03/06/2014, medications=[noxidian:100mg, pharmacol:2500mg], allergies=[]], Medicalrecords [firstName=Clive, lastName=Ferguson, birthdate=03/06/1994, medications=[], allergies=[]], Medicalrecords [firstName=Eric, lastName=Cadigan, birthdate=08/06/1945, medications=[tradoxidine:400mg], allergies=[]]]
2022-08-08 18:07:03 [http-nio-9000-exec-8] INFO  c.o.n.c.NewSafetyAlertController                   - Response status 200:
Request Method: <[GET]> /personInfo
Request URL: http://localhost:9000/personInfo?firstName=shawna&lastName=Stelzer
Content Type: application/json
Response Code: 200
Header Name: {"content-type": "application/json", "user-agent": "PostmanRuntime/7.29.2", "accept": "*/*", "postman-token": "2400981f-b135-45fe-b7d2-eb8276664755", "host": "localhost:9000", "accept-encoding": "gzip, deflate, br", "connection": "keep-alive", "content-length": "240"}
2022-08-08 18:07:15 [http-nio-9000-exec-5] DEBUG c.o.n.s.SafetyNetService                           - Request URL: http://localhost:9000/personInfo?firstName=shawna&lastName=Stelzer1
2022-08-08 18:07:15 [http-nio-9000-exec-5] DEBUG c.o.n.s.SafetyNetService                           - Json iterator is created.
2022-08-08 18:07:15 [http-nio-9000-exec-5] DEBUG c.o.n.s.SafetyNetService                           - List persons is created.
2022-08-08 18:07:15 [http-nio-9000-exec-5] DEBUG c.o.n.s.SafetyNetService                           - The list of persons: [Persons{firstName='John', lastName='Boyd', address='1509 Culver St', city='Culver', zip='97451', phone='841-874-6512', email='jaboyd@email.com'}, Persons{firstName='Jacob', lastName='Boyd', address='1509 Culver St', city='Culver', zip='97451', phone='841-874-6513', email='drk@email.com'}, Persons{firstName='Tenley', lastName='Boyd', address='1509 Culver St', city='Culver', zip='97451', phone='841-874-6512', email='tenz@email.com'}, Persons{firstName='Roger', lastName='Boyd', address='1509 Culver St', city='Culver', zip='97451', phone='841-874-6512', email='jaboyd@email.com'}, Persons{firstName='Felicia', lastName='Boyd', address='1509 Culver St', city='Culver', zip='97451', phone='841-874-6544', email='jaboyd@email.com'}, Persons{firstName='Jonanathan', lastName='Marrack', address='29 15th St', city='Culver', zip='97451', phone='841-874-6513', email='drk@email.com'}, Persons{firstName='Tessa', lastName='Carman', address='834 Binoc Ave', city='Culver', zip='97451', phone='841-874-6512', email='tenz@email.com'}, Persons{firstName='Peter', lastName='Duncan', address='644 Gershwin Cir', city='Culver', zip='97451', phone='841-874-6512', email='jaboyd@email.com'}, Persons{firstName='Foster', lastName='Shepard', address='748 Townings Dr', city='Culver', zip='97451', phone='841-874-6544', email='jaboyd@email.com'}, Persons{firstName='Tony', lastName='Cooper', address='112 Steppes Pl', city='Culver', zip='97451', phone='841-874-6874', email='tcoop@ymail.com'}, Persons{firstName='Lily', lastName='Cooper', address='489 Manchester St', city='Culver', zip='97451', phone='841-874-9845', email='lily@email.com'}, Persons{firstName='Sophia', lastName='Zemicks', address='892 Downing Ct', city='Culver', zip='97451', phone='841-874-7878', email='soph@email.com'}, Persons{firstName='Warren', lastName='Zemicks', address='892 Downing Ct', city='Culver', zip='97451', phone='841-874-7512', email='ward@email.com'}, Persons{firstName='Zach', lastName='Zemicks', address='892 Downing Ct', city='Culver', zip='97451', phone='841-874-7512', email='zarc@email.com'}, Persons{firstName='Reginold', lastName='Walker', address='908 73rd St', city='Culver', zip='97451', phone='841-874-8547', email='reg@email.com'}, Persons{firstName='Jamie', lastName='Peters', address='908 73rd St', city='Culver', zip='97451', phone='841-874-7462', email='jpeter@email.com'}, Persons{firstName='Ron', lastName='Peters', address='112 Steppes Pl', city='Culver', zip='97451', phone='841-874-8888', email='jpeter@email.com'}, Persons{firstName='Allison', lastName='Boyd', address='112 Steppes Pl', city='Culver', zip='97451', phone='841-874-9888', email='aly@imail.com'}, Persons{firstName='Brian', lastName='Stelzer', address='947 E. Rose Dr', city='Culver', zip='97451', phone='841-874-7784', email='bstel@email.com'}, Persons{firstName='Shawna', lastName='Stelzer', address='947 E. Rose Dr', city='Culver', zip='97451', phone='841-874-7784', email='ssanw@email.com'}, Persons{firstName='Kendrik', lastName='Stelzer', address='947 E. Rose Dr', city='Culver', zip='97451', phone='841-874-7784', email='bstel@email.com'}, Persons{firstName='Clive', lastName='Ferguson', address='748 Townings Dr', city='Culver', zip='97451', phone='841-874-6741', email='clivfd@ymail.com'}, Persons{firstName='Eric', lastName='Cadigan', address='951 LoneTree Rd', city='Culver', zip='97451', phone='841-874-7458', email='gramps@email.com'}, Persons{firstName='John3', lastName='Boyd3', address='1509 Culver St 3', city='Culver 3', zip='97451 3', phone='841-874-6512 3', email='jaboyd@email.com 3'}, Persons{firstName='John4', lastName='Boyd4', address='1509 Culver St 4', city='Culver 4', zip='97451 4', phone='841-874-6512 4', email='jaboyd@email.com 4'}, Persons{firstName='John5', lastName='Boyd5', address='1509 Culver St 5', city='Culver 5', zip='97451 5', phone='841-874-6512 5', email='jaboyd@email.com 5'}]
2022-08-08 18:07:15 [http-nio-9000-exec-5] DEBUG c.o.n.s.SafetyNetService                           - Json iterator is created.
2022-08-08 18:07:15 [http-nio-9000-exec-5] DEBUG c.o.n.s.SafetyNetService                           - List medicalrecords is created.
2022-08-08 18:07:15 [http-nio-9000-exec-5] DEBUG c.o.n.s.SafetyNetService                           - The list of medical records is: [Medicalrecords [firstName=John, lastName=Boyd, birthdate=03/06/1984, medications=[aznol:350mg, hydrapermazol:100mg], allergies=[nillacilan]], Medicalrecords [firstName=Jacob, lastName=Boyd, birthdate=03/06/1989, medications=[pharmacol:5000mg, terazine:10mg, noznazol:250mg], allergies=[]], Medicalrecords [firstName=Tenley, lastName=Boyd, birthdate=02/18/2012, medications=[], allergies=[peanut]], Medicalrecords [firstName=Roger, lastName=Boyd, birthdate=09/06/2017, medications=[], allergies=[]], Medicalrecords [firstName=Felicia, lastName=Boyd, birthdate=01/08/1986, medications=[tetracyclaz:650mg], allergies=[xilliathal]], Medicalrecords [firstName=Jonanathan, lastName=Marrack, birthdate=01/03/1989, medications=[], allergies=[]], Medicalrecords [firstName=Tessa, lastName=Carman, birthdate=02/18/2012, medications=[], allergies=[]], Medicalrecords [firstName=Peter, lastName=Duncan, birthdate=09/06/2000, medications=[], allergies=[shellfish]], Medicalrecords [firstName=Foster, lastName=Shepard, birthdate=01/08/1980, medications=[], allergies=[]], Medicalrecords [firstName=Tony, lastName=Cooper, birthdate=03/06/1994, medications=[hydrapermazol:300mg, dodoxadin:30mg], allergies=[shellfish]], Medicalrecords [firstName=Lily, lastName=Cooper, birthdate=03/06/1994, medications=[], allergies=[]], Medicalrecords [firstName=Sophia, lastName=Zemicks, birthdate=03/06/1988, medications=[aznol:60mg, hydrapermazol:900mg, pharmacol:5000mg, terazine:500mg], allergies=[peanut, shellfish, aznol]], Medicalrecords [firstName=Warren, lastName=Zemicks, birthdate=03/06/1985, medications=[], allergies=[]], Medicalrecords [firstName=Zach, lastName=Zemicks, birthdate=03/06/2017, medications=[], allergies=[]], Medicalrecords [firstName=Reginold, lastName=Walker, birthdate=08/30/1979, medications=[thradox:700mg], allergies=[illisoxian]], Medicalrecords [firstName=Jamie, lastName=Peters, birthdate=03/06/1982, medications=[], allergies=[]], Medicalrecords [firstName=Ron, lastName=Peters, birthdate=04/06/1965, medications=[], allergies=[]], Medicalrecords [firstName=Allison, lastName=Boyd, birthdate=03/15/1965, medications=[aznol:200mg], allergies=[nillacilan]], Medicalrecords [firstName=Brian, lastName=Stelzer, birthdate=12/06/1975, medications=[ibupurin:200mg, hydrapermazol:400mg], allergies=[nillacilan]], Medicalrecords [firstName=Shawna, lastName=Stelzer, birthdate=07/08/1980, medications=[], allergies=[]], Medicalrecords [firstName=Kendrik, lastName=Stelzer, birthdate=03/06/2014, medications=[noxidian:100mg, pharmacol:2500mg], allergies=[]], Medicalrecords [firstName=Clive, lastName=Ferguson, birthdate=03/06/1994, medications=[], allergies=[]], Medicalrecords [firstName=Eric, lastName=Cadigan, birthdate=08/06/1945, medications=[tradoxidine:400mg], allergies=[]]]
2022-08-08 18:07:15 [http-nio-9000-exec-5] INFO  c.o.n.c.NewSafetyAlertController                   - No person with this name. Response status 404:
Request Method: <[GET]> /personInfo
Request URL: http://localhost:9000/personInfo?firstName=shawna&lastName=Stelzer1
Content Type: application/json
Response Code: 404
Header Name: {"content-type": "application/json", "user-agent": "PostmanRuntime/7.29.2", "accept": "*/*", "postman-token": "309c42b8-98d5-4973-902d-d5be8b90c86f", "host": "localhost:9000", "accept-encoding": "gzip, deflate, br", "connection": "keep-alive", "content-length": "240"}
2022-08-08 18:07:29 [http-nio-9000-exec-6] DEBUG c.o.n.s.SafetyNetService                           - Request URL: http://localhost:9000/personInfo?firstName=shawna1&lastName=Stelzer1
2022-08-08 18:07:29 [http-nio-9000-exec-6] DEBUG c.o.n.s.SafetyNetService                           - Json iterator is created.
2022-08-08 18:07:29 [http-nio-9000-exec-6] DEBUG c.o.n.s.SafetyNetService                           - List persons is created.
2022-08-08 18:07:29 [http-nio-9000-exec-6] DEBUG c.o.n.s.SafetyNetService                           - The list of persons: [Persons{firstName='John', lastName='Boyd', address='1509 Culver St', city='Culver', zip='97451', phone='841-874-6512', email='jaboyd@email.com'}, Persons{firstName='Jacob', lastName='Boyd', address='1509 Culver St', city='Culver', zip='97451', phone='841-874-6513', email='drk@email.com'}, Persons{firstName='Tenley', lastName='Boyd', address='1509 Culver St', city='Culver', zip='97451', phone='841-874-6512', email='tenz@email.com'}, Persons{firstName='Roger', lastName='Boyd', address='1509 Culver St', city='Culver', zip='97451', phone='841-874-6512', email='jaboyd@email.com'}, Persons{firstName='Felicia', lastName='Boyd', address='1509 Culver St', city='Culver', zip='97451', phone='841-874-6544', email='jaboyd@email.com'}, Persons{firstName='Jonanathan', lastName='Marrack', address='29 15th St', city='Culver', zip='97451', phone='841-874-6513', email='drk@email.com'}, Persons{firstName='Tessa', lastName='Carman', address='834 Binoc Ave', city='Culver', zip='97451', phone='841-874-6512', email='tenz@email.com'}, Persons{firstName='Peter', lastName='Duncan', address='644 Gershwin Cir', city='Culver', zip='97451', phone='841-874-6512', email='jaboyd@email.com'}, Persons{firstName='Foster', lastName='Shepard', address='748 Townings Dr', city='Culver', zip='97451', phone='841-874-6544', email='jaboyd@email.com'}, Persons{firstName='Tony', lastName='Cooper', address='112 Steppes Pl', city='Culver', zip='97451', phone='841-874-6874', email='tcoop@ymail.com'}, Persons{firstName='Lily', lastName='Cooper', address='489 Manchester St', city='Culver', zip='97451', phone='841-874-9845', email='lily@email.com'}, Persons{firstName='Sophia', lastName='Zemicks', address='892 Downing Ct', city='Culver', zip='97451', phone='841-874-7878', email='soph@email.com'}, Persons{firstName='Warren', lastName='Zemicks', address='892 Downing Ct', city='Culver', zip='97451', phone='841-874-7512', email='ward@email.com'}, Persons{firstName='Zach', lastName='Zemicks', address='892 Downing Ct', city='Culver', zip='97451', phone='841-874-7512', email='zarc@email.com'}, Persons{firstName='Reginold', lastName='Walker', address='908 73rd St', city='Culver', zip='97451', phone='841-874-8547', email='reg@email.com'}, Persons{firstName='Jamie', lastName='Peters', address='908 73rd St', city='Culver', zip='97451', phone='841-874-7462', email='jpeter@email.com'}, Persons{firstName='Ron', lastName='Peters', address='112 Steppes Pl', city='Culver', zip='97451', phone='841-874-8888', email='jpeter@email.com'}, Persons{firstName='Allison', lastName='Boyd', address='112 Steppes Pl', city='Culver', zip='97451', phone='841-874-9888', email='aly@imail.com'}, Persons{firstName='Brian', lastName='Stelzer', address='947 E. Rose Dr', city='Culver', zip='97451', phone='841-874-7784', email='bstel@email.com'}, Persons{firstName='Shawna', lastName='Stelzer', address='947 E. Rose Dr', city='Culver', zip='97451', phone='841-874-7784', email='ssanw@email.com'}, Persons{firstName='Kendrik', lastName='Stelzer', address='947 E. Rose Dr', city='Culver', zip='97451', phone='841-874-7784', email='bstel@email.com'}, Persons{firstName='Clive', lastName='Ferguson', address='748 Townings Dr', city='Culver', zip='97451', phone='841-874-6741', email='clivfd@ymail.com'}, Persons{firstName='Eric', lastName='Cadigan', address='951 LoneTree Rd', city='Culver', zip='97451', phone='841-874-7458', email='gramps@email.com'}, Persons{firstName='John3', lastName='Boyd3', address='1509 Culver St 3', city='Culver 3', zip='97451 3', phone='841-874-6512 3', email='jaboyd@email.com 3'}, Persons{firstName='John4', lastName='Boyd4', address='1509 Culver St 4', city='Culver 4', zip='97451 4', phone='841-874-6512 4', email='jaboyd@email.com 4'}, Persons{firstName='John5', lastName='Boyd5', address='1509 Culver St 5', city='Culver 5', zip='97451 5', phone='841-874-6512 5', email='jaboyd@email.com 5'}]
2022-08-08 18:07:29 [http-nio-9000-exec-6] DEBUG c.o.n.s.SafetyNetService                           - Json iterator is created.
2022-08-08 18:07:29 [http-nio-9000-exec-6] DEBUG c.o.n.s.SafetyNetService                           - List medicalrecords is created.
2022-08-08 18:07:29 [http-nio-9000-exec-6] DEBUG c.o.n.s.SafetyNetService                           - The list of medical records is: [Medicalrecords [firstName=John, lastName=Boyd, birthdate=03/06/1984, medications=[aznol:350mg, hydrapermazol:100mg], allergies=[nillacilan]], Medicalrecords [firstName=Jacob, lastName=Boyd, birthdate=03/06/1989, medications=[pharmacol:5000mg, terazine:10mg, noznazol:250mg], allergies=[]], Medicalrecords [firstName=Tenley, lastName=Boyd, birthdate=02/18/2012, medications=[], allergies=[peanut]], Medicalrecords [firstName=Roger, lastName=Boyd, birthdate=09/06/2017, medications=[], allergies=[]], Medicalrecords [firstName=Felicia, lastName=Boyd, birthdate=01/08/1986, medications=[tetracyclaz:650mg], allergies=[xilliathal]], Medicalrecords [firstName=Jonanathan, lastName=Marrack, birthdate=01/03/1989, medications=[], allergies=[]], Medicalrecords [firstName=Tessa, lastName=Carman, birthdate=02/18/2012, medications=[], allergies=[]], Medicalrecords [firstName=Peter, lastName=Duncan, birthdate=09/06/2000, medications=[], allergies=[shellfish]], Medicalrecords [firstName=Foster, lastName=Shepard, birthdate=01/08/1980, medications=[], allergies=[]], Medicalrecords [firstName=Tony, lastName=Cooper, birthdate=03/06/1994, medications=[hydrapermazol:300mg, dodoxadin:30mg], allergies=[shellfish]], Medicalrecords [firstName=Lily, lastName=Cooper, birthdate=03/06/1994, medications=[], allergies=[]], Medicalrecords [firstName=Sophia, lastName=Zemicks, birthdate=03/06/1988, medications=[aznol:60mg, hydrapermazol:900mg, pharmacol:5000mg, terazine:500mg], allergies=[peanut, shellfish, aznol]], Medicalrecords [firstName=Warren, lastName=Zemicks, birthdate=03/06/1985, medications=[], allergies=[]], Medicalrecords [firstName=Zach, lastName=Zemicks, birthdate=03/06/2017, medications=[], allergies=[]], Medicalrecords [firstName=Reginold, lastName=Walker, birthdate=08/30/1979, medications=[thradox:700mg], allergies=[illisoxian]], Medicalrecords [firstName=Jamie, lastName=Peters, birthdate=03/06/1982, medications=[], allergies=[]], Medicalrecords [firstName=Ron, lastName=Peters, birthdate=04/06/1965, medications=[], allergies=[]], Medicalrecords [firstName=Allison, lastName=Boyd, birthdate=03/15/1965, medications=[aznol:200mg], allergies=[nillacilan]], Medicalrecords [firstName=Brian, lastName=Stelzer, birthdate=12/06/1975, medications=[ibupurin:200mg, hydrapermazol:400mg], allergies=[nillacilan]], Medicalrecords [firstName=Shawna, lastName=Stelzer, birthdate=07/08/1980, medications=[], allergies=[]], Medicalrecords [firstName=Kendrik, lastName=Stelzer, birthdate=03/06/2014, medications=[noxidian:100mg, pharmacol:2500mg], allergies=[]], Medicalrecords [firstName=Clive, lastName=Ferguson, birthdate=03/06/1994, medications=[], allergies=[]], Medicalrecords [firstName=Eric, lastName=Cadigan, birthdate=08/06/1945, medications=[tradoxidine:400mg], allergies=[]]]
2022-08-08 18:07:29 [http-nio-9000-exec-6] INFO  c.o.n.c.NewSafetyAlertController                   - No person with this name. Response status 404:
Request Method: <[GET]> /personInfo
Request URL: http://localhost:9000/personInfo?firstName=shawna1&lastName=Stelzer1
Content Type: application/json
Response Code: 404
Header Name: {"content-type": "application/json", "user-agent": "PostmanRuntime/7.29.2", "accept": "*/*", "postman-token": "8b8945ac-31ee-4c7e-9cc2-2742a8c321f0", "host": "localhost:9000", "accept-encoding": "gzip, deflate, br", "connection": "keep-alive", "content-length": "240"}
2022-08-08 18:07:35 [http-nio-9000-exec-9] DEBUG c.o.n.s.SafetyNetService                           - Request URL: http://localhost:9000/personInfo?firstName=shawna1&lastName=Stelzer
2022-08-08 18:07:35 [http-nio-9000-exec-9] DEBUG c.o.n.s.SafetyNetService                           - Json iterator is created.
2022-08-08 18:07:35 [http-nio-9000-exec-9] DEBUG c.o.n.s.SafetyNetService                           - List persons is created.
2022-08-08 18:07:35 [http-nio-9000-exec-9] DEBUG c.o.n.s.SafetyNetService                           - The list of persons: [Persons{firstName='John', lastName='Boyd', address='1509 Culver St', city='Culver', zip='97451', phone='841-874-6512', email='jaboyd@email.com'}, Persons{firstName='Jacob', lastName='Boyd', address='1509 Culver St', city='Culver', zip='97451', phone='841-874-6513', email='drk@email.com'}, Persons{firstName='Tenley', lastName='Boyd', address='1509 Culver St', city='Culver', zip='97451', phone='841-874-6512', email='tenz@email.com'}, Persons{firstName='Roger', lastName='Boyd', address='1509 Culver St', city='Culver', zip='97451', phone='841-874-6512', email='jaboyd@email.com'}, Persons{firstName='Felicia', lastName='Boyd', address='1509 Culver St', city='Culver', zip='97451', phone='841-874-6544', email='jaboyd@email.com'}, Persons{firstName='Jonanathan', lastName='Marrack', address='29 15th St', city='Culver', zip='97451', phone='841-874-6513', email='drk@email.com'}, Persons{firstName='Tessa', lastName='Carman', address='834 Binoc Ave', city='Culver', zip='97451', phone='841-874-6512', email='tenz@email.com'}, Persons{firstName='Peter', lastName='Duncan', address='644 Gershwin Cir', city='Culver', zip='97451', phone='841-874-6512', email='jaboyd@email.com'}, Persons{firstName='Foster', lastName='Shepard', address='748 Townings Dr', city='Culver', zip='97451', phone='841-874-6544', email='jaboyd@email.com'}, Persons{firstName='Tony', lastName='Cooper', address='112 Steppes Pl', city='Culver', zip='97451', phone='841-874-6874', email='tcoop@ymail.com'}, Persons{firstName='Lily', lastName='Cooper', address='489 Manchester St', city='Culver', zip='97451', phone='841-874-9845', email='lily@email.com'}, Persons{firstName='Sophia', lastName='Zemicks', address='892 Downing Ct', city='Culver', zip='97451', phone='841-874-7878', email='soph@email.com'}, Persons{firstName='Warren', lastName='Zemicks', address='892 Downing Ct', city='Culver', zip='97451', phone='841-874-7512', email='ward@email.com'}, Persons{firstName='Zach', lastName='Zemicks', address='892 Downing Ct', city='Culver', zip='97451', phone='841-874-7512', email='zarc@email.com'}, Persons{firstName='Reginold', lastName='Walker', address='908 73rd St', city='Culver', zip='97451', phone='841-874-8547', email='reg@email.com'}, Persons{firstName='Jamie', lastName='Peters', address='908 73rd St', city='Culver', zip='97451', phone='841-874-7462', email='jpeter@email.com'}, Persons{firstName='Ron', lastName='Peters', address='112 Steppes Pl', city='Culver', zip='97451', phone='841-874-8888', email='jpeter@email.com'}, Persons{firstName='Allison', lastName='Boyd', address='112 Steppes Pl', city='Culver', zip='97451', phone='841-874-9888', email='aly@imail.com'}, Persons{firstName='Brian', lastName='Stelzer', address='947 E. Rose Dr', city='Culver', zip='97451', phone='841-874-7784', email='bstel@email.com'}, Persons{firstName='Shawna', lastName='Stelzer', address='947 E. Rose Dr', city='Culver', zip='97451', phone='841-874-7784', email='ssanw@email.com'}, Persons{firstName='Kendrik', lastName='Stelzer', address='947 E. Rose Dr', city='Culver', zip='97451', phone='841-874-7784', email='bstel@email.com'}, Persons{firstName='Clive', lastName='Ferguson', address='748 Townings Dr', city='Culver', zip='97451', phone='841-874-6741', email='clivfd@ymail.com'}, Persons{firstName='Eric', lastName='Cadigan', address='951 LoneTree Rd', city='Culver', zip='97451', phone='841-874-7458', email='gramps@email.com'}, Persons{firstName='John3', lastName='Boyd3', address='1509 Culver St 3', city='Culver 3', zip='97451 3', phone='841-874-6512 3', email='jaboyd@email.com 3'}, Persons{firstName='John4', lastName='Boyd4', address='1509 Culver St 4', city='Culver 4', zip='97451 4', phone='841-874-6512 4', email='jaboyd@email.com 4'}, Persons{firstName='John5', lastName='Boyd5', address='1509 Culver St 5', city='Culver 5', zip='97451 5', phone='841-874-6512 5', email='jaboyd@email.com 5'}]
2022-08-08 18:07:35 [http-nio-9000-exec-9] DEBUG c.o.n.s.SafetyNetService                           - Json iterator is created.
2022-08-08 18:07:35 [http-nio-9000-exec-9] DEBUG c.o.n.s.SafetyNetService                           - List medicalrecords is created.
2022-08-08 18:07:35 [http-nio-9000-exec-9] DEBUG c.o.n.s.SafetyNetService                           - The list of medical records is: [Medicalrecords [firstName=John, lastName=Boyd, birthdate=03/06/1984, medications=[aznol:350mg, hydrapermazol:100mg], allergies=[nillacilan]], Medicalrecords [firstName=Jacob, lastName=Boyd, birthdate=03/06/1989, medications=[pharmacol:5000mg, terazine:10mg, noznazol:250mg], allergies=[]], Medicalrecords [firstName=Tenley, lastName=Boyd, birthdate=02/18/2012, medications=[], allergies=[peanut]], Medicalrecords [firstName=Roger, lastName=Boyd, birthdate=09/06/2017, medications=[], allergies=[]], Medicalrecords [firstName=Felicia, lastName=Boyd, birthdate=01/08/1986, medications=[tetracyclaz:650mg], allergies=[xilliathal]], Medicalrecords [firstName=Jonanathan, lastName=Marrack, birthdate=01/03/1989, medications=[], allergies=[]], Medicalrecords [firstName=Tessa, lastName=Carman, birthdate=02/18/2012, medications=[], allergies=[]], Medicalrecords [firstName=Peter, lastName=Duncan, birthdate=09/06/2000, medications=[], allergies=[shellfish]], Medicalrecords [firstName=Foster, lastName=Shepard, birthdate=01/08/1980, medications=[], allergies=[]], Medicalrecords [firstName=Tony, lastName=Cooper, birthdate=03/06/1994, medications=[hydrapermazol:300mg, dodoxadin:30mg], allergies=[shellfish]], Medicalrecords [firstName=Lily, lastName=Cooper, birthdate=03/06/1994, medications=[], allergies=[]], Medicalrecords [firstName=Sophia, lastName=Zemicks, birthdate=03/06/1988, medications=[aznol:60mg, hydrapermazol:900mg, pharmacol:5000mg, terazine:500mg], allergies=[peanut, shellfish, aznol]], Medicalrecords [firstName=Warren, lastName=Zemicks, birthdate=03/06/1985, medications=[], allergies=[]], Medicalrecords [firstName=Zach, lastName=Zemicks, birthdate=03/06/2017, medications=[], allergies=[]], Medicalrecords [firstName=Reginold, lastName=Walker, birthdate=08/30/1979, medications=[thradox:700mg], allergies=[illisoxian]], Medicalrecords [firstName=Jamie, lastName=Peters, birthdate=03/06/1982, medications=[], allergies=[]], Medicalrecords [firstName=Ron, lastName=Peters, birthdate=04/06/1965, medications=[], allergies=[]], Medicalrecords [firstName=Allison, lastName=Boyd, birthdate=03/15/1965, medications=[aznol:200mg], allergies=[nillacilan]], Medicalrecords [firstName=Brian, lastName=Stelzer, birthdate=12/06/1975, medications=[ibupurin:200mg, hydrapermazol:400mg], allergies=[nillacilan]], Medicalrecords [firstName=Shawna, lastName=Stelzer, birthdate=07/08/1980, medications=[], allergies=[]], Medicalrecords [firstName=Kendrik, lastName=Stelzer, birthdate=03/06/2014, medications=[noxidian:100mg, pharmacol:2500mg], allergies=[]], Medicalrecords [firstName=Clive, lastName=Ferguson, birthdate=03/06/1994, medications=[], allergies=[]], Medicalrecords [firstName=Eric, lastName=Cadigan, birthdate=08/06/1945, medications=[tradoxidine:400mg], allergies=[]]]
2022-08-08 18:07:35 [http-nio-9000-exec-9] INFO  c.o.n.c.NewSafetyAlertController                   - No person with this name. Response status 404:
Request Method: <[GET]> /personInfo
Request URL: http://localhost:9000/personInfo?firstName=shawna1&lastName=Stelzer
Content Type: application/json
Response Code: 404
Header Name: {"content-type": "application/json", "user-agent": "PostmanRuntime/7.29.2", "accept": "*/*", "postman-token": "4373f8b9-23fb-4a17-afd1-bc8b13040381", "host": "localhost:9000", "accept-encoding": "gzip, deflate, br", "connection": "keep-alive", "content-length": "240"}
2022-08-08 18:07:50 [http-nio-9000-exec-10] DEBUG c.o.n.s.SafetyNetService                           - Request URL: http://localhost:9000/personInfo?firstName=Shawna&lastName=Stelzer
2022-08-08 18:07:50 [http-nio-9000-exec-10] DEBUG c.o.n.s.SafetyNetService                           - Json iterator is created.
2022-08-08 18:07:50 [http-nio-9000-exec-10] DEBUG c.o.n.s.SafetyNetService                           - List persons is created.
2022-08-08 18:07:50 [http-nio-9000-exec-10] DEBUG c.o.n.s.SafetyNetService                           - The list of persons: [Persons{firstName='John', lastName='Boyd', address='1509 Culver St', city='Culver', zip='97451', phone='841-874-6512', email='jaboyd@email.com'}, Persons{firstName='Jacob', lastName='Boyd', address='1509 Culver St', city='Culver', zip='97451', phone='841-874-6513', email='drk@email.com'}, Persons{firstName='Tenley', lastName='Boyd', address='1509 Culver St', city='Culver', zip='97451', phone='841-874-6512', email='tenz@email.com'}, Persons{firstName='Roger', lastName='Boyd', address='1509 Culver St', city='Culver', zip='97451', phone='841-874-6512', email='jaboyd@email.com'}, Persons{firstName='Felicia', lastName='Boyd', address='1509 Culver St', city='Culver', zip='97451', phone='841-874-6544', email='jaboyd@email.com'}, Persons{firstName='Jonanathan', lastName='Marrack', address='29 15th St', city='Culver', zip='97451', phone='841-874-6513', email='drk@email.com'}, Persons{firstName='Tessa', lastName='Carman', address='834 Binoc Ave', city='Culver', zip='97451', phone='841-874-6512', email='tenz@email.com'}, Persons{firstName='Peter', lastName='Duncan', address='644 Gershwin Cir', city='Culver', zip='97451', phone='841-874-6512', email='jaboyd@email.com'}, Persons{firstName='Foster', lastName='Shepard', address='748 Townings Dr', city='Culver', zip='97451', phone='841-874-6544', email='jaboyd@email.com'}, Persons{firstName='Tony', lastName='Cooper', address='112 Steppes Pl', city='Culver', zip='97451', phone='841-874-6874', email='tcoop@ymail.com'}, Persons{firstName='Lily', lastName='Cooper', address='489 Manchester St', city='Culver', zip='97451', phone='841-874-9845', email='lily@email.com'}, Persons{firstName='Sophia', lastName='Zemicks', address='892 Downing Ct', city='Culver', zip='97451', phone='841-874-7878', email='soph@email.com'}, Persons{firstName='Warren', lastName='Zemicks', address='892 Downing Ct', city='Culver', zip='97451', phone='841-874-7512', email='ward@email.com'}, Persons{firstName='Zach', lastName='Zemicks', address='892 Downing Ct', city='Culver', zip='97451', phone='841-874-7512', email='zarc@email.com'}, Persons{firstName='Reginold', lastName='Walker', address='908 73rd St', city='Culver', zip='97451', phone='841-874-8547', email='reg@email.com'}, Persons{firstName='Jamie', lastName='Peters', address='908 73rd St', city='Culver', zip='97451', phone='841-874-7462', email='jpeter@email.com'}, Persons{firstName='Ron', lastName='Peters', address='112 Steppes Pl', city='Culver', zip='97451', phone='841-874-8888', email='jpeter@email.com'}, Persons{firstName='Allison', lastName='Boyd', address='112 Steppes Pl', city='Culver', zip='97451', phone='841-874-9888', email='aly@imail.com'}, Persons{firstName='Brian', lastName='Stelzer', address='947 E. Rose Dr', city='Culver', zip='97451', phone='841-874-7784', email='bstel@email.com'}, Persons{firstName='Shawna', lastName='Stelzer', address='947 E. Rose Dr', city='Culver', zip='97451', phone='841-874-7784', email='ssanw@email.com'}, Persons{firstName='Kendrik', lastName='Stelzer', address='947 E. Rose Dr', city='Culver', zip='97451', phone='841-874-7784', email='bstel@email.com'}, Persons{firstName='Clive', lastName='Ferguson', address='748 Townings Dr', city='Culver', zip='97451', phone='841-874-6741', email='clivfd@ymail.com'}, Persons{firstName='Eric', lastName='Cadigan', address='951 LoneTree Rd', city='Culver', zip='97451', phone='841-874-7458', email='gramps@email.com'}, Persons{firstName='John3', lastName='Boyd3', address='1509 Culver St 3', city='Culver 3', zip='97451 3', phone='841-874-6512 3', email='jaboyd@email.com 3'}, Persons{firstName='John4', lastName='Boyd4', address='1509 Culver St 4', city='Culver 4', zip='97451 4', phone='841-874-6512 4', email='jaboyd@email.com 4'}, Persons{firstName='John5', lastName='Boyd5', address='1509 Culver St 5', city='Culver 5', zip='97451 5', phone='841-874-6512 5', email='jaboyd@email.com 5'}]
2022-08-08 18:07:50 [http-nio-9000-exec-10] DEBUG c.o.n.s.SafetyNetService                           - Json iterator is created.
2022-08-08 18:07:50 [http-nio-9000-exec-10] DEBUG c.o.n.s.SafetyNetService                           - List medicalrecords is created.
2022-08-08 18:07:50 [http-nio-9000-exec-10] DEBUG c.o.n.s.SafetyNetService                           - The list of medical records is: [Medicalrecords [firstName=John, lastName=Boyd, birthdate=03/06/1984, medications=[aznol:350mg, hydrapermazol:100mg], allergies=[nillacilan]], Medicalrecords [firstName=Jacob, lastName=Boyd, birthdate=03/06/1989, medications=[pharmacol:5000mg, terazine:10mg, noznazol:250mg], allergies=[]], Medicalrecords [firstName=Tenley, lastName=Boyd, birthdate=02/18/2012, medications=[], allergies=[peanut]], Medicalrecords [firstName=Roger, lastName=Boyd, birthdate=09/06/2017, medications=[], allergies=[]], Medicalrecords [firstName=Felicia, lastName=Boyd, birthdate=01/08/1986, medications=[tetracyclaz:650mg], allergies=[xilliathal]], Medicalrecords [firstName=Jonanathan, lastName=Marrack, birthdate=01/03/1989, medications=[], allergies=[]], Medicalrecords [firstName=Tessa, lastName=Carman, birthdate=02/18/2012, medications=[], allergies=[]], Medicalrecords [firstName=Peter, lastName=Duncan, birthdate=09/06/2000, medications=[], allergies=[shellfish]], Medicalrecords [firstName=Foster, lastName=Shepard, birthdate=01/08/1980, medications=[], allergies=[]], Medicalrecords [firstName=Tony, lastName=Cooper, birthdate=03/06/1994, medications=[hydrapermazol:300mg, dodoxadin:30mg], allergies=[shellfish]], Medicalrecords [firstName=Lily, lastName=Cooper, birthdate=03/06/1994, medications=[], allergies=[]], Medicalrecords [firstName=Sophia, lastName=Zemicks, birthdate=03/06/1988, medications=[aznol:60mg, hydrapermazol:900mg, pharmacol:5000mg, terazine:500mg], allergies=[peanut, shellfish, aznol]], Medicalrecords [firstName=Warren, lastName=Zemicks, birthdate=03/06/1985, medications=[], allergies=[]], Medicalrecords [firstName=Zach, lastName=Zemicks, birthdate=03/06/2017, medications=[], allergies=[]], Medicalrecords [firstName=Reginold, lastName=Walker, birthdate=08/30/1979, medications=[thradox:700mg], allergies=[illisoxian]], Medicalrecords [firstName=Jamie, lastName=Peters, birthdate=03/06/1982, medications=[], allergies=[]], Medicalrecords [firstName=Ron, lastName=Peters, birthdate=04/06/1965, medications=[], allergies=[]], Medicalrecords [firstName=Allison, lastName=Boyd, birthdate=03/15/1965, medications=[aznol:200mg], allergies=[nillacilan]], Medicalrecords [firstName=Brian, lastName=Stelzer, birthdate=12/06/1975, medications=[ibupurin:200mg, hydrapermazol:400mg], allergies=[nillacilan]], Medicalrecords [firstName=Shawna, lastName=Stelzer, birthdate=07/08/1980, medications=[], allergies=[]], Medicalrecords [firstName=Kendrik, lastName=Stelzer, birthdate=03/06/2014, medications=[noxidian:100mg, pharmacol:2500mg], allergies=[]], Medicalrecords [firstName=Clive, lastName=Ferguson, birthdate=03/06/1994, medications=[], allergies=[]], Medicalrecords [firstName=Eric, lastName=Cadigan, birthdate=08/06/1945, medications=[tradoxidine:400mg], allergies=[]]]
2022-08-08 18:07:50 [http-nio-9000-exec-10] INFO  c.o.n.c.NewSafetyAlertController                   - Response status 200:
Request Method: <[GET]> /personInfo
Request URL: http://localhost:9000/personInfo?firstName=Shawna&lastName=Stelzer
Content Type: application/json
Response Code: 200
Header Name: {"content-type": "application/json", "user-agent": "PostmanRuntime/7.29.2", "accept": "*/*", "postman-token": "aa366bb2-572b-4806-a72b-b3488b899161", "host": "localhost:9000", "accept-encoding": "gzip, deflate, br", "connection": "keep-alive", "content-length": "240"}
