2023-02-11 14:56:23 [main] INFO  c.o.n.NewSafetyNetApplication                      - Starting NewSafetyNetApplication using Java 17.0.3.1 with PID 11076 (C:\Users\kls_k\OneDrive\Claudiu - hors connexion\WorkJavaVisualCode\new_safety_net\target\classes started by kls_k in C:\Users\kls_k\OneDrive\Claudiu - hors connexion\WorkJavaVisualCode\new_safety_net)
2023-02-11 23:27:19 [main] INFO  c.o.n.NewSafetyNetApplication                      - Starting NewSafetyNetApplication using Java 17.0.3.1 with PID 21224 (C:\Users\kls_k\OneDrive\Claudiu - hors connexion\WorkJavaVisualCode\new_safety_net\target\classes started by kls_k in C:\Users\kls_k\OneDrive\Claudiu - hors connexion\WorkJavaVisualCode\new_safety_net)
2023-02-11 23:27:19 [main] DEBUG c.o.n.NewSafetyNetApplication                      - Running with Spring Boot v3.0.2, Spring v6.0.4
2023-02-11 23:27:19 [main] INFO  c.o.n.NewSafetyNetApplication                      - No active profile set, falling back to 1 default profile: "default"
2023-02-11 23:27:22 [main] INFO  o.s.b.w.e.t.TomcatWebServer                        - Tomcat initialized with port(s): 8080 (http)
2023-02-11 23:27:24 [main] INFO  o.s.b.w.e.t.TomcatWebServer                        - Tomcat started on port(s): 8080 (http) with context path ''
2023-02-11 23:27:25 [main] INFO  c.o.n.NewSafetyNetApplication                      - Started NewSafetyNetApplication in 6.661 seconds (process running for 8.069)
2023-02-11 23:27:44 [http-nio-8080-exec-1] DEBUG c.o.n.s.ObjetFromJson                              - Json iterator is created.
2023-02-11 23:27:44 [http-nio-8080-exec-1] DEBUG c.o.n.s.GetListsElementsJson                       - List medicalrecords is created.
2023-02-11 23:27:44 [http-nio-8080-exec-1] INFO  c.o.n.c.NewSafetyAlertController                   - OK
Request Method: <[GET]> /medicalrecords
Request URL: http://localhost:8080/medicalrecords
Content Type: null
Response Code: 200
Header Name: {"user-agent": "PostmanRuntime/7.30.1", "accept": "*/*", "postman-token": "2a9e3a3c-a94c-4b4d-9df0-b89fcbaf35e8", "host": "localhost:8080", "accept-encoding": "gzip, deflate, br", "connection": "keep-alive"}
2023-02-11 23:28:56 [http-nio-8080-exec-7] DEBUG c.o.n.s.ObjetFromJson                              - Json iterator is created.
2023-02-11 23:28:56 [http-nio-8080-exec-7] DEBUG c.o.n.s.GetListsElementsJson                       - List persons is created.
2023-02-11 23:28:56 [http-nio-8080-exec-7] INFO  c.o.n.c.NewSafetyAlertController                   - OK
Request Method: <[GET]> /persons
Request URL: http://localhost:8080/persons
Content Type: null
Response Code: 200
Header Name: {"user-agent": "PostmanRuntime/7.30.1", "accept": "*/*", "postman-token": "17706604-d7ea-41bb-b60b-c057fb752c4a", "host": "localhost:8080", "accept-encoding": "gzip, deflate, br", "connection": "keep-alive"}
2023-03-15 18:43:38 [main] INFO  c.o.n.NewSafetyNetApplication                      - Starting NewSafetyNetApplication using Java 17.0.3.1 with PID 20864 (C:\Users\kls_k\OneDrive\Claudiu - hors connexion\WorkJavaVisualCode\new_safety_net\target\classes started by kls_k in C:\Users\kls_k\OneDrive\Claudiu - hors connexion\WorkJavaVisualCode\new_safety_net)
2023-03-15 18:43:38 [main] DEBUG c.o.n.NewSafetyNetApplication                      - Running with Spring Boot v3.0.2, Spring v6.0.4
2023-03-15 18:43:38 [main] INFO  c.o.n.NewSafetyNetApplication                      - No active profile set, falling back to 1 default profile: "default"
2023-03-15 18:43:41 [main] INFO  o.s.b.w.e.t.TomcatWebServer                        - Tomcat initialized with port(s): 8080 (http)
2023-03-15 18:43:42 [main] ERROR o.s.b.d.LoggingFailureAnalysisReporter             - 

***************************
APPLICATION FAILED TO START
***************************

Description:

Field loggerApiNewSafetyNet in com.openclassrooms.new_safety_net.controller.NewSafetyAlertController required a bean of type 'com.openclassrooms.new_safety_net.service.LoggerApiNewSafetyNet' that could not be found.

The injection point has the following annotations:
	- @org.springframework.beans.factory.annotation.Autowired(required=true)


Action:

Consider defining a bean of type 'com.openclassrooms.new_safety_net.service.LoggerApiNewSafetyNet' in your configuration.

2023-03-15 18:50:21 [main] INFO  c.o.n.NewSafetyNetApplication                      - Starting NewSafetyNetApplication using Java 17.0.3.1 with PID 4780 (C:\Users\kls_k\OneDrive\Claudiu - hors connexion\WorkJavaVisualCode\new_safety_net\target\classes started by kls_k in C:\Users\kls_k\OneDrive\Claudiu - hors connexion\WorkJavaVisualCode\new_safety_net)
2023-03-15 18:50:21 [main] DEBUG c.o.n.NewSafetyNetApplication                      - Running with Spring Boot v3.0.2, Spring v6.0.4
2023-03-15 18:50:21 [main] INFO  c.o.n.NewSafetyNetApplication                      - No active profile set, falling back to 1 default profile: "default"
2023-03-15 18:50:24 [main] INFO  o.s.b.w.e.t.TomcatWebServer                        - Tomcat initialized with port(s): 8080 (http)
2023-03-15 18:50:28 [main] INFO  o.s.b.w.e.t.TomcatWebServer                        - Tomcat started on port(s): 8080 (http) with context path ''
2023-03-15 18:50:28 [main] INFO  c.o.n.NewSafetyNetApplication                      - Started NewSafetyNetApplication in 8.153 seconds (process running for 9.212)
2023-03-15 18:51:15 [http-nio-8080-exec-4] DEBUG c.o.n.s.ObjetFromJson                              - Json iterator is created.
2023-03-15 18:51:15 [http-nio-8080-exec-4] DEBUG c.o.n.s.GetListsElementsJson                       - List persons is created.
2023-03-15 18:51:15 [http-nio-8080-exec-4] INFO  c.o.n.c.NewSafetyAlertController                   - OK
Request Method: <[GET]> /persons
Request URL: http://localhost:8080/persons
Content Type: null
Response Code: 200
Header Name: {"host": "localhost:8080", "connection": "keep-alive", "sec-ch-ua": ""Microsoft Edge";v="111", "Not(A:Brand";v="8", "Chromium";v="111"", "sec-ch-ua-mobile": "?0", "sec-ch-ua-platform": ""Windows"", "upgrade-insecure-requests": "1", "user-agent": "Mozilla/5.0 (Windows NT 10.0; Win64; x64) AppleWebKit/537.36 (KHTML, like Gecko) Chrome/111.0.0.0 Safari/537.36 Edg/111.0.1661.41", "accept": "text/html,application/xhtml+xml,application/xml;q=0.9,image/webp,image/apng,*/*;q=0.8,application/signed-exchange;v=b3;q=0.7", "sec-fetch-site": "none", "sec-fetch-mode": "navigate", "sec-fetch-user": "?1", "sec-fetch-dest": "document", "accept-encoding": "gzip, deflate, br", "accept-language": "fr-FR,fr-BE;q=0.9,fr;q=0.8,de-CH;q=0.7,de;q=0.6,en-AU;q=0.5,en;q=0.4,de-DE;q=0.3,en-US;q=0.2,en-GB;q=0.1,ro;q=0.1", "cookie": "tll_1912723=1673217409; nv_1912723=7; vid_1912723=Y6ltWp8zd1MMGFJHwFFVBgAAAAE; io_1912723=1"}
2023-03-15 18:54:20 [http-nio-8080-exec-3] DEBUG c.o.n.s.ObjetFromJson                              - Json iterator is created.
2023-03-15 18:54:20 [http-nio-8080-exec-3] DEBUG c.o.n.s.GetListsElementsJson                       - List persons is created.
2023-03-15 18:54:20 [http-nio-8080-exec-3] INFO  c.o.n.c.NewSafetyAlertController                   - OK
Request Method: <[GET]> /persons
Request URL: http://localhost:8080/persons
Content Type: null
Response Code: 200
Header Name: {"host": "localhost:8080", "connection": "keep-alive", "sec-ch-ua": ""Microsoft Edge";v="111", "Not(A:Brand";v="8", "Chromium";v="111"", "sec-ch-ua-mobile": "?0", "sec-ch-ua-platform": ""Windows"", "upgrade-insecure-requests": "1", "user-agent": "Mozilla/5.0 (Windows NT 10.0; Win64; x64) AppleWebKit/537.36 (KHTML, like Gecko) Chrome/111.0.0.0 Safari/537.36 Edg/111.0.1661.41", "accept": "text/html,application/xhtml+xml,application/xml;q=0.9,image/webp,image/apng,*/*;q=0.8,application/signed-exchange;v=b3;q=0.7", "sec-fetch-site": "none", "sec-fetch-mode": "navigate", "sec-fetch-user": "?1", "sec-fetch-dest": "document", "accept-encoding": "gzip, deflate, br", "accept-language": "fr-FR,fr-BE;q=0.9,fr;q=0.8,de-CH;q=0.7,de;q=0.6,en-AU;q=0.5,en;q=0.4,de-DE;q=0.3,en-US;q=0.2,en-GB;q=0.1,ro;q=0.1", "cookie": "tll_1912723=1673217409; nv_1912723=7; vid_1912723=Y6ltWp8zd1MMGFJHwFFVBgAAAAE; io_1912723=1"}
2023-03-15 19:02:04 [main] INFO  c.o.n.NewSafetyNetApplication                      - Starting NewSafetyNetApplication using Java 17.0.3.1 with PID 7600 (C:\Users\kls_k\OneDrive\Claudiu - hors connexion\WorkJavaVisualCode\new_safety_net\target\classes started by kls_k in C:\Users\kls_k\OneDrive\Claudiu - hors connexion\WorkJavaVisualCode\new_safety_net)
2023-03-15 19:02:04 [main] DEBUG c.o.n.NewSafetyNetApplication                      - Running with Spring Boot v3.0.2, Spring v6.0.4
2023-03-15 19:02:04 [main] INFO  c.o.n.NewSafetyNetApplication                      - No active profile set, falling back to 1 default profile: "default"
2023-03-15 19:02:07 [main] INFO  o.s.b.w.e.t.TomcatWebServer                        - Tomcat initialized with port(s): 8080 (http)
2023-03-15 19:02:10 [main] INFO  o.s.b.w.e.t.TomcatWebServer                        - Tomcat started on port(s): 8080 (http) with context path ''
2023-03-15 19:02:10 [main] INFO  c.o.n.NewSafetyNetApplication                      - Started NewSafetyNetApplication in 7.109 seconds (process running for 8.44)
2023-03-15 19:02:42 [main] INFO  c.o.n.NewSafetyNetApplication                      - Starting NewSafetyNetApplication using Java 17.0.3.1 with PID 20396 (C:\Users\kls_k\OneDrive\Claudiu - hors connexion\WorkJavaVisualCode\new_safety_net\target\classes started by kls_k in C:\Users\kls_k\OneDrive\Claudiu - hors connexion\WorkJavaVisualCode\new_safety_net)
2023-03-15 19:02:42 [main] DEBUG c.o.n.NewSafetyNetApplication                      - Running with Spring Boot v3.0.2, Spring v6.0.4
2023-03-15 19:02:42 [main] INFO  c.o.n.NewSafetyNetApplication                      - No active profile set, falling back to 1 default profile: "default"
2023-03-15 19:02:45 [main] INFO  o.s.b.w.e.t.TomcatWebServer                        - Tomcat initialized with port(s): 8080 (http)
2023-03-15 19:02:48 [main] INFO  o.s.b.w.e.t.TomcatWebServer                        - Tomcat started on port(s): 8080 (http) with context path ''
2023-03-15 19:02:48 [main] INFO  c.o.n.NewSafetyNetApplication                      - Started NewSafetyNetApplication in 6.049 seconds (process running for 7.066)
2023-03-15 19:03:31 [main] INFO  c.o.n.NewSafetyNetApplication                      - Starting NewSafetyNetApplication using Java 17.0.3.1 with PID 12568 (C:\Users\kls_k\OneDrive\Claudiu - hors connexion\WorkJavaVisualCode\new_safety_net\target\classes started by kls_k in C:\Users\kls_k\OneDrive\Claudiu - hors connexion\WorkJavaVisualCode\new_safety_net)
2023-03-15 19:03:31 [main] DEBUG c.o.n.NewSafetyNetApplication                      - Running with Spring Boot v3.0.2, Spring v6.0.4
2023-03-15 19:03:31 [main] INFO  c.o.n.NewSafetyNetApplication                      - No active profile set, falling back to 1 default profile: "default"
2023-03-15 19:03:34 [main] INFO  o.s.b.w.e.t.TomcatWebServer                        - Tomcat initialized with port(s): 8080 (http)
2023-03-15 19:03:36 [main] INFO  o.s.b.w.e.t.TomcatWebServer                        - Tomcat started on port(s): 8080 (http) with context path ''
2023-03-15 19:03:36 [main] INFO  c.o.n.NewSafetyNetApplication                      - Started NewSafetyNetApplication in 5.654 seconds (process running for 6.618)
2023-03-15 19:03:50 [main] INFO  c.o.n.NewSafetyNetApplication                      - Starting NewSafetyNetApplication using Java 17.0.3.1 with PID 11168 (C:\Users\kls_k\OneDrive\Claudiu - hors connexion\WorkJavaVisualCode\new_safety_net\target\classes started by kls_k in C:\Users\kls_k\OneDrive\Claudiu - hors connexion\WorkJavaVisualCode\new_safety_net)
2023-03-15 19:03:50 [main] DEBUG c.o.n.NewSafetyNetApplication                      - Running with Spring Boot v3.0.2, Spring v6.0.4
2023-03-15 19:03:50 [main] INFO  c.o.n.NewSafetyNetApplication                      - No active profile set, falling back to 1 default profile: "default"
2023-03-15 19:03:52 [main] INFO  o.s.b.w.e.t.TomcatWebServer                        - Tomcat initialized with port(s): 8080 (http)
2023-03-15 19:03:54 [main] INFO  o.s.b.w.e.t.TomcatWebServer                        - Tomcat started on port(s): 8080 (http) with context path ''
2023-03-15 19:03:55 [main] INFO  c.o.n.NewSafetyNetApplication                      - Started NewSafetyNetApplication in 5.949 seconds (process running for 6.925)
2023-03-15 19:04:38 [main] INFO  c.o.n.NewSafetyNetApplication                      - Starting NewSafetyNetApplication using Java 17.0.3.1 with PID 10176 (C:\Users\kls_k\OneDrive\Claudiu - hors connexion\WorkJavaVisualCode\new_safety_net\target\classes started by kls_k in C:\Users\kls_k\OneDrive\Claudiu - hors connexion\WorkJavaVisualCode\new_safety_net)
2023-03-15 19:04:38 [main] DEBUG c.o.n.NewSafetyNetApplication                      - Running with Spring Boot v3.0.2, Spring v6.0.4
2023-03-15 19:04:38 [main] INFO  c.o.n.NewSafetyNetApplication                      - No active profile set, falling back to 1 default profile: "default"
2023-03-15 19:04:41 [main] INFO  o.s.b.w.e.t.TomcatWebServer                        - Tomcat initialized with port(s): 8080 (http)
2023-03-15 19:04:43 [main] INFO  o.s.b.w.e.t.TomcatWebServer                        - Tomcat started on port(s): 8080 (http) with context path ''
2023-03-15 19:04:43 [main] INFO  c.o.n.NewSafetyNetApplication                      - Started NewSafetyNetApplication in 5.405 seconds (process running for 6.536)
2023-03-15 19:09:07 [main] INFO  c.o.n.NewSafetyNetApplication                      - Starting NewSafetyNetApplication using Java 17.0.3.1 with PID 12776 (C:\Users\kls_k\OneDrive\Claudiu - hors connexion\WorkJavaVisualCode\new_safety_net\target\classes started by kls_k in C:\Users\kls_k\OneDrive\Claudiu - hors connexion\WorkJavaVisualCode\new_safety_net)
2023-03-15 19:09:07 [main] DEBUG c.o.n.NewSafetyNetApplication                      - Running with Spring Boot v3.0.2, Spring v6.0.4
2023-03-15 19:09:07 [main] INFO  c.o.n.NewSafetyNetApplication                      - No active profile set, falling back to 1 default profile: "default"
2023-03-15 19:09:10 [main] INFO  o.s.b.w.e.t.TomcatWebServer                        - Tomcat initialized with port(s): 8080 (http)
2023-03-15 19:09:13 [main] INFO  o.s.b.w.e.t.TomcatWebServer                        - Tomcat started on port(s): 8080 (http) with context path ''
2023-03-15 19:09:13 [main] INFO  c.o.n.NewSafetyNetApplication                      - Started NewSafetyNetApplication in 7.674 seconds (process running for 8.503)
2023-03-15 19:11:24 [main] INFO  c.o.n.NewSafetyNetApplication                      - Starting NewSafetyNetApplication using Java 17.0.3.1 with PID 19132 (C:\Users\kls_k\OneDrive\Claudiu - hors connexion\WorkJavaVisualCode\new_safety_net\target\classes started by kls_k in C:\Users\kls_k\OneDrive\Claudiu - hors connexion\WorkJavaVisualCode\new_safety_net)
2023-03-15 19:11:24 [main] DEBUG c.o.n.NewSafetyNetApplication                      - Running with Spring Boot v3.0.2, Spring v6.0.4
2023-03-15 19:11:24 [main] INFO  c.o.n.NewSafetyNetApplication                      - No active profile set, falling back to 1 default profile: "default"
2023-03-15 19:11:28 [main] INFO  o.s.b.w.e.t.TomcatWebServer                        - Tomcat initialized with port(s): 8080 (http)
2023-03-15 19:11:31 [main] INFO  o.s.b.w.e.t.TomcatWebServer                        - Tomcat started on port(s): 8080 (http) with context path ''
2023-03-15 19:11:31 [main] INFO  c.o.n.NewSafetyNetApplication                      - Started NewSafetyNetApplication in 7.28 seconds (process running for 8.151)
2023-03-15 19:15:28 [main] INFO  c.o.n.NewSafetyNetApplication                      - Starting NewSafetyNetApplication using Java 17.0.3.1 with PID 13532 (C:\Users\kls_k\OneDrive\Claudiu - hors connexion\WorkJavaVisualCode\new_safety_net\target\classes started by kls_k in C:\Users\kls_k\OneDrive\Claudiu - hors connexion\WorkJavaVisualCode\new_safety_net)
2023-03-15 19:15:28 [main] DEBUG c.o.n.NewSafetyNetApplication                      - Running with Spring Boot v3.0.2, Spring v6.0.4
2023-03-15 19:15:28 [main] INFO  c.o.n.NewSafetyNetApplication                      - No active profile set, falling back to 1 default profile: "default"
2023-03-15 19:15:32 [main] INFO  o.s.b.w.e.t.TomcatWebServer                        - Tomcat initialized with port(s): 8080 (http)
2023-03-15 19:15:35 [main] INFO  o.s.b.w.e.t.TomcatWebServer                        - Tomcat started on port(s): 8080 (http) with context path ''
2023-03-15 19:15:35 [main] INFO  c.o.n.NewSafetyNetApplication                      - Started NewSafetyNetApplication in 7.83 seconds (process running for 9.645)
