2022-12-18 09:35:55 [main] INFO  c.o.n.NewSafetyNetApplication                      - Starting NewSafetyNetApplication using Java 17.0.3.1 with PID 7916 (C:\WorkJavaVisualCode\new_safety_net\target\classes started by kls_k in C:\WorkJavaVisualCode\new_safety_net)
2022-12-18 09:35:55 [main] DEBUG c.o.n.NewSafetyNetApplication                      - Running with Spring Boot v3.0.0-SNAPSHOT, Spring v6.0.1
2022-12-18 09:35:55 [main] INFO  c.o.n.NewSafetyNetApplication                      - No active profile set, falling back to 1 default profile: "default"
2022-12-18 09:35:56 [main] INFO  o.s.b.w.e.t.TomcatWebServer                        - Tomcat initialized with port(s): 8080 (http)
2022-12-18 09:35:57 [main] INFO  o.s.b.w.e.t.TomcatWebServer                        - Tomcat started on port(s): 8080 (http) with context path ''
2022-12-18 09:35:57 [main] INFO  c.o.n.NewSafetyNetApplication                      - Started NewSafetyNetApplication in 2.872 seconds (process running for 3.597)
2022-12-18 09:36:05 [http-nio-8080-exec-1] DEBUG c.o.n.s.ObjetFromJson                              - Json iterator is created.
2022-12-18 09:36:05 [http-nio-8080-exec-1] DEBUG c.o.n.s.GetListsElementsJson                       - List persons is created.
2022-12-18 09:36:05 [http-nio-8080-exec-1] INFO  c.o.n.c.NewSafetyAlertController                   - OK
Request Method: <[GET]> /persons
Request URL: http://localhost:8080/persons
Content Type: application/json
Response Code: 200
Header Name: {"content-type": "application/json", "user-agent": "PostmanRuntime/7.29.2", "accept": "*/*", "postman-token": "45d2c440-1f93-439a-aeff-2a58a5d9b6c9", "host": "localhost:8080", "accept-encoding": "gzip, deflate, br", "connection": "keep-alive", "content-length": "240"}
2022-12-18 21:03:27 [main] INFO  c.o.n.NewSafetyNetApplication                      - Starting NewSafetyNetApplication using Java 17.0.3.1 with PID 8176 (C:\WorkJavaVisualCode\new_safety_net\target\classes started by kls_k in C:\WorkJavaVisualCode\new_safety_net)
2022-12-18 21:03:27 [main] DEBUG c.o.n.NewSafetyNetApplication                      - Running with Spring Boot v3.0.0-SNAPSHOT, Spring v6.0.2
2022-12-18 21:03:27 [main] INFO  c.o.n.NewSafetyNetApplication                      - No active profile set, falling back to 1 default profile: "default"
2022-12-18 21:03:28 [main] INFO  o.s.b.w.e.t.TomcatWebServer                        - Tomcat initialized with port(s): 8080 (http)
2022-12-18 21:03:29 [main] INFO  o.s.b.w.e.t.TomcatWebServer                        - Tomcat started on port(s): 8080 (http) with context path ''
2022-12-18 21:03:29 [main] INFO  c.o.n.NewSafetyNetApplication                      - Started NewSafetyNetApplication in 2.902 seconds (process running for 3.601)
2022-12-18 21:04:51 [http-nio-8080-exec-4] DEBUG c.o.n.s.ObjetFromJson                              - Json iterator is created.
2022-12-18 21:04:51 [http-nio-8080-exec-4] DEBUG c.o.n.s.GetListsElementsJson                       - List persons is created.
2022-12-18 21:04:51 [http-nio-8080-exec-4] DEBUG c.o.n.s.SafetyNetService                           - Get the person is ok.
2022-12-18 21:04:51 [http-nio-8080-exec-4] INFO  c.o.n.c.NewSafetyAlertController                   - No Content. The person does not exist.
Request Method: <[GET]> /person/%7BfirstNamelastName%7D
Request URL: http://localhost:8080/person/%257BfirstNamelastName%257D?vscodeBrowserReqId=1671393890996
Content Type: null
Response Code: 204
Header Name: {"host": "localhost:8080", "connection": "keep-alive", "upgrade-insecure-requests": "1", "user-agent": "Mozilla/5.0 (Windows NT 10.0; Win64; x64) AppleWebKit/537.36 (KHTML, like Gecko) Code/1.74.1 Chrome/102.0.5005.167 Electron/19.1.8 Safari/537.36", "accept": "text/html,application/xhtml+xml,application/xml;q=0.9,image/avif,image/webp,image/apng,*/*;q=0.8,application/signed-exchange;v=b3;q=0.9", "sec-fetch-site": "cross-site", "sec-fetch-mode": "navigate", "sec-fetch-dest": "iframe", "accept-encoding": "gzip, deflate, br", "accept-language": "en-US"}
2022-12-18 21:05:09 [http-nio-8080-exec-5] DEBUG c.o.n.s.ObjetFromJson                              - Json iterator is created.
2022-12-18 21:05:09 [http-nio-8080-exec-5] DEBUG c.o.n.s.GetListsElementsJson                       - List persons is created.
2022-12-18 21:05:09 [http-nio-8080-exec-5] DEBUG c.o.n.s.SafetyNetService                           - Get the person is ok.
2022-12-18 21:05:09 [http-nio-8080-exec-5] INFO  c.o.n.c.NewSafetyAlertController                   - No Content. The person does not exist.
Request Method: <[GET]> /person/sdfssdf
Request URL: http://localhost:8080/person/sdfssdf?vscodeBrowserReqId=1671393909057
Content Type: null
Response Code: 204
Header Name: {"host": "localhost:8080", "connection": "keep-alive", "upgrade-insecure-requests": "1", "user-agent": "Mozilla/5.0 (Windows NT 10.0; Win64; x64) AppleWebKit/537.36 (KHTML, like Gecko) Code/1.74.1 Chrome/102.0.5005.167 Electron/19.1.8 Safari/537.36", "accept": "text/html,application/xhtml+xml,application/xml;q=0.9,image/avif,image/webp,image/apng,*/*;q=0.8,application/signed-exchange;v=b3;q=0.9", "sec-fetch-site": "cross-site", "sec-fetch-mode": "navigate", "sec-fetch-user": "?1", "sec-fetch-dest": "iframe", "accept-encoding": "gzip, deflate, br", "accept-language": "en-US"}
2022-12-18 21:06:22 [main] INFO  c.o.n.NewSafetyNetApplication                      - Starting NewSafetyNetApplication using Java 17.0.3.1 with PID 3472 (C:\WorkJavaVisualCode\new_safety_net\target\classes started by kls_k in C:\WorkJavaVisualCode\new_safety_net)
2022-12-18 21:06:22 [main] DEBUG c.o.n.NewSafetyNetApplication                      - Running with Spring Boot v3.0.0-SNAPSHOT, Spring v6.0.2
2022-12-18 21:06:22 [main] INFO  c.o.n.NewSafetyNetApplication                      - No active profile set, falling back to 1 default profile: "default"
2022-12-18 21:06:23 [main] INFO  o.s.b.w.e.t.TomcatWebServer                        - Tomcat initialized with port(s): 8081 (http)
2022-12-18 21:06:24 [main] INFO  o.s.b.w.e.t.TomcatWebServer                        - Tomcat started on port(s): 8081 (http) with context path ''
2022-12-18 21:06:24 [main] INFO  c.o.n.NewSafetyNetApplication                      - Started NewSafetyNetApplication in 2.936 seconds (process running for 3.643)
2022-12-18 21:08:04 [main] INFO  c.o.n.NewSafetyNetApplication                      - Starting NewSafetyNetApplication using Java 17.0.3.1 with PID 3052 (C:\WorkJavaVisualCode\new_safety_net\target\classes started by kls_k in C:\WorkJavaVisualCode\new_safety_net)
2022-12-18 21:08:04 [main] DEBUG c.o.n.NewSafetyNetApplication                      - Running with Spring Boot v3.0.0-SNAPSHOT, Spring v6.0.2
2022-12-18 21:08:04 [main] INFO  c.o.n.NewSafetyNetApplication                      - No active profile set, falling back to 1 default profile: "default"
2022-12-18 21:08:05 [main] INFO  o.s.b.w.e.t.TomcatWebServer                        - Tomcat initialized with port(s): 8082 (http)
2022-12-18 21:08:06 [main] INFO  o.s.b.w.e.t.TomcatWebServer                        - Tomcat started on port(s): 8082 (http) with context path ''
2022-12-18 21:08:06 [main] INFO  c.o.n.NewSafetyNetApplication                      - Started NewSafetyNetApplication in 2.618 seconds (process running for 3.351)
2022-12-18 21:08:38 [http-nio-8082-exec-4] DEBUG c.o.n.s.ObjetFromJson                              - Json iterator is created.
2022-12-18 21:08:38 [http-nio-8082-exec-4] DEBUG c.o.n.s.GetListsElementsJson                       - List persons is created.
2022-12-18 21:08:38 [http-nio-8082-exec-4] INFO  c.o.n.c.NewSafetyAlertController                   - OK
Request Method: <[GET]> /persons
Request URL: http://localhost:8082/persons
Content Type: application/json
Response Code: 200
Header Name: {"content-type": "application/json", "user-agent": "PostmanRuntime/7.30.0", "accept": "*/*", "postman-token": "492ea6c6-248d-4a24-b89b-ac68b3d00a97", "host": "localhost:8082", "accept-encoding": "gzip, deflate, br", "connection": "keep-alive", "content-length": "240"}
2022-12-18 21:08:58 [http-nio-8082-exec-5] DEBUG c.o.n.s.ObjetFromJson                              - Json iterator is created.
2022-12-18 21:08:58 [http-nio-8082-exec-5] DEBUG c.o.n.s.GetListsElementsJson                       - List persons is created.
2022-12-18 21:08:58 [http-nio-8082-exec-5] INFO  c.o.n.c.NewSafetyAlertController                   - OK
Request Method: <[GET]> /persons
Request URL: http://localhost:8082/persons?vscodeBrowserReqId=1671394138408
Content Type: null
Response Code: 200
Header Name: {"host": "localhost:8082", "connection": "keep-alive", "upgrade-insecure-requests": "1", "user-agent": "Mozilla/5.0 (Windows NT 10.0; Win64; x64) AppleWebKit/537.36 (KHTML, like Gecko) Code/1.74.1 Chrome/102.0.5005.167 Electron/19.1.8 Safari/537.36", "accept": "text/html,application/xhtml+xml,application/xml;q=0.9,image/avif,image/webp,image/apng,*/*;q=0.8,application/signed-exchange;v=b3;q=0.9", "sec-fetch-site": "cross-site", "sec-fetch-mode": "navigate", "sec-fetch-dest": "iframe", "accept-encoding": "gzip, deflate, br", "accept-language": "en-US"}
2022-12-18 21:09:14 [http-nio-8082-exec-1] DEBUG c.o.n.s.ObjetFromJson                              - Json iterator is created.
2022-12-18 21:09:14 [http-nio-8082-exec-1] DEBUG c.o.n.s.GetListsElementsJson                       - List persons is created.
2022-12-18 21:09:14 [http-nio-8082-exec-1] INFO  c.o.n.c.NewSafetyAlertController                   - OK
Request Method: <[GET]> /persons
Request URL: http://localhost:8082/persons?vscodeBrowserReqId=1671394154011
Content Type: null
Response Code: 200
Header Name: {"host": "localhost:8082", "connection": "keep-alive", "upgrade-insecure-requests": "1", "user-agent": "Mozilla/5.0 (Windows NT 10.0; Win64; x64) AppleWebKit/537.36 (KHTML, like Gecko) Code/1.74.1 Chrome/102.0.5005.167 Electron/19.1.8 Safari/537.36", "accept": "text/html,application/xhtml+xml,application/xml;q=0.9,image/avif,image/webp,image/apng,*/*;q=0.8,application/signed-exchange;v=b3;q=0.9", "sec-fetch-site": "cross-site", "sec-fetch-mode": "navigate", "sec-fetch-dest": "iframe", "accept-encoding": "gzip, deflate, br", "accept-language": "en-US"}
2022-12-18 21:09:49 [http-nio-8082-exec-6] DEBUG c.o.n.s.ObjetFromJson                              - Json iterator is created.
2022-12-18 21:09:49 [http-nio-8082-exec-6] DEBUG c.o.n.s.GetListsElementsJson                       - List medicalrecords is created.
2022-12-18 21:09:49 [http-nio-8082-exec-6] INFO  c.o.n.c.NewSafetyAlertController                   - OK
Request Method: <[GET]> /medicalrecords
Request URL: http://localhost:8082/medicalrecords?vscodeBrowserReqId=1671394189349
Content Type: null
Response Code: 200
Header Name: {"host": "localhost:8082", "connection": "keep-alive", "upgrade-insecure-requests": "1", "user-agent": "Mozilla/5.0 (Windows NT 10.0; Win64; x64) AppleWebKit/537.36 (KHTML, like Gecko) Code/1.74.1 Chrome/102.0.5005.167 Electron/19.1.8 Safari/537.36", "accept": "text/html,application/xhtml+xml,application/xml;q=0.9,image/avif,image/webp,image/apng,*/*;q=0.8,application/signed-exchange;v=b3;q=0.9", "sec-fetch-site": "cross-site", "sec-fetch-mode": "navigate", "sec-fetch-dest": "iframe", "accept-encoding": "gzip, deflate, br", "accept-language": "en-US"}
2022-12-18 21:11:45 [main] INFO  c.o.n.NewSafetyNetApplication                      - Starting NewSafetyNetApplication using Java 17.0.3.1 with PID 12124 (C:\WorkJavaVisualCode\new_safety_net\target\classes started by kls_k in C:\WorkJavaVisualCode\new_safety_net)
2022-12-18 21:11:45 [main] DEBUG c.o.n.NewSafetyNetApplication                      - Running with Spring Boot v3.0.0-SNAPSHOT, Spring v6.0.2
2022-12-18 21:11:45 [main] INFO  c.o.n.NewSafetyNetApplication                      - No active profile set, falling back to 1 default profile: "default"
2022-12-18 21:11:46 [main] INFO  o.s.b.w.e.t.TomcatWebServer                        - Tomcat initialized with port(s): 8082 (http)
2022-12-18 21:11:48 [main] ERROR o.s.b.d.LoggingFailureAnalysisReporter             - 

***************************
APPLICATION FAILED TO START
***************************

Description:

Web server failed to start. Port 8082 was already in use.

Action:

Identify and stop the process that's listening on port 8082 or configure this application to listen on another port.

2022-12-18 21:12:12 [main] INFO  c.o.n.NewSafetyNetApplication                      - Starting NewSafetyNetApplication using Java 17.0.3.1 with PID 21356 (C:\WorkJavaVisualCode\new_safety_net\target\classes started by kls_k in C:\WorkJavaVisualCode\new_safety_net)
2022-12-18 21:12:13 [main] DEBUG c.o.n.NewSafetyNetApplication                      - Running with Spring Boot v3.0.0-SNAPSHOT, Spring v6.0.2
2022-12-18 21:12:13 [main] INFO  c.o.n.NewSafetyNetApplication                      - No active profile set, falling back to 1 default profile: "default"
2022-12-18 21:12:14 [main] INFO  o.s.b.w.e.t.TomcatWebServer                        - Tomcat initialized with port(s): 8083 (http)
2022-12-18 21:12:15 [main] INFO  o.s.b.w.e.t.TomcatWebServer                        - Tomcat started on port(s): 8083 (http) with context path ''
2022-12-18 21:12:15 [main] INFO  c.o.n.NewSafetyNetApplication                      - Started NewSafetyNetApplication in 2.831 seconds (process running for 3.429)
2022-12-18 21:16:01 [http-nio-8083-exec-7] DEBUG c.o.n.s.ObjetFromJson                              - Json iterator is created.
2022-12-18 21:16:01 [http-nio-8083-exec-7] DEBUG c.o.n.s.GetListsElementsJson                       - List persons is created.
2022-12-18 21:16:01 [http-nio-8083-exec-7] INFO  c.o.n.c.NewSafetyAlertController                   - OK
Request Method: <[GET]> /persons
Request URL: http://localhost:8083/persons
Content Type: application/json
Response Code: 200
Header Name: {"content-type": "application/json", "user-agent": "PostmanRuntime/7.30.0", "accept": "*/*", "postman-token": "32ebb908-ce33-4222-b3a1-356e4b5a19ac", "host": "localhost:8083", "accept-encoding": "gzip, deflate, br", "connection": "keep-alive", "content-length": "240"}
2022-12-18 21:20:08 [http-nio-8083-exec-9] DEBUG c.o.n.s.SafetyNetService                           - Request URL: http://localhost:8083/communityEmail?city=Culver
2022-12-18 21:20:08 [http-nio-8083-exec-9] DEBUG c.o.n.s.ObjetFromJson                              - Json iterator is created.
2022-12-18 21:20:08 [http-nio-8083-exec-9] DEBUG c.o.n.s.GetListsElementsJson                       - List persons is created.
2022-12-18 21:20:08 [http-nio-8083-exec-9] DEBUG c.o.n.s.SafetyNetService                           - The list of persons: [Persons{firstName='John', lastName='Boyd', address='1509 Culver St', city='Culver', zip='97451', phone='841-874-6512', email='jaboyd@email.com'}, Persons{firstName='Jacob', lastName='Boyd', address='1509 Culver St', city='Culver', zip='97451', phone='841-874-6513', email='drk@email.com'}, Persons{firstName='Tenley', lastName='Boyd', address='1509 Culver St', city='Culver', zip='97451', phone='841-874-6512', email='tenz@email.com'}, Persons{firstName='Roger', lastName='Boyd', address='1509 Culver St', city='Culver', zip='97451', phone='841-874-6512', email='jaboyd@email.com'}, Persons{firstName='Felicia', lastName='Boyd', address='1509 Culver St', city='Culver', zip='97451', phone='841-874-6544', email='jaboyd@email.com'}, Persons{firstName='Jonanathan', lastName='Marrack', address='29 15th St', city='Culver', zip='97451', phone='841-874-6513', email='drk@email.com'}, Persons{firstName='Tessa', lastName='Carman', address='834 Binoc Ave', city='Culver', zip='97451', phone='841-874-6512', email='tenz@email.com'}, Persons{firstName='Peter', lastName='Duncan', address='644 Gershwin Cir', city='Culver', zip='97451', phone='841-874-6512', email='jaboyd@email.com'}, Persons{firstName='Foster', lastName='Shepard', address='748 Townings Dr', city='Culver', zip='97451', phone='841-874-6544', email='jaboyd@email.com'}, Persons{firstName='Tony', lastName='Cooper', address='112 Steppes Pl', city='Culver', zip='97451', phone='841-874-6874', email='tcoop@ymail.com'}, Persons{firstName='Lily', lastName='Cooper', address='489 Manchester St', city='Culver', zip='97451', phone='841-874-9845', email='lily@email.com'}, Persons{firstName='Sophia', lastName='Zemicks', address='892 Downing Ct', city='Culver', zip='97451', phone='841-874-7878', email='soph@email.com'}, Persons{firstName='Warren', lastName='Zemicks', address='892 Downing Ct', city='Culver', zip='97451', phone='841-874-7512', email='ward@email.com'}, Persons{firstName='Zach', lastName='Zemicks', address='892 Downing Ct', city='Culver', zip='97451', phone='841-874-7512', email='zarc@email.com'}, Persons{firstName='Reginold', lastName='Walker', address='908 73rd St', city='Culver', zip='97451', phone='841-874-8547', email='reg@email.com'}, Persons{firstName='Jamie', lastName='Peters', address='908 73rd St', city='Culver', zip='97451', phone='841-874-7462', email='jpeter@email.com'}, Persons{firstName='Ron', lastName='Peters', address='112 Steppes Pl', city='Culver', zip='97451', phone='841-874-8888', email='jpeter@email.com'}, Persons{firstName='Allison', lastName='Boyd', address='112 Steppes Pl', city='Culver', zip='97451', phone='841-874-9888', email='aly@imail.com'}, Persons{firstName='Brian', lastName='Stelzer', address='947 E. Rose Dr', city='Culver', zip='97451', phone='841-874-7784', email='bstel@email.com'}, Persons{firstName='Shawna', lastName='Stelzer', address='947 E. Rose Dr', city='Culver', zip='97451', phone='841-874-7784', email='ssanw@email.com'}, Persons{firstName='Kendrik', lastName='Stelzer', address='947 E. Rose Dr', city='Culver', zip='97451', phone='841-874-7784', email='bstel@email.com'}, Persons{firstName='Clive', lastName='Ferguson', address='748 Townings Dr', city='Culver', zip='97451', phone='841-874-6741', email='clivfd@ymail.com'}, Persons{firstName='Eric', lastName='Cadigan', address='951 LoneTree Rd', city='Culver', zip='97451', phone='841-874-7458', email='gramps@email.com'}]
2022-12-18 21:20:08 [http-nio-8083-exec-9] DEBUG c.o.n.s.SafetyNetService                           - The list of emails is created(before remove the duplicate): [jaboyd@email.com, drk@email.com, tenz@email.com, jaboyd@email.com, jaboyd@email.com, drk@email.com, tenz@email.com, jaboyd@email.com, jaboyd@email.com, tcoop@ymail.com, lily@email.com, soph@email.com, ward@email.com, zarc@email.com, reg@email.com, jpeter@email.com, jpeter@email.com, aly@imail.com, bstel@email.com, ssanw@email.com, bstel@email.com, clivfd@ymail.com, gramps@email.com]
2022-12-18 21:20:08 [http-nio-8083-exec-9] INFO  c.o.n.c.NewSafetyAlertController                   - Response status 200:
Request Method: <[GET]> /communityEmail
Request URL: http://localhost:8083/communityEmail?city=Culver
Content Type: application/json
Response Code: 200
Header Name: {"content-type": "application/json", "user-agent": "PostmanRuntime/7.30.0", "accept": "*/*", "postman-token": "277e34c9-6560-4646-a52c-e2a0c1757d1d", "host": "localhost:8083", "accept-encoding": "gzip, deflate, br", "connection": "keep-alive", "content-length": "240"}
2022-12-18 21:20:40 [http-nio-8082-exec-6] DEBUG c.o.n.s.SafetyNetService                           - Request URL: http://localhost:8082/communityEmail?city=Culver&vscodeBrowserReqId=1671394840291
2022-12-18 21:20:40 [http-nio-8082-exec-6] DEBUG c.o.n.s.ObjetFromJson                              - Json iterator is created.
2022-12-18 21:20:40 [http-nio-8082-exec-6] DEBUG c.o.n.s.GetListsElementsJson                       - List persons is created.
2022-12-18 21:20:40 [http-nio-8082-exec-6] DEBUG c.o.n.s.SafetyNetService                           - The list of persons: [Persons{firstName='John', lastName='Boyd', address='1509 Culver St', city='Culver', zip='97451', phone='841-874-6512', email='jaboyd@email.com'}, Persons{firstName='Jacob', lastName='Boyd', address='1509 Culver St', city='Culver', zip='97451', phone='841-874-6513', email='drk@email.com'}, Persons{firstName='Tenley', lastName='Boyd', address='1509 Culver St', city='Culver', zip='97451', phone='841-874-6512', email='tenz@email.com'}, Persons{firstName='Roger', lastName='Boyd', address='1509 Culver St', city='Culver', zip='97451', phone='841-874-6512', email='jaboyd@email.com'}, Persons{firstName='Felicia', lastName='Boyd', address='1509 Culver St', city='Culver', zip='97451', phone='841-874-6544', email='jaboyd@email.com'}, Persons{firstName='Jonanathan', lastName='Marrack', address='29 15th St', city='Culver', zip='97451', phone='841-874-6513', email='drk@email.com'}, Persons{firstName='Tessa', lastName='Carman', address='834 Binoc Ave', city='Culver', zip='97451', phone='841-874-6512', email='tenz@email.com'}, Persons{firstName='Peter', lastName='Duncan', address='644 Gershwin Cir', city='Culver', zip='97451', phone='841-874-6512', email='jaboyd@email.com'}, Persons{firstName='Foster', lastName='Shepard', address='748 Townings Dr', city='Culver', zip='97451', phone='841-874-6544', email='jaboyd@email.com'}, Persons{firstName='Tony', lastName='Cooper', address='112 Steppes Pl', city='Culver', zip='97451', phone='841-874-6874', email='tcoop@ymail.com'}, Persons{firstName='Lily', lastName='Cooper', address='489 Manchester St', city='Culver', zip='97451', phone='841-874-9845', email='lily@email.com'}, Persons{firstName='Sophia', lastName='Zemicks', address='892 Downing Ct', city='Culver', zip='97451', phone='841-874-7878', email='soph@email.com'}, Persons{firstName='Warren', lastName='Zemicks', address='892 Downing Ct', city='Culver', zip='97451', phone='841-874-7512', email='ward@email.com'}, Persons{firstName='Zach', lastName='Zemicks', address='892 Downing Ct', city='Culver', zip='97451', phone='841-874-7512', email='zarc@email.com'}, Persons{firstName='Reginold', lastName='Walker', address='908 73rd St', city='Culver', zip='97451', phone='841-874-8547', email='reg@email.com'}, Persons{firstName='Jamie', lastName='Peters', address='908 73rd St', city='Culver', zip='97451', phone='841-874-7462', email='jpeter@email.com'}, Persons{firstName='Ron', lastName='Peters', address='112 Steppes Pl', city='Culver', zip='97451', phone='841-874-8888', email='jpeter@email.com'}, Persons{firstName='Allison', lastName='Boyd', address='112 Steppes Pl', city='Culver', zip='97451', phone='841-874-9888', email='aly@imail.com'}, Persons{firstName='Brian', lastName='Stelzer', address='947 E. Rose Dr', city='Culver', zip='97451', phone='841-874-7784', email='bstel@email.com'}, Persons{firstName='Shawna', lastName='Stelzer', address='947 E. Rose Dr', city='Culver', zip='97451', phone='841-874-7784', email='ssanw@email.com'}, Persons{firstName='Kendrik', lastName='Stelzer', address='947 E. Rose Dr', city='Culver', zip='97451', phone='841-874-7784', email='bstel@email.com'}, Persons{firstName='Clive', lastName='Ferguson', address='748 Townings Dr', city='Culver', zip='97451', phone='841-874-6741', email='clivfd@ymail.com'}, Persons{firstName='Eric', lastName='Cadigan', address='951 LoneTree Rd', city='Culver', zip='97451', phone='841-874-7458', email='gramps@email.com'}]
2022-12-18 21:20:40 [http-nio-8082-exec-6] DEBUG c.o.n.s.SafetyNetService                           - The list of emails is created(before remove the duplicate): [jaboyd@email.com, drk@email.com, tenz@email.com, jaboyd@email.com, jaboyd@email.com, drk@email.com, tenz@email.com, jaboyd@email.com, jaboyd@email.com, tcoop@ymail.com, lily@email.com, soph@email.com, ward@email.com, zarc@email.com, reg@email.com, jpeter@email.com, jpeter@email.com, aly@imail.com, bstel@email.com, ssanw@email.com, bstel@email.com, clivfd@ymail.com, gramps@email.com]
2022-12-18 21:20:40 [http-nio-8082-exec-6] INFO  c.o.n.c.NewSafetyAlertController                   - Response status 200:
Request Method: <[GET]> /communityEmail
Request URL: http://localhost:8082/communityEmail?city=Culver&vscodeBrowserReqId=1671394840291
Content Type: null
Response Code: 200
Header Name: {"host": "localhost:8082", "connection": "keep-alive", "upgrade-insecure-requests": "1", "user-agent": "Mozilla/5.0 (Windows NT 10.0; Win64; x64) AppleWebKit/537.36 (KHTML, like Gecko) Code/1.74.1 Chrome/102.0.5005.167 Electron/19.1.8 Safari/537.36", "accept": "text/html,application/xhtml+xml,application/xml;q=0.9,image/avif,image/webp,image/apng,*/*;q=0.8,application/signed-exchange;v=b3;q=0.9", "sec-fetch-site": "cross-site", "sec-fetch-mode": "navigate", "sec-fetch-dest": "iframe", "accept-encoding": "gzip, deflate, br", "accept-language": "en-US"}
2022-12-18 21:20:48 [http-nio-8082-exec-7] DEBUG c.o.n.s.SafetyNetService                           - Request URL: http://localhost:8082/communityEmail?city=Culve&vscodeBrowserReqId=1671394847999
2022-12-18 21:20:48 [http-nio-8082-exec-7] DEBUG c.o.n.s.ObjetFromJson                              - Json iterator is created.
2022-12-18 21:20:48 [http-nio-8082-exec-7] DEBUG c.o.n.s.GetListsElementsJson                       - List persons is created.
2022-12-18 21:20:48 [http-nio-8082-exec-7] DEBUG c.o.n.s.SafetyNetService                           - The list of persons: [Persons{firstName='John', lastName='Boyd', address='1509 Culver St', city='Culver', zip='97451', phone='841-874-6512', email='jaboyd@email.com'}, Persons{firstName='Jacob', lastName='Boyd', address='1509 Culver St', city='Culver', zip='97451', phone='841-874-6513', email='drk@email.com'}, Persons{firstName='Tenley', lastName='Boyd', address='1509 Culver St', city='Culver', zip='97451', phone='841-874-6512', email='tenz@email.com'}, Persons{firstName='Roger', lastName='Boyd', address='1509 Culver St', city='Culver', zip='97451', phone='841-874-6512', email='jaboyd@email.com'}, Persons{firstName='Felicia', lastName='Boyd', address='1509 Culver St', city='Culver', zip='97451', phone='841-874-6544', email='jaboyd@email.com'}, Persons{firstName='Jonanathan', lastName='Marrack', address='29 15th St', city='Culver', zip='97451', phone='841-874-6513', email='drk@email.com'}, Persons{firstName='Tessa', lastName='Carman', address='834 Binoc Ave', city='Culver', zip='97451', phone='841-874-6512', email='tenz@email.com'}, Persons{firstName='Peter', lastName='Duncan', address='644 Gershwin Cir', city='Culver', zip='97451', phone='841-874-6512', email='jaboyd@email.com'}, Persons{firstName='Foster', lastName='Shepard', address='748 Townings Dr', city='Culver', zip='97451', phone='841-874-6544', email='jaboyd@email.com'}, Persons{firstName='Tony', lastName='Cooper', address='112 Steppes Pl', city='Culver', zip='97451', phone='841-874-6874', email='tcoop@ymail.com'}, Persons{firstName='Lily', lastName='Cooper', address='489 Manchester St', city='Culver', zip='97451', phone='841-874-9845', email='lily@email.com'}, Persons{firstName='Sophia', lastName='Zemicks', address='892 Downing Ct', city='Culver', zip='97451', phone='841-874-7878', email='soph@email.com'}, Persons{firstName='Warren', lastName='Zemicks', address='892 Downing Ct', city='Culver', zip='97451', phone='841-874-7512', email='ward@email.com'}, Persons{firstName='Zach', lastName='Zemicks', address='892 Downing Ct', city='Culver', zip='97451', phone='841-874-7512', email='zarc@email.com'}, Persons{firstName='Reginold', lastName='Walker', address='908 73rd St', city='Culver', zip='97451', phone='841-874-8547', email='reg@email.com'}, Persons{firstName='Jamie', lastName='Peters', address='908 73rd St', city='Culver', zip='97451', phone='841-874-7462', email='jpeter@email.com'}, Persons{firstName='Ron', lastName='Peters', address='112 Steppes Pl', city='Culver', zip='97451', phone='841-874-8888', email='jpeter@email.com'}, Persons{firstName='Allison', lastName='Boyd', address='112 Steppes Pl', city='Culver', zip='97451', phone='841-874-9888', email='aly@imail.com'}, Persons{firstName='Brian', lastName='Stelzer', address='947 E. Rose Dr', city='Culver', zip='97451', phone='841-874-7784', email='bstel@email.com'}, Persons{firstName='Shawna', lastName='Stelzer', address='947 E. Rose Dr', city='Culver', zip='97451', phone='841-874-7784', email='ssanw@email.com'}, Persons{firstName='Kendrik', lastName='Stelzer', address='947 E. Rose Dr', city='Culver', zip='97451', phone='841-874-7784', email='bstel@email.com'}, Persons{firstName='Clive', lastName='Ferguson', address='748 Townings Dr', city='Culver', zip='97451', phone='841-874-6741', email='clivfd@ymail.com'}, Persons{firstName='Eric', lastName='Cadigan', address='951 LoneTree Rd', city='Culver', zip='97451', phone='841-874-7458', email='gramps@email.com'}]
2022-12-18 21:20:48 [http-nio-8082-exec-7] DEBUG c.o.n.s.SafetyNetService                           - The list of emails is created(before remove the duplicate): []
2022-12-18 21:20:48 [http-nio-8082-exec-7] INFO  c.o.n.c.NewSafetyAlertController                   - No emails for this city. Response status 404:
Request Method: <[GET]> /communityEmail
Request URL: http://localhost:8082/communityEmail?city=Culve&vscodeBrowserReqId=1671394847999
Content Type: null
Response Code: 404
Header Name: {"host": "localhost:8082", "connection": "keep-alive", "upgrade-insecure-requests": "1", "user-agent": "Mozilla/5.0 (Windows NT 10.0; Win64; x64) AppleWebKit/537.36 (KHTML, like Gecko) Code/1.74.1 Chrome/102.0.5005.167 Electron/19.1.8 Safari/537.36", "accept": "text/html,application/xhtml+xml,application/xml;q=0.9,image/avif,image/webp,image/apng,*/*;q=0.8,application/signed-exchange;v=b3;q=0.9", "sec-fetch-site": "cross-site", "sec-fetch-mode": "navigate", "sec-fetch-dest": "iframe", "accept-encoding": "gzip, deflate, br", "accept-language": "en-US"}
