2022-08-22 21:08:08 [main] INFO  c.o.n.NewSafetyNetApplicationTests                 - Starting NewSafetyNetApplicationTests using Java 17.0.3 on Claudiu-Dell with PID 23048 (started by kls_k in C:\WorkJavaVisualCode\new_safety_net)
2022-08-22 21:08:09 [main] DEBUG c.o.n.NewSafetyNetApplicationTests                 - Running with Spring Boot v3.0.0-SNAPSHOT, Spring v6.0.0-SNAPSHOT
2022-08-22 21:08:09 [main] INFO  c.o.n.NewSafetyNetApplicationTests                 - No active profile set, falling back to 1 default profile: "default"
2022-08-22 21:08:12 [main] INFO  c.o.n.NewSafetyNetApplicationTests                 - Started NewSafetyNetApplicationTests in 4.521 seconds (process running for 6.609)
2022-08-22 21:19:14 [main] INFO  c.o.n.NewSafetyNetApplicationTests                 - Starting NewSafetyNetApplicationTests using Java 17.0.3 on Claudiu-Dell with PID 17680 (started by kls_k in C:\WorkJavaVisualCode\new_safety_net)
2022-08-22 21:19:14 [main] DEBUG c.o.n.NewSafetyNetApplicationTests                 - Running with Spring Boot v3.0.0-SNAPSHOT, Spring v6.0.0-SNAPSHOT
2022-08-22 21:19:14 [main] INFO  c.o.n.NewSafetyNetApplicationTests                 - No active profile set, falling back to 1 default profile: "default"
2022-08-22 21:19:17 [main] INFO  c.o.n.NewSafetyNetApplicationTests                 - Started NewSafetyNetApplicationTests in 3.822 seconds (process running for 5.592)
2022-08-22 21:31:06 [main] INFO  c.o.n.NewSafetyNetApplicationTests                 - Starting NewSafetyNetApplicationTests using Java 17.0.3 on Claudiu-Dell with PID 5796 (started by kls_k in C:\WorkJavaVisualCode\new_safety_net)
2022-08-22 21:31:06 [main] DEBUG c.o.n.NewSafetyNetApplicationTests                 - Running with Spring Boot v3.0.0-SNAPSHOT, Spring v6.0.0-SNAPSHOT
2022-08-22 21:31:06 [main] INFO  c.o.n.NewSafetyNetApplicationTests                 - No active profile set, falling back to 1 default profile: "default"
2022-08-22 21:31:09 [main] INFO  c.o.n.NewSafetyNetApplicationTests                 - Started NewSafetyNetApplicationTests in 3.714 seconds (process running for 5.367)
2022-08-22 21:52:22 [main] INFO  c.o.n.NewSafetyNetApplicationTests                 - Starting NewSafetyNetApplicationTests using Java 17.0.3 on Claudiu-Dell with PID 9524 (started by kls_k in C:\WorkJavaVisualCode\new_safety_net)
2022-08-22 21:52:22 [main] DEBUG c.o.n.NewSafetyNetApplicationTests                 - Running with Spring Boot v3.0.0-SNAPSHOT, Spring v6.0.0-SNAPSHOT
2022-08-22 21:52:22 [main] INFO  c.o.n.NewSafetyNetApplicationTests                 - No active profile set, falling back to 1 default profile: "default"
2022-08-22 21:52:25 [main] INFO  c.o.n.NewSafetyNetApplicationTests                 - Started NewSafetyNetApplicationTests in 3.196 seconds (process running for 4.745)
2022-08-22 21:55:17 [main] INFO  c.o.n.NewSafetyNetApplicationTests                 - Starting NewSafetyNetApplicationTests using Java 17.0.3 on Claudiu-Dell with PID 7484 (started by kls_k in C:\WorkJavaVisualCode\new_safety_net)
2022-08-22 21:55:17 [main] DEBUG c.o.n.NewSafetyNetApplicationTests                 - Running with Spring Boot v3.0.0-SNAPSHOT, Spring v6.0.0-SNAPSHOT
2022-08-22 21:55:17 [main] INFO  c.o.n.NewSafetyNetApplicationTests                 - No active profile set, falling back to 1 default profile: "default"
2022-08-22 21:55:20 [main] INFO  c.o.n.NewSafetyNetApplicationTests                 - Started NewSafetyNetApplicationTests in 3.693 seconds (process running for 5.273)
2022-08-22 22:24:10 [main] INFO  c.o.n.NewSafetyNetApplicationTests                 - Starting NewSafetyNetApplicationTests using Java 17.0.3 on Claudiu-Dell with PID 25792 (started by kls_k in C:\WorkJavaVisualCode\new_safety_net)
2022-08-22 22:24:10 [main] DEBUG c.o.n.NewSafetyNetApplicationTests                 - Running with Spring Boot v3.0.0-SNAPSHOT, Spring v6.0.0-SNAPSHOT
2022-08-22 22:24:10 [main] INFO  c.o.n.NewSafetyNetApplicationTests                 - No active profile set, falling back to 1 default profile: "default"
2022-08-22 22:24:13 [main] INFO  c.o.n.NewSafetyNetApplicationTests                 - Started NewSafetyNetApplicationTests in 3.485 seconds (process running for 5.117)
2022-08-22 22:24:13 [main] DEBUG c.o.n.s.SafetyNetService                           - Json iterator is created.
2022-08-22 22:24:13 [main] DEBUG c.o.n.s.SafetyNetService                           - List persons is created.
2022-08-22 22:34:29 [main] INFO  c.o.n.NewSafetyNetApplicationTests                 - Starting NewSafetyNetApplicationTests using Java 17.0.3 on Claudiu-Dell with PID 16888 (started by kls_k in C:\WorkJavaVisualCode\new_safety_net)
2022-08-22 22:34:29 [main] DEBUG c.o.n.NewSafetyNetApplicationTests                 - Running with Spring Boot v3.0.0-SNAPSHOT, Spring v6.0.0-SNAPSHOT
2022-08-22 22:34:29 [main] INFO  c.o.n.NewSafetyNetApplicationTests                 - No active profile set, falling back to 1 default profile: "default"
2022-08-22 22:34:32 [main] INFO  c.o.n.NewSafetyNetApplicationTests                 - Started NewSafetyNetApplicationTests in 3.397 seconds (process running for 4.906)
2022-08-22 22:35:44 [main] INFO  c.o.n.NewSafetyNetApplicationTests                 - Starting NewSafetyNetApplicationTests using Java 17.0.3 on Claudiu-Dell with PID 13172 (started by kls_k in C:\WorkJavaVisualCode\new_safety_net)
2022-08-22 22:35:44 [main] DEBUG c.o.n.NewSafetyNetApplicationTests                 - Running with Spring Boot v3.0.0-SNAPSHOT, Spring v6.0.0-SNAPSHOT
2022-08-22 22:35:44 [main] INFO  c.o.n.NewSafetyNetApplicationTests                 - No active profile set, falling back to 1 default profile: "default"
2022-08-22 22:35:47 [main] INFO  c.o.n.NewSafetyNetApplicationTests                 - Started NewSafetyNetApplicationTests in 3.593 seconds (process running for 5.946)
2022-08-22 22:37:08 [main] INFO  c.o.n.NewSafetyNetApplicationTests                 - Starting NewSafetyNetApplicationTests using Java 17.0.3 on Claudiu-Dell with PID 9840 (started by kls_k in C:\WorkJavaVisualCode\new_safety_net)
2022-08-22 22:37:08 [main] DEBUG c.o.n.NewSafetyNetApplicationTests                 - Running with Spring Boot v3.0.0-SNAPSHOT, Spring v6.0.0-SNAPSHOT
2022-08-22 22:37:08 [main] INFO  c.o.n.NewSafetyNetApplicationTests                 - No active profile set, falling back to 1 default profile: "default"
2022-08-22 22:37:11 [main] INFO  c.o.n.NewSafetyNetApplicationTests                 - Started NewSafetyNetApplicationTests in 4.31 seconds (process running for 6.742)
2022-08-22 22:38:28 [main] INFO  c.o.n.NewSafetyNetApplicationTests                 - Starting NewSafetyNetApplicationTests using Java 17.0.3 on Claudiu-Dell with PID 2352 (started by kls_k in C:\WorkJavaVisualCode\new_safety_net)
2022-08-22 22:38:28 [main] DEBUG c.o.n.NewSafetyNetApplicationTests                 - Running with Spring Boot v3.0.0-SNAPSHOT, Spring v6.0.0-SNAPSHOT
2022-08-22 22:38:28 [main] INFO  c.o.n.NewSafetyNetApplicationTests                 - No active profile set, falling back to 1 default profile: "default"
2022-08-22 22:38:32 [main] INFO  c.o.n.NewSafetyNetApplicationTests                 - Started NewSafetyNetApplicationTests in 3.736 seconds (process running for 5.849)
