2023-02-11 14:56:23 [main] INFO  c.o.n.NewSafetyNetApplication                      - Starting NewSafetyNetApplication using Java 17.0.3.1 with PID 11076 (C:\Users\kls_k\OneDrive\Claudiu - hors connexion\WorkJavaVisualCode\new_safety_net\target\classes started by kls_k in C:\Users\kls_k\OneDrive\Claudiu - hors connexion\WorkJavaVisualCode\new_safety_net)
2023-02-11 23:27:19 [main] INFO  c.o.n.NewSafetyNetApplication                      - Starting NewSafetyNetApplication using Java 17.0.3.1 with PID 21224 (C:\Users\kls_k\OneDrive\Claudiu - hors connexion\WorkJavaVisualCode\new_safety_net\target\classes started by kls_k in C:\Users\kls_k\OneDrive\Claudiu - hors connexion\WorkJavaVisualCode\new_safety_net)
2023-02-11 23:27:19 [main] DEBUG c.o.n.NewSafetyNetApplication                      - Running with Spring Boot v3.0.2, Spring v6.0.4
2023-02-11 23:27:19 [main] INFO  c.o.n.NewSafetyNetApplication                      - No active profile set, falling back to 1 default profile: "default"
2023-02-11 23:27:22 [main] INFO  o.s.b.w.e.t.TomcatWebServer                        - Tomcat initialized with port(s): 8080 (http)
2023-02-11 23:27:24 [main] INFO  o.s.b.w.e.t.TomcatWebServer                        - Tomcat started on port(s): 8080 (http) with context path ''
2023-02-11 23:27:25 [main] INFO  c.o.n.NewSafetyNetApplication                      - Started NewSafetyNetApplication in 6.661 seconds (process running for 8.069)
2023-02-11 23:27:44 [http-nio-8080-exec-1] DEBUG c.o.n.s.ObjetFromJson                              - Json iterator is created.
2023-02-11 23:27:44 [http-nio-8080-exec-1] DEBUG c.o.n.s.GetListsElementsJson                       - List medicalrecords is created.
2023-02-11 23:27:44 [http-nio-8080-exec-1] INFO  c.o.n.c.NewSafetyAlertController                   - OK
Request Method: <[GET]> /medicalrecords
Request URL: http://localhost:8080/medicalrecords
Content Type: null
Response Code: 200
Header Name: {"user-agent": "PostmanRuntime/7.30.1", "accept": "*/*", "postman-token": "2a9e3a3c-a94c-4b4d-9df0-b89fcbaf35e8", "host": "localhost:8080", "accept-encoding": "gzip, deflate, br", "connection": "keep-alive"}
2023-02-11 23:28:56 [http-nio-8080-exec-7] DEBUG c.o.n.s.ObjetFromJson                              - Json iterator is created.
2023-02-11 23:28:56 [http-nio-8080-exec-7] DEBUG c.o.n.s.GetListsElementsJson                       - List persons is created.
2023-02-11 23:28:56 [http-nio-8080-exec-7] INFO  c.o.n.c.NewSafetyAlertController                   - OK
Request Method: <[GET]> /persons
Request URL: http://localhost:8080/persons
Content Type: null
Response Code: 200
Header Name: {"user-agent": "PostmanRuntime/7.30.1", "accept": "*/*", "postman-token": "17706604-d7ea-41bb-b60b-c057fb752c4a", "host": "localhost:8080", "accept-encoding": "gzip, deflate, br", "connection": "keep-alive"}
